2024-03-13 17:56:09,739 [INFO] Activator:176 - 


2024-03-13 17:56:09,801 [INFO] Activator:177 - !SESSION log4j initialized
2024-03-13 17:56:12,374 [INFO] LogOutputStream:77 - [STDOUT_REDIRECT] 
2024-03-13 17:56:13,596 [INFO] ApplicationProperties:184 - Using Application install path: C:\ST\STM32CubeIDE_1.14.0\STM32CubeIDE\plugins\com.st.stm32cube.common.mx_6.10.0.202311202037
2024-03-13 17:56:13,614 [INFO] DbMcusXml:78 - Set database path to: C:\ST\STM32CubeIDE_1.14.0\STM32CubeIDE\plugins\com.st.stm32cube.common.mx_6.10.0.202311202037\\db\/mcu/
2024-03-13 17:56:13,615 [INFO] ApiDb:274 - Set plugin database path to: C:\ST\STM32CubeIDE_1.14.0\STM32CubeIDE\plugins\com.st.stm32cube.common.mx_6.10.0.202311202037\\db\/plugins/boardmanager/
2024-03-13 17:56:13,617 [WARN] ApiDb:259 - Overriding images path with different value:  => C:\ST\STM32CubeIDE_1.14.0\STM32CubeIDE\plugins\com.st.stm32cube.common.mx_6.10.0.202311202037\\db\/plugins/mcufinder/images/
2024-03-13 17:56:13,631 [INFO] ApiDb:250 - Set database path to: C:\Users\jomcc\.stmcufinder\plugins\mcufinder//mcu/
2024-03-13 17:56:13,633 [INFO] DbMcusAds:125 - Set database path to: C:\Users\jomcc\.stmcufinder\plugins\mcufinder//mcu/
2024-03-13 17:56:13,636 [INFO] CrossReferenceDbSqlite:203 - Set database path to: C:\Users\jomcc\.stmcufinder\plugins\mcufinder//mcu/cs/
2024-03-13 17:56:13,728 [INFO] RulesReader:64 - Compatibility file has been processed (297 Rules)
2024-03-13 17:56:13,788 [INFO] DbMcusXml:78 - Set database path to: C:\ST\STM32CubeIDE_1.14.0\STM32CubeIDE\plugins\com.st.stm32cube.common.mx_6.10.0.202311202037\\db\/mcu/
2024-03-13 17:56:13,789 [INFO] ApiDb:274 - Set plugin database path to: C:\ST\STM32CubeIDE_1.14.0\STM32CubeIDE\plugins\com.st.stm32cube.common.mx_6.10.0.202311202037\\db\/plugins/boardmanager/
2024-03-13 17:56:13,791 [INFO] ApiDb:261 - Set plugin images path to: C:\ST\STM32CubeIDE_1.14.0\STM32CubeIDE\plugins\com.st.stm32cube.common.mx_6.10.0.202311202037\\db\/plugins/mcufinder/images/
2024-03-13 17:56:13,792 [WARN] DbFile:41 - Overriding database path with different value: C:\Users\jomcc\.stmcufinder\plugins\mcufinder/ => C:\Users\jomcc\.stmcufinder\plugins\mcufinder
2024-03-13 17:56:13,793 [INFO] ApiDb:250 - Set database path to: C:\Users\jomcc\.stmcufinder\plugins\mcufinder//mcu/
2024-03-13 17:56:13,794 [WARN] DbFile:41 - Overriding database path with different value: C:\Users\jomcc\.stmcufinder\plugins\mcufinder/ => C:\Users\jomcc\.stmcufinder\plugins\mcufinder
2024-03-13 17:56:13,795 [INFO] DbMcusAds:125 - Set database path to: C:\Users\jomcc\.stmcufinder\plugins\mcufinder//mcu/
2024-03-13 17:56:13,796 [WARN] DbFile:41 - Overriding database path with different value: C:\Users\jomcc\.stmcufinder\plugins\mcufinder/ => C:\Users\jomcc\.stmcufinder\plugins\mcufinder
2024-03-13 17:56:13,797 [WARN] DbFile:41 - Overriding database path with different value: C:\Users\jomcc\.stmcufinder\plugins\mcufinder/ => C:\Users\jomcc\.stmcufinder\plugins\mcufinder
2024-03-13 17:56:13,798 [INFO] CrossReferenceDbSqlite:203 - Set database path to: C:\Users\jomcc\.stmcufinder\plugins\mcufinder//mcu/cs/
2024-03-13 17:56:13,856 [INFO] MainPanel:264 - HeapMemory: 268435456
2024-03-13 17:56:13,905 [INFO] DbMcusXml:78 - Set database path to: C:\ST\STM32CubeIDE_1.14.0\STM32CubeIDE\plugins\com.st.stm32cube.common.mx_6.10.0.202311202037\\db\/mcu/
2024-03-13 17:56:13,907 [INFO] ApiDb:274 - Set plugin database path to: C:\ST\STM32CubeIDE_1.14.0\STM32CubeIDE\plugins\com.st.stm32cube.common.mx_6.10.0.202311202037\\db\/plugins/boardmanager/
2024-03-13 17:56:13,908 [INFO] ApiDb:261 - Set plugin images path to: C:\ST\STM32CubeIDE_1.14.0\STM32CubeIDE\plugins\com.st.stm32cube.common.mx_6.10.0.202311202037\\db\/plugins/mcufinder/images/
2024-03-13 17:56:13,909 [WARN] DbFile:41 - Overriding database path with different value: C:\Users\jomcc\.stmcufinder\plugins\mcufinder/ => C:\Users\jomcc\.stmcufinder\plugins\mcufinder
2024-03-13 17:56:13,910 [INFO] ApiDb:250 - Set database path to: C:\Users\jomcc\.stmcufinder\plugins\mcufinder//mcu/
2024-03-13 17:56:13,911 [WARN] DbFile:41 - Overriding database path with different value: C:\Users\jomcc\.stmcufinder\plugins\mcufinder/ => C:\Users\jomcc\.stmcufinder\plugins\mcufinder
2024-03-13 17:56:13,913 [INFO] DbMcusAds:125 - Set database path to: C:\Users\jomcc\.stmcufinder\plugins\mcufinder//mcu/
2024-03-13 17:56:13,914 [WARN] DbFile:41 - Overriding database path with different value: C:\Users\jomcc\.stmcufinder\plugins\mcufinder/ => C:\Users\jomcc\.stmcufinder\plugins\mcufinder
2024-03-13 17:56:13,915 [WARN] DbFile:41 - Overriding database path with different value: C:\Users\jomcc\.stmcufinder\plugins\mcufinder/ => C:\Users\jomcc\.stmcufinder\plugins\mcufinder
2024-03-13 17:56:13,916 [INFO] CrossReferenceDbSqlite:203 - Set database path to: C:\Users\jomcc\.stmcufinder\plugins\mcufinder//mcu/cs/
2024-03-13 17:56:13,932 [INFO] ApplicationProperties:184 - Using Application install path: C:\ST\STM32CubeIDE_1.14.0\STM32CubeIDE\plugins\com.st.stm32cube.common.mx_6.10.0.202311202037
2024-03-13 17:56:13,934 [INFO] PluginManage:196 - Search for loadable plugins [exclusion list=, ]
2024-03-13 17:56:13,936 [INFO] PluginManage:310 - Check plugin analytics
2024-03-13 17:56:14,076 [INFO] AnalyticsPlugin:253 - Accepted Software Licenses: 
2024-03-13 17:56:14,077 [INFO] AnalyticsPlugin:255 - Accepted CMSIS Pack Licenses: 
2024-03-13 17:56:14,079 [INFO] AnalyticsPlugin:257 - Accepted Firmware Licenses: 
2024-03-13 17:56:14,082 [INFO] PluginManage:359 - Loaded plugin analytics (category:tool,tabindex:-1)
2024-03-13 17:56:14,083 [INFO] PluginManage:310 - Check plugin cadmodel
2024-03-13 17:56:14,086 [INFO] CADModel:105 - Init CAD model plugin
2024-03-13 17:56:14,088 [INFO] PluginManage:359 - Loaded plugin cadmodel (category:power,tabindex:5)
2024-03-13 17:56:14,089 [INFO] PluginManage:310 - Check plugin clock
2024-03-13 17:56:14,095 [INFO] PluginManage:359 - Loaded plugin clock (category:base,tabindex:2)
2024-03-13 17:56:14,097 [INFO] PluginManage:310 - Check plugin ddr
2024-03-13 17:56:14,099 [INFO] PluginManage:359 - Loaded plugin ddr (category:tool,tabindex:6)
2024-03-13 17:56:14,101 [INFO] PluginManage:310 - Check plugin filemanager
2024-03-13 17:56:14,277 [INFO] PluginManage:359 - Loaded plugin filemanager (category:base,tabindex:10)
2024-03-13 17:56:14,278 [INFO] PluginManage:310 - Check plugin ipmanager
2024-03-13 17:56:14,286 [INFO] PluginManage:359 - Loaded plugin ipmanager (category:base,tabindex:5)
2024-03-13 17:56:14,287 [INFO] PluginManage:310 - Check plugin lpbam
2024-03-13 17:56:14,295 [INFO] PluginManage:359 - Loaded plugin lpbam (category:base,tabindex:0)
2024-03-13 17:56:14,297 [INFO] PluginManage:310 - Check plugin memorymap
2024-03-13 17:56:14,310 [INFO] PluginManage:359 - Loaded plugin memorymap (category:base,tabindex:4)
2024-03-13 17:56:14,311 [INFO] PluginManage:310 - Check plugin pinoutandconfiguration
2024-03-13 17:56:14,317 [INFO] PluginManage:359 - Loaded plugin pinoutandconfiguration (category:base,tabindex:1)
2024-03-13 17:56:14,318 [INFO] PluginManage:310 - Check plugin pinoutconfig
2024-03-13 17:56:14,390 [WARN] SupportedApi:132 - Cannot load RTOS API schema: s4s-elt-must-match.1: The content of 'definitions' must match (annotation?, (simpleType | complexType)?, (unique | key | keyref)*)). A problem was found starting at: attribute.
2024-03-13 17:56:14,497 [INFO] PluginManage:359 - Loaded plugin pinoutconfig (category:base,tabindex:0)
2024-03-13 17:56:14,498 [INFO] PluginManage:310 - Check plugin power
2024-03-13 17:56:14,508 [INFO] PluginManage:359 - Loaded plugin power (category:power,tabindex:4)
2024-03-13 17:56:14,510 [INFO] PluginManage:310 - Check plugin projectmanager
2024-03-13 17:56:14,524 [INFO] PluginManage:359 - Loaded plugin projectmanager (category:projectmanager,tabindex:3)
2024-03-13 17:56:14,525 [INFO] PluginManage:310 - Check plugin thirdparty
2024-03-13 17:56:14,642 [INFO] PluginManage:359 - Loaded plugin thirdparty (category:base,tabindex:-1)
2024-03-13 17:56:14,642 [WARN] IntegrityCheckThread:84 - waiting for thirdparty lock release [integrity check]
2024-03-13 17:56:14,643 [INFO] PluginManage:310 - Check plugin tools
2024-03-13 17:56:14,644 [INFO] IntegrityCheckThread:86 - entering critical section [integrity check]
2024-03-13 17:56:14,647 [INFO] ThirdPartyUpdaterWithRetryManager:70 - Updater plugin not ready yet. [1/15]
2024-03-13 17:56:14,647 [INFO] PluginManage:359 - Loaded plugin tools (category:base,tabindex:7)
2024-03-13 17:56:14,649 [INFO] PluginManage:310 - Check plugin tutovideos
2024-03-13 17:56:14,789 [INFO] PluginManage:359 - Loaded plugin tutovideos (category:base,tabindex:-1)
2024-03-13 17:56:14,790 [INFO] PluginManage:310 - Check plugin updater
2024-03-13 17:56:14,800 [INFO] PluginManage:359 - Loaded plugin updater (category:base,tabindex:12)
2024-03-13 17:56:14,801 [INFO] PluginManage:310 - Check plugin userauth
2024-03-13 17:56:14,806 [INFO] UserAuth:114 - Init User Auth plugin
2024-03-13 17:56:14,807 [INFO] PluginManage:359 - Loaded plugin userauth (category:base,tabindex:14)
2024-03-13 17:56:14,809 [INFO] PluginManage:283 - PluginManage : Loaded plugins [17]
2024-03-13 17:56:14,979 [INFO] PinOutPanel:1499 - setPackage(No Configuration,No Configuration)
2024-03-13 17:56:15,035 [INFO] CADModel:165 - CPN selected for project level
2024-03-13 17:56:15,037 [INFO] CADModel:114 - Register for checkConnection events
2024-03-13 17:56:15,049 [INFO] IPUIPlugin:80 - create IPUIPlugin
2024-03-13 17:56:15,050 [INFO] PluginManager:220 - loadIPPluginJar : add adc
2024-03-13 17:56:15,053 [INFO] IPUIPlugin:80 - create IPUIPlugin
2024-03-13 17:56:15,054 [INFO] PluginManager:220 - loadIPPluginJar : add aes
2024-03-13 17:56:15,057 [INFO] IPUIPlugin:80 - create IPUIPlugin
2024-03-13 17:56:15,058 [INFO] PluginManager:220 - loadIPPluginJar : add can
2024-03-13 17:56:15,061 [INFO] IPUIPlugin:80 - create IPUIPlugin
2024-03-13 17:56:15,062 [INFO] PluginManager:220 - loadIPPluginJar : add comp
2024-03-13 17:56:15,064 [INFO] IPUIPlugin:80 - create IPUIPlugin
2024-03-13 17:56:15,066 [INFO] PluginManager:220 - loadIPPluginJar : add cryp
2024-03-13 17:56:15,068 [INFO] IPUIPlugin:80 - create IPUIPlugin
2024-03-13 17:56:15,069 [INFO] PluginManager:220 - loadIPPluginJar : add dfsdm
2024-03-13 17:56:15,081 [INFO] IPUIPlugin:80 - create IPUIPlugin
2024-03-13 17:56:15,082 [INFO] PluginManager:220 - loadIPPluginJar : add dma
2024-03-13 17:56:15,086 [INFO] IPUIPlugin:80 - create IPUIPlugin
2024-03-13 17:56:15,088 [INFO] PluginManager:220 - loadIPPluginJar : add dma3
2024-03-13 17:56:15,090 [INFO] IPUIPlugin:80 - create IPUIPlugin
2024-03-13 17:56:15,092 [INFO] PluginManager:220 - loadIPPluginJar : add fatfs
2024-03-13 17:56:15,097 [INFO] IPUIPlugin:80 - create IPUIPlugin
2024-03-13 17:56:15,098 [INFO] PluginManager:220 - loadIPPluginJar : add fmc
2024-03-13 17:56:15,103 [INFO] IPUIPlugin:80 - create IPUIPlugin
2024-03-13 17:56:15,104 [INFO] PluginManager:220 - loadIPPluginJar : add freertos
2024-03-13 17:56:15,106 [INFO] IPUIPlugin:80 - create IPUIPlugin
2024-03-13 17:56:15,107 [INFO] PluginManager:220 - loadIPPluginJar : add genericplugin
2024-03-13 17:56:15,110 [INFO] IPUIPlugin:80 - create IPUIPlugin
2024-03-13 17:56:15,111 [INFO] PluginManager:220 - loadIPPluginJar : add gfxmmu
2024-03-13 17:56:15,121 [INFO] IPUIPlugin:80 - create IPUIPlugin
2024-03-13 17:56:15,122 [INFO] PluginManager:220 - loadIPPluginJar : add gic
2024-03-13 17:56:15,128 [INFO] IPUIPlugin:80 - create IPUIPlugin
2024-03-13 17:56:15,129 [INFO] PluginManager:220 - loadIPPluginJar : add gpio
2024-03-13 17:56:15,133 [INFO] IPUIPlugin:80 - create IPUIPlugin
2024-03-13 17:56:15,134 [INFO] PluginManager:220 - loadIPPluginJar : add gtzc
2024-03-13 17:56:15,137 [INFO] IPUIPlugin:80 - create IPUIPlugin
2024-03-13 17:56:15,138 [INFO] PluginManager:220 - loadIPPluginJar : add hash
2024-03-13 17:56:15,141 [INFO] IPUIPlugin:80 - create IPUIPlugin
2024-03-13 17:56:15,142 [INFO] PluginManager:220 - loadIPPluginJar : add i2c
2024-03-13 17:56:15,145 [INFO] IPUIPlugin:80 - create IPUIPlugin
2024-03-13 17:56:15,147 [INFO] PluginManager:220 - loadIPPluginJar : add i2s
2024-03-13 17:56:15,150 [INFO] IPUIPlugin:80 - create IPUIPlugin
2024-03-13 17:56:15,151 [INFO] PluginManager:220 - loadIPPluginJar : add i3c
2024-03-13 17:56:15,154 [INFO] IPUIPlugin:80 - create IPUIPlugin
2024-03-13 17:56:15,155 [INFO] PluginManager:220 - loadIPPluginJar : add ipddr
2024-03-13 17:56:15,161 [INFO] IPUIPlugin:80 - create IPUIPlugin
2024-03-13 17:56:15,162 [INFO] PluginManager:220 - loadIPPluginJar : add linkedlist
2024-03-13 17:56:15,165 [INFO] IPUIPlugin:80 - create IPUIPlugin
2024-03-13 17:56:15,166 [INFO] PluginManager:220 - loadIPPluginJar : add lorawan
2024-03-13 17:56:15,168 [INFO] IPUIPlugin:80 - create IPUIPlugin
2024-03-13 17:56:15,169 [INFO] PluginManager:220 - loadIPPluginJar : add ltdc
2024-03-13 17:56:15,174 [INFO] IPUIPlugin:80 - create IPUIPlugin
2024-03-13 17:56:15,175 [INFO] PluginManager:220 - loadIPPluginJar : add mdma
2024-03-13 17:56:15,179 [INFO] IPUIPlugin:80 - create IPUIPlugin
2024-03-13 17:56:15,180 [INFO] PluginManager:220 - loadIPPluginJar : add nvic
2024-03-13 17:56:15,182 [INFO] IPUIPlugin:80 - create IPUIPlugin
2024-03-13 17:56:15,184 [INFO] PluginManager:220 - loadIPPluginJar : add opamp
2024-03-13 17:56:15,187 [INFO] IPUIPlugin:80 - create IPUIPlugin
2024-03-13 17:56:15,188 [INFO] PluginManager:220 - loadIPPluginJar : add openamp
2024-03-13 17:56:15,191 [INFO] IPUIPlugin:80 - create IPUIPlugin
2024-03-13 17:56:15,193 [INFO] PluginManager:220 - loadIPPluginJar : add pdm2pcm
2024-03-13 17:56:15,198 [INFO] IPUIPlugin:80 - create IPUIPlugin
2024-03-13 17:56:15,201 [INFO] PluginManager:220 - loadIPPluginJar : add plateformsettings
2024-03-13 17:56:15,203 [INFO] IPUIPlugin:80 - create IPUIPlugin
2024-03-13 17:56:15,204 [INFO] PluginManager:220 - loadIPPluginJar : add quadspi
2024-03-13 17:56:15,207 [INFO] IPUIPlugin:80 - create IPUIPlugin
2024-03-13 17:56:15,208 [INFO] PluginManager:220 - loadIPPluginJar : add resmgrutility
2024-03-13 17:56:15,211 [INFO] IPUIPlugin:80 - create IPUIPlugin
2024-03-13 17:56:15,212 [INFO] PluginManager:220 - loadIPPluginJar : add sai
2024-03-13 17:56:15,214 [INFO] IPUIPlugin:80 - create IPUIPlugin
2024-03-13 17:56:15,216 [INFO] PluginManager:220 - loadIPPluginJar : add spi
2024-03-13 17:56:15,220 [INFO] IPUIPlugin:80 - create IPUIPlugin
2024-03-13 17:56:15,221 [INFO] PluginManager:220 - loadIPPluginJar : add stm32_wpan
2024-03-13 17:56:15,226 [INFO] IPUIPlugin:80 - create IPUIPlugin
2024-03-13 17:56:15,227 [INFO] PluginManager:220 - loadIPPluginJar : add tim
2024-03-13 17:56:15,233 [INFO] IPUIPlugin:80 - create IPUIPlugin
2024-03-13 17:56:15,235 [INFO] PluginManager:220 - loadIPPluginJar : add touchsensing
2024-03-13 17:56:15,240 [INFO] IPUIPlugin:80 - create IPUIPlugin
2024-03-13 17:56:15,241 [INFO] PluginManager:220 - loadIPPluginJar : add tracer_emb
2024-03-13 17:56:15,245 [INFO] IPUIPlugin:80 - create IPUIPlugin
2024-03-13 17:56:15,247 [INFO] PluginManager:220 - loadIPPluginJar : add ts
2024-03-13 17:56:15,250 [INFO] IPUIPlugin:80 - create IPUIPlugin
2024-03-13 17:56:15,251 [INFO] PluginManager:220 - loadIPPluginJar : add tsc
2024-03-13 17:56:15,255 [INFO] IPUIPlugin:80 - create IPUIPlugin
2024-03-13 17:56:15,256 [INFO] PluginManager:220 - loadIPPluginJar : add ucpd
2024-03-13 17:56:15,263 [INFO] IPUIPlugin:80 - create IPUIPlugin
2024-03-13 17:56:15,264 [INFO] PluginManager:220 - loadIPPluginJar : add usart
2024-03-13 17:56:15,267 [INFO] IPUIPlugin:80 - create IPUIPlugin
2024-03-13 17:56:15,268 [INFO] PluginManager:220 - loadIPPluginJar : add usbx
2024-03-13 17:56:15,413 [INFO] CADModel:165 - CPN selected for project level
2024-03-13 17:56:15,415 [INFO] CADModel:114 - Register for checkConnection events
2024-03-13 17:56:15,417 [FATAL] Updater:308 - Updater called before beeing initialized
2024-03-13 17:56:15,420 [ERROR] CADModel:125 - Updater not yet initialized, retry later 
2024-03-13 17:56:15,554 [INFO] CADModel:165 - CPN selected for project level
2024-03-13 17:56:15,555 [INFO] CADModel:114 - Register for checkConnection events
2024-03-13 17:56:15,556 [FATAL] Updater:308 - Updater called before beeing initialized
2024-03-13 17:56:15,557 [ERROR] CADModel:125 - Updater not yet initialized, retry later 
2024-03-13 17:56:15,561 [FATAL] Updater:308 - Updater called before beeing initialized
2024-03-13 17:56:15,644 [FATAL] Updater:308 - Updater called before beeing initialized
2024-03-13 17:56:15,652 [INFO] DbMcusAds:53 - JSON generation date=Wed Nov 29 05:52:27 EST 2023 (1701255147349)
2024-03-13 17:56:15,653 [FATAL] Updater:308 - Updater called before beeing initialized
2024-03-13 17:56:15,683 [WARN] DetailPanel:346 - Failed to get advertising image, set to default
2024-03-13 17:56:15,760 [FATAL] Updater:308 - Updater called before beeing initialized
2024-03-13 17:56:15,763 [FATAL] Updater:308 - Updater called before beeing initialized
2024-03-13 17:56:15,764 [FATAL] Updater:308 - Updater called before beeing initialized
2024-03-13 17:56:15,765 [WARN] DetailPanel:346 - Failed to get advertising image, set to default
2024-03-13 17:56:15,767 [FATAL] Updater:308 - Updater called before beeing initialized
2024-03-13 17:56:15,805 [ERROR] Updater:1120 - MainUpdater not yet initialized. External WinMGr cannot be set.
2024-03-13 17:56:15,807 [INFO] Updater:1056 - Updater Version found : 6.10.0
2024-03-13 17:56:15,820 [INFO] ApplicationProperties:184 - Using Application install path: C:\ST\STM32CubeIDE_1.14.0\STM32CubeIDE\plugins\com.st.stm32cube.common.mx_6.10.0.202311202037
2024-03-13 17:56:17,401 [ERROR] LogOutputStream:75 - [STDERR_REDIRECT] Mar 13, 2024 5:56:17 PM java.util.prefs.WindowsPreferences <init>
2024-03-13 17:56:17,404 [ERROR] LogOutputStream:75 - [STDERR_REDIRECT] WARNING: Could not open/create prefs root node Software\JavaSoft\Prefs at root 0xffffffff80000002. Windows RegCreateKeyEx(...) returned error code 5.
2024-03-13 17:56:17,405 [ERROR] LogOutputStream:75 - [STDERR_REDIRECT] 
2024-03-13 17:56:17,648 [INFO] ThirdPartyUpdaterWithRetryManager:70 - Updater plugin not ready yet. [2/15]
2024-03-13 17:56:17,670 [INFO] MainUpdater:2873 - connection check result : 10
2024-03-13 17:56:17,672 [INFO] MainUpdater:290 - Updater Check For Update Now.
2024-03-13 17:56:17,673 [INFO] MicroXplorer:498 - Change Database Version : DB.6.0.100
2024-03-13 17:56:17,679 [INFO] McuFinderGlobals:63 - Set McuFinder mode to 2 (CubeIDE integrated)
2024-03-13 17:56:17,684 [INFO] UserAuth:180 - activating auth plugin
2024-03-13 17:56:17,687 [INFO] UserAuth:404 - Internet connection configuration mode: 1
2024-03-13 17:56:17,710 [INFO] JxBrowserEngine:152 - Initiate JxBrowser Engine with user profile folder
2024-03-13 17:56:17,853 [INFO] CheckServerUpdateThread:120 - End of CheckServer Thread
2024-03-13 17:56:19,817 [INFO] WebApp:161 - Instantiating new browser for Auth
2024-03-13 17:56:20,302 [INFO] WebApp:780 - Register for checkConnection events
2024-03-13 17:56:20,304 [INFO] WebApp:414 - Apply proxy settings
2024-03-13 17:56:20,305 [INFO] WebApp:499 - Chromium requires no authentication
2024-03-13 17:56:20,314 [INFO] WebApp:442 - Direct internet connection detected
2024-03-13 17:56:20,446 [INFO] WebApp:192 - Starting web application
2024-03-13 17:56:20,447 [INFO] WebApp:544 - Web application path used C:\ST\STM32CubeIDE_1.14.0\STM32CubeIDE\plugins\com.st.stm32cube.common.mx_6.10.0.202311202037\db\plugins\mcufinder\reactClient1\index.html
2024-03-13 17:56:20,798 [WARN] PackLoader:240 - Cannot read IP mode file for STMicroelectronics.X-CUBE-SMBUS.2.1.0
2024-03-13 17:56:20,815 [WARN] PackLoader:240 - Cannot read IP mode file for STMicroelectronics.X-CUBE-TOUCHGFX.4.23.0
2024-03-13 17:56:20,867 [WARN] PackLoader:240 - Cannot read IP mode file for STMicroelectronics.X-CUBE-AZRTOS-F7.1.1.0
2024-03-13 17:56:20,901 [WARN] PackLoader:240 - Cannot read IP mode file for STMicroelectronics.FP-SNS-MOTENV1.4.3.2
2024-03-13 17:56:20,921 [WARN] PackLoader:240 - Cannot read IP mode file for STMicroelectronics.FP-SNS-FLIGHT1.5.0.2
2024-03-13 17:56:20,938 [WARN] PackLoader:240 - Cannot read IP mode file for STMicroelectronics.X-CUBE-DISPLAY.3.0.0
2024-03-13 17:56:20,959 [WARN] PackLoader:240 - Cannot read IP mode file for STMicroelectronics.X-CUBE-BLE1.7.0.0
2024-03-13 17:56:20,974 [WARN] PackLoader:240 - Cannot read IP mode file for emotas.I-CUBE-CANOPEN.1.3.0
2024-03-13 17:56:20,994 [WARN] PackLoader:240 - Cannot read IP mode file for STMicroelectronics.X-CUBE-BLEMGR.3.1.0
2024-03-13 17:56:21,007 [WARN] PackLoader:240 - Cannot read IP mode file for STMicroelectronics.FP-SNS-SMARTAG2.1.2.0
2024-03-13 17:56:21,024 [INFO] LogOutputStream:77 - [STDOUT_REDIRECT] 1 : Invalid condition id : UX_CORESTACK_Condition cause : null
2024-03-13 17:56:21,026 [INFO] LogOutputStream:77 - [STDOUT_REDIRECT] 1 : Invalid condition id : UX_CORESTACK_Condition cause : null
2024-03-13 17:56:21,028 [INFO] LogOutputStream:77 - [STDOUT_REDIRECT] 1 : Invalid condition id : UX_CORESTACK_Condition cause : null
2024-03-13 17:56:21,030 [INFO] LogOutputStream:77 - [STDOUT_REDIRECT] 1 : Invalid condition id : UX_CORESTACK_Condition cause : null
2024-03-13 17:56:21,032 [INFO] LogOutputStream:77 - [STDOUT_REDIRECT] 1 : Invalid condition id : UX_CORESTACK_Condition cause : null
2024-03-13 17:56:21,036 [WARN] PackLoader:240 - Cannot read IP mode file for STMicroelectronics.X-CUBE-AZRTOS-WL.2.0.0
2024-03-13 17:56:21,049 [WARN] PackLoader:240 - Cannot read IP mode file for WES.I-CUBE-Cesium.1.3.0
2024-03-13 17:56:21,060 [WARN] PackLoader:240 - Cannot read IP mode file for STMicroelectronics.X-CUBE-BLE2.3.3.0
2024-03-13 17:56:21,072 [WARN] PackLoader:240 - Cannot read IP mode file for STMicroelectronics.X-CUBE-ALGOBUILD.1.3.0
2024-03-13 17:56:21,093 [WARN] PackLoader:240 - Cannot read IP mode file for STMicroelectronics.X-CUBE-AZRTOS-G0.1.1.0
2024-03-13 17:56:21,106 [WARN] PackLoader:240 - Cannot read IP mode file for STMicroelectronics.X-CUBE-NFC4.3.0.0
2024-03-13 17:56:21,120 [WARN] PackLoader:240 - Cannot read IP mode file for STMicroelectronics.X-CUBE-BLEMGR.3.0.0
2024-03-13 17:56:21,132 [WARN] PackLoader:240 - Cannot read IP mode file for STMicroelectronics.FP-ATR-SIGFOX1.3.2.0
2024-03-13 17:56:21,143 [WARN] PackLoader:240 - Cannot read IP mode file for STMicroelectronics.X-CUBE-EEPRMA1.5.1.0
2024-03-13 17:56:21,174 [WARN] PackLoader:240 - Cannot read IP mode file for SEGGER.I-CUBE-embOS.1.3.1
2024-03-13 17:56:21,218 [WARN] PackLoader:240 - Cannot read IP mode file for STMicroelectronics.X-CUBE-GNSS1.6.0.0
2024-03-13 17:56:21,239 [WARN] PackLoader:240 - Cannot read IP mode file for STMicroelectronics.X-CUBE-AZRTOS-F4.1.1.0
2024-03-13 17:56:21,251 [WARN] PackLoader:240 - Cannot read IP mode file for wolfSSL.I-CUBE-wolfSSL.5.6.6
2024-03-13 17:56:21,271 [WARN] PackLoader:240 - Cannot read IP mode file for STMicroelectronics.X-CUBE-AZRTOS-L5.2.0.0
2024-03-13 17:56:21,283 [WARN] PackLoader:240 - Cannot read IP mode file for ITTIA_DB.I-CUBE-ITTIADB.8.8.0
2024-03-13 17:56:21,293 [WARN] PackLoader:240 - Cannot read IP mode file for STMicroelectronics.X-CUBE-NFC7.1.0.1
2024-03-13 17:56:21,306 [WARN] PackLoader:240 - Cannot read IP mode file for STMicroelectronics.X-CUBE-NFC6.3.0.0
2024-03-13 17:56:21,316 [WARN] PackLoader:240 - Cannot read IP mode file for STMicroelectronics.X-CUBE-AI.8.1.0
2024-03-13 17:56:21,339 [WARN] ConditionMgr:438 - getConditionDescription Invalid condition id : LAN8742 Phy interface Condition cause : null
2024-03-13 17:56:21,341 [WARN] PackLoader:240 - Cannot read IP mode file for STMicroelectronics.X-CUBE-AZRTOS-L4.2.0.0
2024-03-13 17:56:21,343 [WARN] ConditionMgr:1039 - genDependencies : Invalid condition id : LAN8742 Phy interface Condition cause : null
2024-03-13 17:56:21,344 [WARN] ConditionMgr:1039 - genDependencies : Invalid condition id : LAN8742 Phy interface Condition cause : null
2024-03-13 17:56:21,346 [WARN] ConditionMgr:1039 - genDependencies : Invalid condition id : LAN8742 Phy interface Condition cause : null
2024-03-13 17:56:21,358 [WARN] PackLoader:240 - Cannot read IP mode file for STMicroelectronics.X-CUBE-SFXS2LP1.4.0.0
2024-03-13 17:56:21,376 [WARN] ConditionMgr:438 - getConditionDescription Invalid condition id : UX DEVICE CLASS RTOS Condition cause : null
2024-03-13 17:56:21,377 [WARN] ConditionMgr:438 - getConditionDescription Invalid condition id : UX DEVICE CLASS RTOS Condition cause : null
2024-03-13 17:56:21,380 [WARN] PackLoader:240 - Cannot read IP mode file for STMicroelectronics.X-CUBE-AZRTOS-WB.2.0.0
2024-03-13 17:56:21,381 [WARN] ConditionMgr:1039 - genDependencies : Invalid condition id : UX DEVICE CLASS RTOS Condition cause : null
2024-03-13 17:56:21,382 [WARN] ConditionMgr:1039 - genDependencies : Invalid condition id : UX DEVICE CLASS RTOS Condition cause : null
2024-03-13 17:56:21,384 [WARN] ConditionMgr:1039 - genDependencies : Invalid condition id : UX DEVICE CLASS RTOS Condition cause : null
2024-03-13 17:56:21,385 [WARN] ConditionMgr:1039 - genDependencies : Invalid condition id : UX DEVICE CLASS RTOS Condition cause : null
2024-03-13 17:56:21,386 [WARN] ConditionMgr:1039 - genDependencies : Invalid condition id : UX DEVICE CLASS RTOS Condition cause : null
2024-03-13 17:56:21,401 [WARN] PackLoader:240 - Cannot read IP mode file for STMicroelectronics.X-CUBE-SUBG2.5.0.0
2024-03-13 17:56:21,423 [WARN] PackLoader:240 - Cannot read IP mode file for STMicroelectronics.X-CUBE-AZRTOS-G4.2.0.0
2024-03-13 17:56:21,440 [WARN] PackLoader:240 - Cannot read IP mode file for Infineon.AIROC-Wi-Fi-Bluetooth-STM32.1.5.1
2024-03-13 17:56:21,452 [WARN] PackLoader:240 - Cannot read IP mode file for STMicroelectronics.FP-SNS-MOTENVWB1.1.3.1
2024-03-13 17:56:21,463 [WARN] PackLoader:240 - Cannot read IP mode file for STMicroelectronics.X-CUBE-ISPU.2.0.0
2024-03-13 17:56:21,497 [WARN] PackLoader:240 - Cannot read IP mode file for STMicroelectronics.X-CUBE-MEMS1.10.0.0
2024-03-13 17:56:21,586 [WARN] PackLoader:240 - Cannot read IP mode file for STMicroelectronics.X-CUBE-FREERTOS.1.1.0
2024-03-13 17:56:21,597 [WARN] PackLoader:240 - Cannot read IP mode file for portGmbH.I-Cube-SoM-uGOAL.1.1.0
2024-03-13 17:56:21,607 [WARN] PackLoader:240 - Cannot read IP mode file for STMicroelectronics.X-CUBE-ALS.1.0.1
2024-03-13 17:56:21,616 [WARN] PackLoader:240 - Cannot read IP mode file for STMicroelectronics.FP-ATR-ASTRA1.2.0.0
2024-03-13 17:56:21,632 [WARN] PackLoader:240 - Cannot read IP mode file for STMicroelectronics.X-CUBE-TOF1.3.4.0
2024-03-13 17:56:21,653 [WARN] PackLoader:240 - Cannot read IP mode file for STMicroelectronics.X-CUBE-TOF1.3.4.1
2024-03-13 17:56:21,682 [WARN] PackLoader:240 - Cannot read IP mode file for STMicroelectronics.X-CUBE-AZRTOS-H7.3.2.0
2024-03-13 17:56:21,685 [INFO] ThirdParty:978 - Integrity check success = true
2024-03-13 17:56:21,686 [INFO] IntegrityCheckThread:100 - exiting critical section [integrity check]
2024-03-13 17:56:21,687 [INFO] IntegrityCheckThread:103 - End integrity checks thread
2024-03-13 17:56:41,012 [ERROR] LogOutputStream:75 - [STDERR_REDIRECT] SLF4J: Failed to load class "org.slf4j.impl.StaticLoggerBinder".
2024-03-13 17:56:41,015 [ERROR] LogOutputStream:75 - [STDERR_REDIRECT] SLF4J: Defaulting to no-operation (NOP) logger implementation
2024-03-13 17:56:41,017 [ERROR] LogOutputStream:75 - [STDERR_REDIRECT] SLF4J: See http://www.slf4j.org/codes.html#StaticLoggerBinder for further details.
2024-03-13 17:57:14,207 [ERROR] LogOutputStream:75 - [STDERR_REDIRECT] 
