2024-03-06 18:10:16,830 [INFO] Activator:176 - 


2024-03-06 18:10:16,845 [INFO] Activator:177 - !SESSION log4j initialized
2024-03-06 18:10:18,758 [INFO] LogOutputStream:77 - [STDOUT_REDIRECT] 
2024-03-06 18:10:20,422 [INFO] ApplicationProperties:184 - Using Application install path: C:\ST\STM32CubeIDE_1.14.0\STM32CubeIDE\plugins\com.st.stm32cube.common.mx_6.10.0.202311202037
2024-03-06 18:10:20,438 [INFO] DbMcusXml:78 - Set database path to: C:\ST\STM32CubeIDE_1.14.0\STM32CubeIDE\plugins\com.st.stm32cube.common.mx_6.10.0.202311202037\\db\/mcu/
2024-03-06 18:10:20,440 [INFO] ApiDb:274 - Set plugin database path to: C:\ST\STM32CubeIDE_1.14.0\STM32CubeIDE\plugins\com.st.stm32cube.common.mx_6.10.0.202311202037\\db\/plugins/boardmanager/
2024-03-06 18:10:20,442 [WARN] ApiDb:259 - Overriding images path with different value:  => C:\ST\STM32CubeIDE_1.14.0\STM32CubeIDE\plugins\com.st.stm32cube.common.mx_6.10.0.202311202037\\db\/plugins/mcufinder/images/
2024-03-06 18:10:21,762 [WARN] ApiFinderProperties:113 - C:\Users\jomcc\.stmcufinder\plugins\mcufinder\mcu\mcuFinder.mfd doesn't exist
2024-03-06 18:10:21,971 [INFO] ApiDb:250 - Set database path to: C:\Users\jomcc\.stmcufinder\plugins\mcufinder//mcu/
2024-03-06 18:10:21,974 [INFO] DbMcusAds:125 - Set database path to: C:\Users\jomcc\.stmcufinder\plugins\mcufinder//mcu/
2024-03-06 18:10:21,989 [INFO] CrossReferenceDbSqlite:203 - Set database path to: C:\Users\jomcc\.stmcufinder\plugins\mcufinder//mcu/cs/
2024-03-06 18:10:22,077 [INFO] RulesReader:64 - Compatibility file has been processed (297 Rules)
2024-03-06 18:10:22,273 [INFO] DbMcusXml:78 - Set database path to: C:\ST\STM32CubeIDE_1.14.0\STM32CubeIDE\plugins\com.st.stm32cube.common.mx_6.10.0.202311202037\\db\/mcu/
2024-03-06 18:10:22,275 [INFO] ApiDb:274 - Set plugin database path to: C:\ST\STM32CubeIDE_1.14.0\STM32CubeIDE\plugins\com.st.stm32cube.common.mx_6.10.0.202311202037\\db\/plugins/boardmanager/
2024-03-06 18:10:22,276 [INFO] ApiDb:261 - Set plugin images path to: C:\ST\STM32CubeIDE_1.14.0\STM32CubeIDE\plugins\com.st.stm32cube.common.mx_6.10.0.202311202037\\db\/plugins/mcufinder/images/
2024-03-06 18:10:22,278 [WARN] DbFile:41 - Overriding database path with different value: C:\Users\jomcc\.stmcufinder\plugins\mcufinder/ => C:\Users\jomcc\.stmcufinder\plugins\mcufinder
2024-03-06 18:10:22,279 [INFO] ApiDb:250 - Set database path to: C:\Users\jomcc\.stmcufinder\plugins\mcufinder//mcu/
2024-03-06 18:10:22,281 [WARN] DbFile:41 - Overriding database path with different value: C:\Users\jomcc\.stmcufinder\plugins\mcufinder/ => C:\Users\jomcc\.stmcufinder\plugins\mcufinder
2024-03-06 18:10:22,282 [INFO] DbMcusAds:125 - Set database path to: C:\Users\jomcc\.stmcufinder\plugins\mcufinder//mcu/
2024-03-06 18:10:22,284 [WARN] DbFile:41 - Overriding database path with different value: C:\Users\jomcc\.stmcufinder\plugins\mcufinder/ => C:\Users\jomcc\.stmcufinder\plugins\mcufinder
2024-03-06 18:10:22,285 [WARN] DbFile:41 - Overriding database path with different value: C:\Users\jomcc\.stmcufinder\plugins\mcufinder/ => C:\Users\jomcc\.stmcufinder\plugins\mcufinder
2024-03-06 18:10:22,287 [INFO] CrossReferenceDbSqlite:203 - Set database path to: C:\Users\jomcc\.stmcufinder\plugins\mcufinder//mcu/cs/
2024-03-06 18:10:22,354 [INFO] MainPanel:264 - HeapMemory: 268435456
2024-03-06 18:10:22,404 [INFO] DbMcusXml:78 - Set database path to: C:\ST\STM32CubeIDE_1.14.0\STM32CubeIDE\plugins\com.st.stm32cube.common.mx_6.10.0.202311202037\\db\/mcu/
2024-03-06 18:10:22,406 [INFO] ApiDb:274 - Set plugin database path to: C:\ST\STM32CubeIDE_1.14.0\STM32CubeIDE\plugins\com.st.stm32cube.common.mx_6.10.0.202311202037\\db\/plugins/boardmanager/
2024-03-06 18:10:22,408 [INFO] ApiDb:261 - Set plugin images path to: C:\ST\STM32CubeIDE_1.14.0\STM32CubeIDE\plugins\com.st.stm32cube.common.mx_6.10.0.202311202037\\db\/plugins/mcufinder/images/
2024-03-06 18:10:22,409 [WARN] DbFile:41 - Overriding database path with different value: C:\Users\jomcc\.stmcufinder\plugins\mcufinder/ => C:\Users\jomcc\.stmcufinder\plugins\mcufinder
2024-03-06 18:10:22,411 [INFO] ApiDb:250 - Set database path to: C:\Users\jomcc\.stmcufinder\plugins\mcufinder//mcu/
2024-03-06 18:10:22,412 [WARN] DbFile:41 - Overriding database path with different value: C:\Users\jomcc\.stmcufinder\plugins\mcufinder/ => C:\Users\jomcc\.stmcufinder\plugins\mcufinder
2024-03-06 18:10:22,414 [INFO] DbMcusAds:125 - Set database path to: C:\Users\jomcc\.stmcufinder\plugins\mcufinder//mcu/
2024-03-06 18:10:22,415 [WARN] DbFile:41 - Overriding database path with different value: C:\Users\jomcc\.stmcufinder\plugins\mcufinder/ => C:\Users\jomcc\.stmcufinder\plugins\mcufinder
2024-03-06 18:10:22,417 [WARN] DbFile:41 - Overriding database path with different value: C:\Users\jomcc\.stmcufinder\plugins\mcufinder/ => C:\Users\jomcc\.stmcufinder\plugins\mcufinder
2024-03-06 18:10:22,418 [INFO] CrossReferenceDbSqlite:203 - Set database path to: C:\Users\jomcc\.stmcufinder\plugins\mcufinder//mcu/cs/
2024-03-06 18:10:22,432 [INFO] ApplicationProperties:184 - Using Application install path: C:\ST\STM32CubeIDE_1.14.0\STM32CubeIDE\plugins\com.st.stm32cube.common.mx_6.10.0.202311202037
2024-03-06 18:10:22,434 [INFO] PluginManage:196 - Search for loadable plugins [exclusion list=, ]
2024-03-06 18:10:22,437 [INFO] PluginManage:310 - Check plugin analytics
2024-03-06 18:10:22,618 [INFO] AnalyticsPlugin:253 - Accepted Software Licenses: 
2024-03-06 18:10:22,619 [INFO] AnalyticsPlugin:255 - Accepted CMSIS Pack Licenses: 
2024-03-06 18:10:22,621 [INFO] AnalyticsPlugin:257 - Accepted Firmware Licenses: 
2024-03-06 18:10:22,626 [INFO] PluginManage:359 - Loaded plugin analytics (category:tool,tabindex:-1)
2024-03-06 18:10:22,628 [INFO] PluginManage:310 - Check plugin cadmodel
2024-03-06 18:10:22,635 [INFO] CADModel:105 - Init CAD model plugin
2024-03-06 18:10:22,637 [INFO] PluginManage:359 - Loaded plugin cadmodel (category:power,tabindex:5)
2024-03-06 18:10:22,643 [INFO] PluginManage:310 - Check plugin clock
2024-03-06 18:10:22,655 [INFO] PluginManage:359 - Loaded plugin clock (category:base,tabindex:2)
2024-03-06 18:10:22,657 [INFO] PluginManage:310 - Check plugin ddr
2024-03-06 18:10:22,663 [INFO] PluginManage:359 - Loaded plugin ddr (category:tool,tabindex:6)
2024-03-06 18:10:22,664 [INFO] PluginManage:310 - Check plugin filemanager
2024-03-06 18:10:22,849 [INFO] PluginManage:359 - Loaded plugin filemanager (category:base,tabindex:10)
2024-03-06 18:10:22,850 [INFO] PluginManage:310 - Check plugin ipmanager
2024-03-06 18:10:22,867 [INFO] PluginManage:359 - Loaded plugin ipmanager (category:base,tabindex:5)
2024-03-06 18:10:22,869 [INFO] PluginManage:310 - Check plugin lpbam
2024-03-06 18:10:22,878 [INFO] PluginManage:359 - Loaded plugin lpbam (category:base,tabindex:0)
2024-03-06 18:10:22,880 [INFO] PluginManage:310 - Check plugin memorymap
2024-03-06 18:10:22,892 [INFO] PluginManage:359 - Loaded plugin memorymap (category:base,tabindex:4)
2024-03-06 18:10:22,894 [INFO] PluginManage:310 - Check plugin pinoutandconfiguration
2024-03-06 18:10:22,902 [INFO] PluginManage:359 - Loaded plugin pinoutandconfiguration (category:base,tabindex:1)
2024-03-06 18:10:22,904 [INFO] PluginManage:310 - Check plugin pinoutconfig
2024-03-06 18:10:22,990 [WARN] SupportedApi:132 - Cannot load RTOS API schema: s4s-elt-must-match.1: The content of 'definitions' must match (annotation?, (simpleType | complexType)?, (unique | key | keyref)*)). A problem was found starting at: attribute.
2024-03-06 18:10:23,107 [INFO] PluginManage:359 - Loaded plugin pinoutconfig (category:base,tabindex:0)
2024-03-06 18:10:23,109 [INFO] PluginManage:310 - Check plugin power
2024-03-06 18:10:23,122 [INFO] PluginManage:359 - Loaded plugin power (category:power,tabindex:4)
2024-03-06 18:10:23,124 [INFO] PluginManage:310 - Check plugin projectmanager
2024-03-06 18:10:23,148 [INFO] PluginManage:359 - Loaded plugin projectmanager (category:projectmanager,tabindex:3)
2024-03-06 18:10:23,149 [INFO] PluginManage:310 - Check plugin thirdparty
2024-03-06 18:10:23,260 [INFO] PluginManage:359 - Loaded plugin thirdparty (category:base,tabindex:-1)
2024-03-06 18:10:23,260 [WARN] IntegrityCheckThread:84 - waiting for thirdparty lock release [integrity check]
2024-03-06 18:10:23,261 [INFO] PluginManage:310 - Check plugin tools
2024-03-06 18:10:23,263 [INFO] IntegrityCheckThread:86 - entering critical section [integrity check]
2024-03-06 18:10:23,267 [INFO] ThirdPartyUpdaterWithRetryManager:70 - Updater plugin not ready yet. [1/15]
2024-03-06 18:10:23,268 [INFO] PluginManage:359 - Loaded plugin tools (category:base,tabindex:7)
2024-03-06 18:10:23,270 [INFO] PluginManage:310 - Check plugin tutovideos
2024-03-06 18:10:23,405 [INFO] PluginManage:359 - Loaded plugin tutovideos (category:base,tabindex:-1)
2024-03-06 18:10:23,406 [INFO] PluginManage:310 - Check plugin updater
2024-03-06 18:10:23,416 [INFO] PluginManage:359 - Loaded plugin updater (category:base,tabindex:12)
2024-03-06 18:10:23,417 [INFO] PluginManage:310 - Check plugin userauth
2024-03-06 18:10:23,422 [INFO] UserAuth:114 - Init User Auth plugin
2024-03-06 18:10:23,424 [INFO] PluginManage:359 - Loaded plugin userauth (category:base,tabindex:14)
2024-03-06 18:10:23,425 [INFO] PluginManage:283 - PluginManage : Loaded plugins [17]
2024-03-06 18:10:23,582 [INFO] PinOutPanel:1499 - setPackage(No Configuration,No Configuration)
2024-03-06 18:10:23,637 [INFO] CADModel:165 - CPN selected for project level
2024-03-06 18:10:23,639 [INFO] CADModel:114 - Register for checkConnection events
2024-03-06 18:10:23,652 [INFO] IPUIPlugin:80 - create IPUIPlugin
2024-03-06 18:10:23,653 [INFO] PluginManager:220 - loadIPPluginJar : add adc
2024-03-06 18:10:23,659 [INFO] IPUIPlugin:80 - create IPUIPlugin
2024-03-06 18:10:23,661 [INFO] PluginManager:220 - loadIPPluginJar : add aes
2024-03-06 18:10:23,667 [INFO] IPUIPlugin:80 - create IPUIPlugin
2024-03-06 18:10:23,668 [INFO] PluginManager:220 - loadIPPluginJar : add can
2024-03-06 18:10:23,673 [INFO] IPUIPlugin:80 - create IPUIPlugin
2024-03-06 18:10:23,675 [INFO] PluginManager:220 - loadIPPluginJar : add comp
2024-03-06 18:10:23,680 [INFO] IPUIPlugin:80 - create IPUIPlugin
2024-03-06 18:10:23,682 [INFO] PluginManager:220 - loadIPPluginJar : add cryp
2024-03-06 18:10:23,686 [INFO] IPUIPlugin:80 - create IPUIPlugin
2024-03-06 18:10:23,688 [INFO] PluginManager:220 - loadIPPluginJar : add dfsdm
2024-03-06 18:10:23,695 [INFO] IPUIPlugin:80 - create IPUIPlugin
2024-03-06 18:10:23,697 [INFO] PluginManager:220 - loadIPPluginJar : add dma
2024-03-06 18:10:23,701 [INFO] IPUIPlugin:80 - create IPUIPlugin
2024-03-06 18:10:23,702 [INFO] PluginManager:220 - loadIPPluginJar : add dma3
2024-03-06 18:10:23,705 [INFO] IPUIPlugin:80 - create IPUIPlugin
2024-03-06 18:10:23,706 [INFO] PluginManager:220 - loadIPPluginJar : add fatfs
2024-03-06 18:10:23,711 [INFO] IPUIPlugin:80 - create IPUIPlugin
2024-03-06 18:10:23,712 [INFO] PluginManager:220 - loadIPPluginJar : add fmc
2024-03-06 18:10:23,719 [INFO] IPUIPlugin:80 - create IPUIPlugin
2024-03-06 18:10:23,721 [INFO] PluginManager:220 - loadIPPluginJar : add freertos
2024-03-06 18:10:23,723 [INFO] IPUIPlugin:80 - create IPUIPlugin
2024-03-06 18:10:23,725 [INFO] PluginManager:220 - loadIPPluginJar : add genericplugin
2024-03-06 18:10:23,728 [INFO] IPUIPlugin:80 - create IPUIPlugin
2024-03-06 18:10:23,730 [INFO] PluginManager:220 - loadIPPluginJar : add gfxmmu
2024-03-06 18:10:23,734 [INFO] IPUIPlugin:80 - create IPUIPlugin
2024-03-06 18:10:23,736 [INFO] PluginManager:220 - loadIPPluginJar : add gic
2024-03-06 18:10:23,740 [INFO] IPUIPlugin:80 - create IPUIPlugin
2024-03-06 18:10:23,741 [INFO] PluginManager:220 - loadIPPluginJar : add gpio
2024-03-06 18:10:23,746 [INFO] IPUIPlugin:80 - create IPUIPlugin
2024-03-06 18:10:23,748 [INFO] PluginManager:220 - loadIPPluginJar : add gtzc
2024-03-06 18:10:23,751 [INFO] IPUIPlugin:80 - create IPUIPlugin
2024-03-06 18:10:23,752 [INFO] PluginManager:220 - loadIPPluginJar : add hash
2024-03-06 18:10:23,755 [INFO] IPUIPlugin:80 - create IPUIPlugin
2024-03-06 18:10:23,757 [INFO] PluginManager:220 - loadIPPluginJar : add i2c
2024-03-06 18:10:23,760 [INFO] IPUIPlugin:80 - create IPUIPlugin
2024-03-06 18:10:23,761 [INFO] PluginManager:220 - loadIPPluginJar : add i2s
2024-03-06 18:10:23,765 [INFO] IPUIPlugin:80 - create IPUIPlugin
2024-03-06 18:10:23,766 [INFO] PluginManager:220 - loadIPPluginJar : add i3c
2024-03-06 18:10:23,770 [INFO] IPUIPlugin:80 - create IPUIPlugin
2024-03-06 18:10:23,771 [INFO] PluginManager:220 - loadIPPluginJar : add ipddr
2024-03-06 18:10:23,777 [INFO] IPUIPlugin:80 - create IPUIPlugin
2024-03-06 18:10:23,779 [INFO] PluginManager:220 - loadIPPluginJar : add linkedlist
2024-03-06 18:10:23,783 [INFO] IPUIPlugin:80 - create IPUIPlugin
2024-03-06 18:10:23,784 [INFO] PluginManager:220 - loadIPPluginJar : add lorawan
2024-03-06 18:10:23,787 [INFO] IPUIPlugin:80 - create IPUIPlugin
2024-03-06 18:10:23,788 [INFO] PluginManager:220 - loadIPPluginJar : add ltdc
2024-03-06 18:10:23,793 [INFO] IPUIPlugin:80 - create IPUIPlugin
2024-03-06 18:10:23,795 [INFO] PluginManager:220 - loadIPPluginJar : add mdma
2024-03-06 18:10:23,799 [INFO] IPUIPlugin:80 - create IPUIPlugin
2024-03-06 18:10:23,800 [INFO] PluginManager:220 - loadIPPluginJar : add nvic
2024-03-06 18:10:23,804 [INFO] IPUIPlugin:80 - create IPUIPlugin
2024-03-06 18:10:23,805 [INFO] PluginManager:220 - loadIPPluginJar : add opamp
2024-03-06 18:10:23,809 [INFO] IPUIPlugin:80 - create IPUIPlugin
2024-03-06 18:10:23,810 [INFO] PluginManager:220 - loadIPPluginJar : add openamp
2024-03-06 18:10:23,814 [INFO] IPUIPlugin:80 - create IPUIPlugin
2024-03-06 18:10:23,815 [INFO] PluginManager:220 - loadIPPluginJar : add pdm2pcm
2024-03-06 18:10:23,821 [INFO] IPUIPlugin:80 - create IPUIPlugin
2024-03-06 18:10:23,824 [INFO] PluginManager:220 - loadIPPluginJar : add plateformsettings
2024-03-06 18:10:23,827 [INFO] IPUIPlugin:80 - create IPUIPlugin
2024-03-06 18:10:23,829 [INFO] PluginManager:220 - loadIPPluginJar : add quadspi
2024-03-06 18:10:23,833 [INFO] IPUIPlugin:80 - create IPUIPlugin
2024-03-06 18:10:23,834 [INFO] PluginManager:220 - loadIPPluginJar : add resmgrutility
2024-03-06 18:10:23,837 [INFO] IPUIPlugin:80 - create IPUIPlugin
2024-03-06 18:10:23,839 [INFO] PluginManager:220 - loadIPPluginJar : add sai
2024-03-06 18:10:23,842 [INFO] IPUIPlugin:80 - create IPUIPlugin
2024-03-06 18:10:23,843 [INFO] PluginManager:220 - loadIPPluginJar : add spi
2024-03-06 18:10:23,848 [INFO] IPUIPlugin:80 - create IPUIPlugin
2024-03-06 18:10:23,850 [INFO] PluginManager:220 - loadIPPluginJar : add stm32_wpan
2024-03-06 18:10:23,852 [INFO] IPUIPlugin:80 - create IPUIPlugin
2024-03-06 18:10:23,854 [INFO] PluginManager:220 - loadIPPluginJar : add tim
2024-03-06 18:10:23,857 [INFO] IPUIPlugin:80 - create IPUIPlugin
2024-03-06 18:10:23,859 [INFO] PluginManager:220 - loadIPPluginJar : add touchsensing
2024-03-06 18:10:23,862 [INFO] IPUIPlugin:80 - create IPUIPlugin
2024-03-06 18:10:23,863 [INFO] PluginManager:220 - loadIPPluginJar : add tracer_emb
2024-03-06 18:10:23,866 [INFO] IPUIPlugin:80 - create IPUIPlugin
2024-03-06 18:10:23,867 [INFO] PluginManager:220 - loadIPPluginJar : add ts
2024-03-06 18:10:23,870 [INFO] IPUIPlugin:80 - create IPUIPlugin
2024-03-06 18:10:23,871 [INFO] PluginManager:220 - loadIPPluginJar : add tsc
2024-03-06 18:10:23,874 [INFO] IPUIPlugin:80 - create IPUIPlugin
2024-03-06 18:10:23,875 [INFO] PluginManager:220 - loadIPPluginJar : add ucpd
2024-03-06 18:10:23,879 [INFO] IPUIPlugin:80 - create IPUIPlugin
2024-03-06 18:10:23,880 [INFO] PluginManager:220 - loadIPPluginJar : add usart
2024-03-06 18:10:23,884 [INFO] IPUIPlugin:80 - create IPUIPlugin
2024-03-06 18:10:23,885 [INFO] PluginManager:220 - loadIPPluginJar : add usbx
2024-03-06 18:10:24,009 [INFO] CADModel:165 - CPN selected for project level
2024-03-06 18:10:24,011 [INFO] CADModel:114 - Register for checkConnection events
2024-03-06 18:10:24,013 [FATAL] Updater:308 - Updater called before beeing initialized
2024-03-06 18:10:24,015 [ERROR] CADModel:125 - Updater not yet initialized, retry later 
2024-03-06 18:10:24,124 [INFO] CADModel:165 - CPN selected for project level
2024-03-06 18:10:24,125 [INFO] CADModel:114 - Register for checkConnection events
2024-03-06 18:10:24,127 [FATAL] Updater:308 - Updater called before beeing initialized
2024-03-06 18:10:24,128 [ERROR] CADModel:125 - Updater not yet initialized, retry later 
2024-03-06 18:10:24,132 [FATAL] Updater:308 - Updater called before beeing initialized
2024-03-06 18:10:24,230 [FATAL] Updater:308 - Updater called before beeing initialized
2024-03-06 18:10:24,235 [INFO] DbMcusAds:53 - JSON generation date=Thu Sep 30 02:55:09 EDT 2021 (1632984909247)
2024-03-06 18:10:24,237 [FATAL] Updater:308 - Updater called before beeing initialized
2024-03-06 18:10:24,266 [WARN] DetailPanel:346 - Failed to get advertising image, set to default
2024-03-06 18:10:24,345 [FATAL] Updater:308 - Updater called before beeing initialized
2024-03-06 18:10:24,348 [FATAL] Updater:308 - Updater called before beeing initialized
2024-03-06 18:10:24,350 [FATAL] Updater:308 - Updater called before beeing initialized
2024-03-06 18:10:24,351 [WARN] DetailPanel:346 - Failed to get advertising image, set to default
2024-03-06 18:10:24,353 [FATAL] Updater:308 - Updater called before beeing initialized
2024-03-06 18:10:24,400 [ERROR] Updater:1120 - MainUpdater not yet initialized. External WinMGr cannot be set.
2024-03-06 18:10:24,405 [INFO] Updater:1056 - Updater Version found : 6.10.0
2024-03-06 18:10:24,420 [INFO] ApplicationProperties:184 - Using Application install path: C:\ST\STM32CubeIDE_1.14.0\STM32CubeIDE\plugins\com.st.stm32cube.common.mx_6.10.0.202311202037
2024-03-06 18:10:26,004 [ERROR] LogOutputStream:75 - [STDERR_REDIRECT] Mar 06, 2024 6:10:25 PM java.util.prefs.WindowsPreferences <init>
2024-03-06 18:10:26,009 [ERROR] LogOutputStream:75 - [STDERR_REDIRECT] WARNING: Could not open/create prefs root node Software\JavaSoft\Prefs at root 0xffffffff80000002. Windows RegCreateKeyEx(...) returned error code 5.
2024-03-06 18:10:26,011 [ERROR] LogOutputStream:75 - [STDERR_REDIRECT] 
2024-03-06 18:10:26,038 [INFO] MainUpdater:526 - Copy updater definitions from MX database
2024-03-06 18:10:26,075 [INFO] MainUpdater:559 - Copy flag file definitions from MX database
2024-03-06 18:10:26,079 [INFO] MainUpdater:575 - Copy thirdparty index definitions from MX database
2024-03-06 18:10:26,083 [INFO] MainUpdater:594 - Copy default thirdparty db definitions from MX database
2024-03-06 18:10:26,269 [INFO] ThirdPartyUpdaterWithRetryManager:70 - Updater plugin not ready yet. [2/15]
2024-03-06 18:10:26,286 [INFO] MainUpdater:2873 - connection check result : 10
2024-03-06 18:10:26,287 [INFO] MainUpdater:3567 - Updater definition file requires update
2024-03-06 18:10:26,289 [INFO] MainUpdater:290 - Updater Check For Update Now.
2024-03-06 18:10:26,291 [INFO] MicroXplorer:498 - Change Database Version : DB.6.0.100
2024-03-06 18:10:26,297 [INFO] McuFinderGlobals:63 - Set McuFinder mode to 2 (CubeIDE integrated)
2024-03-06 18:10:26,298 [INFO] UserAuth:180 - activating auth plugin
2024-03-06 18:10:26,301 [INFO] UserAuth:404 - Internet connection configuration mode: 1
2024-03-06 18:10:26,311 [INFO] JxBrowserEngine:152 - Initiate JxBrowser Engine with user profile folder
2024-03-06 18:10:26,378 [INFO] ServerAccessManage:473 - Download File updaters.zip
2024-03-06 18:10:26,448 [INFO] FileExtend:240 - Unzip File : updaters.zip
2024-03-06 18:10:26,450 [INFO] FileExtend:255 - Standard Zip Deflate
2024-03-06 18:10:26,771 [INFO] ServerAccessManage:473 - Download File PacksControlFlags.xml
2024-03-06 18:10:26,864 [INFO] ServerAccessManage:473 - Download File cubemx.pidx
2024-03-06 18:10:27,054 [INFO] ServerAccessManage:473 - Download File STMicroelectronics.FP-ATR-ASTRA1.pdsc
2024-03-06 18:10:27,214 [INFO] ServerAccessManage:473 - Download File STMicroelectronics.FP-ATR-SIGFOX1.pdsc
2024-03-06 18:10:27,260 [INFO] ServerAccessManage:473 - Download File STMicroelectronics.FP-SNS-FLIGHT1.pdsc
2024-03-06 18:10:27,667 [INFO] ServerAccessManage:473 - Download File STMicroelectronics.FP-SNS-MOTENV1.pdsc
2024-03-06 18:10:27,759 [INFO] ServerAccessManage:473 - Download File STMicroelectronics.FP-SNS-MOTENVWB1.pdsc
2024-03-06 18:10:27,840 [INFO] ServerAccessManage:473 - Download File STMicroelectronics.FP-SNS-SMARTAG2.pdsc
2024-03-06 18:10:27,896 [INFO] ServerAccessManage:473 - Download File STMicroelectronics.X-CUBE-AI.pdsc
2024-03-06 18:10:28,176 [INFO] ServerAccessManage:473 - Download File STMicroelectronics.X-CUBE-ALS.pdsc
2024-03-06 18:10:28,659 [INFO] ServerAccessManage:473 - Download File STMicroelectronics.X-CUBE-BLE1.pdsc
2024-03-06 18:10:29,272 [WARN] MainUpdater:1194 - Updater busy. Cannot search thirdparties
2024-03-06 18:10:29,274 [INFO] ThirdPartyUpdaterWithRetryManager:96 - Updater plugin is busy. [1/15]
2024-03-06 18:10:29,319 [ERROR] ServerAccessManage:1089 - Problem, file not found on Server
2024-03-06 18:10:29,336 [INFO] ServerAccessManage:473 - Download File STMicroelectronics.X-CUBE-BLE2.pdsc
2024-03-06 18:10:29,489 [INFO] ServerAccessManage:473 - Download File STMicroelectronics.X-CUBE-BLEMGR.pdsc
2024-03-06 18:10:29,627 [INFO] ServerAccessManage:473 - Download File STMicroelectronics.X-CUBE-DISPLAY.pdsc
2024-03-06 18:10:29,762 [INFO] ServerAccessManage:473 - Download File STMicroelectronics.X-CUBE-EEPRMA1.pdsc
2024-03-06 18:10:30,171 [INFO] WebApp:161 - Instantiating new browser for Auth
2024-03-06 18:10:30,476 [ERROR] ServerAccessManage:1089 - Problem, file not found on Server
2024-03-06 18:10:30,967 [INFO] WebApp:780 - Register for checkConnection events
2024-03-06 18:10:30,969 [INFO] WebApp:414 - Apply proxy settings
2024-03-06 18:10:30,970 [INFO] WebApp:499 - Chromium requires no authentication
2024-03-06 18:10:30,977 [INFO] WebApp:442 - Direct internet connection detected
2024-03-06 18:10:30,999 [ERROR] ServerAccessManage:1089 - Problem, file not found on Server
2024-03-06 18:10:31,062 [INFO] ServerAccessManage:473 - Download File STMicroelectronics.X-CUBE-FREERTOS.pdsc
2024-03-06 18:10:31,134 [INFO] WebApp:192 - Starting web application
2024-03-06 18:10:31,136 [INFO] WebApp:544 - Web application path used C:\ST\STM32CubeIDE_1.14.0\STM32CubeIDE\plugins\com.st.stm32cube.common.mx_6.10.0.202311202037\db\plugins\mcufinder\reactClient1\index.html
2024-03-06 18:10:31,254 [INFO] ServerAccessManage:473 - Download File STMicroelectronics.X-CUBE-GNSS1.pdsc
2024-03-06 18:10:31,539 [ERROR] ServerAccessManage:1089 - Problem, file not found on Server
2024-03-06 18:10:32,020 [ERROR] ServerAccessManage:1089 - Problem, file not found on Server
2024-03-06 18:10:32,172 [ERROR] ServerAccessManage:1089 - Problem, file not found on Server
2024-03-06 18:10:32,277 [WARN] MainUpdater:1194 - Updater busy. Cannot search thirdparties
2024-03-06 18:10:32,625 [ERROR] ServerAccessManage:1089 - Problem, file not found on Server
2024-03-06 18:10:33,196 [INFO] ThirdPartyUpdaterWithRetryManager:96 - Updater plugin is busy. [2/15]
2024-03-06 18:10:33,702 [ERROR] ServerAccessManage:1089 - Problem, file not found on Server
2024-03-06 18:10:34,705 [ERROR] ServerAccessManage:1089 - Problem, file not found on Server
2024-03-06 18:10:34,724 [INFO] ServerAccessManage:473 - Download File STMicroelectronics.X-CUBE-ISPU.pdsc
2024-03-06 18:10:34,800 [INFO] ServerAccessManage:473 - Download File STMicroelectronics.X-CUBE-MEMS1.pdsc
2024-03-06 18:10:35,309 [INFO] ServerAccessManage:473 - Download File STMicroelectronics.X-CUBE-NFC4.pdsc
2024-03-06 18:10:35,567 [INFO] ServerAccessManage:473 - Download File STMicroelectronics.X-CUBE-NFC6.pdsc
2024-03-06 18:10:35,625 [INFO] ServerAccessManage:473 - Download File STMicroelectronics.X-CUBE-NFC7.pdsc
2024-03-06 18:10:35,686 [INFO] ServerAccessManage:473 - Download File STMicroelectronics.X-CUBE-SFXS2LP1.pdsc
2024-03-06 18:10:35,786 [INFO] ServerAccessManage:473 - Download File STMicroelectronics.X-CUBE-SUBG2.pdsc
2024-03-06 18:10:35,979 [INFO] ServerAccessManage:473 - Download File STMicroelectronics.X-CUBE-SMBUS.pdsc
2024-03-06 18:10:36,199 [WARN] MainUpdater:1194 - Updater busy. Cannot search thirdparties
2024-03-06 18:10:36,201 [INFO] ThirdPartyUpdaterWithRetryManager:96 - Updater plugin is busy. [3/15]
2024-03-06 18:10:36,464 [ERROR] ServerAccessManage:1089 - Problem, file not found on Server
2024-03-06 18:10:36,485 [INFO] ServerAccessManage:473 - Download File STMicroelectronics.X-CUBE-TOF1.pdsc
2024-03-06 18:10:37,086 [ERROR] ServerAccessManage:1089 - Problem, file not found on Server
2024-03-06 18:10:37,401 [INFO] ServerAccessManage:473 - Download File STMicroelectronics.X-CUBE-TOUCHGFX.pdsc
2024-03-06 18:10:37,823 [INFO] ServerAccessManage:473 - Download File STMicroelectronics.X-CUBE-ALGOBUILD.pdsc
2024-03-06 18:10:37,949 [INFO] ServerAccessManage:473 - Download File STMicroelectronics.X-CUBE-AZRTOS-H7.pdsc
2024-03-06 18:10:38,119 [INFO] ServerAccessManage:473 - Download File STMicroelectronics.X-CUBE-AZRTOS-F4.pdsc
2024-03-06 18:10:38,223 [INFO] ServerAccessManage:473 - Download File STMicroelectronics.X-CUBE-AZRTOS-F7.pdsc
2024-03-06 18:10:38,313 [INFO] ServerAccessManage:473 - Download File STMicroelectronics.X-CUBE-AZRTOS-L4.pdsc
2024-03-06 18:10:38,407 [INFO] ServerAccessManage:473 - Download File STMicroelectronics.X-CUBE-AZRTOS-L5.pdsc
2024-03-06 18:10:38,499 [INFO] ServerAccessManage:473 - Download File STMicroelectronics.X-CUBE-AZRTOS-G0.pdsc
2024-03-06 18:10:38,586 [INFO] ServerAccessManage:473 - Download File STMicroelectronics.X-CUBE-AZRTOS-G4.pdsc
2024-03-06 18:10:38,659 [INFO] ServerAccessManage:473 - Download File STMicroelectronics.X-CUBE-AZRTOS-WB.pdsc
2024-03-06 18:10:39,200 [INFO] ServerAccessManage:473 - Download File STMicroelectronics.X-CUBE-AZRTOS-WL.pdsc
2024-03-06 18:10:39,204 [WARN] MainUpdater:1194 - Updater busy. Cannot search thirdparties
2024-03-06 18:10:39,205 [INFO] ThirdPartyUpdaterWithRetryManager:96 - Updater plugin is busy. [4/15]
2024-03-06 18:10:39,418 [INFO] ServerAccessManage:473 - Download File wolfSSL.I-CUBE-wolfSSL.pdsc
2024-03-06 18:10:40,622 [ERROR] ServerAccessManage:1089 - Problem, file not found on Server
2024-03-06 18:10:41,056 [ERROR] ServerAccessManage:1089 - Problem, file not found on Server
2024-03-06 18:10:41,305 [ERROR] ServerAccessManage:1089 - Problem, file not found on Server
2024-03-06 18:10:41,489 [ERROR] ServerAccessManage:1096 - Problem, Http access forbiden
2024-03-06 18:10:41,493 [ERROR] ServerAccessManage:651 - Problem, Http access forbiden : RoweBots.I-CUBE-UNISONRTOS.pdsc.
2024-03-06 18:10:42,001 [INFO] ServerAccessManage:473 - Download File SEGGER.I-CUBE-embOS.pdsc
2024-03-06 18:10:42,207 [WARN] MainUpdater:1194 - Updater busy. Cannot search thirdparties
2024-03-06 18:10:42,208 [INFO] ThirdPartyUpdaterWithRetryManager:96 - Updater plugin is busy. [5/15]
2024-03-06 18:10:43,428 [INFO] ServerAccessManage:473 - Download File portGmbH.I-Cube-SoM-uGOAL.pdsc
2024-03-06 18:10:44,669 [ERROR] ServerAccessManage:1089 - Problem, file not found on Server
2024-03-06 18:10:44,795 [ERROR] ServerAccessManage:1089 - Problem, file not found on Server
2024-03-06 18:10:44,920 [ERROR] ServerAccessManage:1089 - Problem, file not found on Server
2024-03-06 18:10:45,211 [WARN] MainUpdater:1194 - Updater busy. Cannot search thirdparties
2024-03-06 18:10:45,219 [INFO] ThirdPartyUpdaterWithRetryManager:96 - Updater plugin is busy. [6/15]
2024-03-06 18:10:45,784 [INFO] ServerAccessManage:473 - Download File emotas.I-CUBE-CANOPEN.pdsc
2024-03-06 18:10:46,340 [INFO] ServerAccessManage:473 - Download File WES.I-CUBE-Cesium.pdsc
2024-03-06 18:10:46,641 [ERROR] ServerAccessManage:1089 - Problem, file not found on Server
2024-03-06 18:10:46,862 [ERROR] ServerAccessManage:1089 - Problem, file not found on Server
2024-03-06 18:10:47,125 [INFO] ServerAccessManage:473 - Download File ITTIA_DB.I-CUBE-ITTIADB.pdsc
2024-03-06 18:10:48,222 [WARN] MainUpdater:1194 - Updater busy. Cannot search thirdparties
2024-03-06 18:10:48,223 [INFO] ThirdPartyUpdaterWithRetryManager:96 - Updater plugin is busy. [7/15]
2024-03-06 18:10:48,267 [INFO] ServerAccessManage:473 - Download File Infineon.AIROC-Wi-Fi-Bluetooth-STM32.pdsc
2024-03-06 18:10:48,863 [WARN] CheckServerUpdateThread:151 - Open CheckUpdateFile Fail
2024-03-06 18:10:48,879 [WARN] PackLoader:240 - Cannot read IP mode file for STMicroelectronics.FP-ATR-ASTRA1.2.0.0
2024-03-06 18:10:48,892 [WARN] PackLoader:240 - Cannot read IP mode file for STMicroelectronics.FP-ATR-SIGFOX1.3.2.0
2024-03-06 18:10:48,900 [WARN] PackLoader:240 - Cannot read IP mode file for STMicroelectronics.FP-SNS-FLIGHT1.5.0.2
2024-03-06 18:10:48,906 [WARN] PackLoader:240 - Cannot read IP mode file for STMicroelectronics.FP-SNS-MOTENV1.4.3.2
2024-03-06 18:10:48,913 [WARN] PackLoader:240 - Cannot read IP mode file for STMicroelectronics.FP-SNS-MOTENVWB1.1.3.1
2024-03-06 18:10:48,919 [WARN] PackLoader:240 - Cannot read IP mode file for STMicroelectronics.FP-SNS-SMARTAG2.1.2.0
2024-03-06 18:10:48,924 [WARN] PackLoader:240 - Cannot read IP mode file for STMicroelectronics.X-CUBE-AI.8.1.0
2024-03-06 18:10:48,935 [WARN] PackLoader:240 - Cannot read IP mode file for STMicroelectronics.X-CUBE-ALS.1.0.1
2024-03-06 18:10:48,944 [WARN] PackLoader:240 - Cannot read IP mode file for STMicroelectronics.X-CUBE-BLE1.7.0.0
2024-03-06 18:10:48,951 [WARN] PackLoader:240 - Cannot read IP mode file for STMicroelectronics.X-CUBE-BLE2.3.3.0
2024-03-06 18:10:48,963 [WARN] PackLoader:240 - Cannot read IP mode file for STMicroelectronics.X-CUBE-BLEMGR.3.1.0
2024-03-06 18:10:48,978 [WARN] PackLoader:240 - Cannot read IP mode file for STMicroelectronics.X-CUBE-DISPLAY.3.0.0
2024-03-06 18:10:48,986 [INFO] CheckServerUpdateThread:120 - End of CheckServer Thread
2024-03-06 18:10:48,991 [WARN] PackLoader:240 - Cannot read IP mode file for STMicroelectronics.X-CUBE-EEPRMA1.5.1.0
2024-03-06 18:10:49,000 [WARN] PackLoader:240 - Cannot read IP mode file for STMicroelectronics.X-CUBE-FREERTOS.1.1.0
2024-03-06 18:10:49,006 [WARN] PackLoader:240 - Cannot read IP mode file for STMicroelectronics.X-CUBE-GNSS1.6.0.0
2024-03-06 18:10:49,012 [WARN] PackLoader:240 - Cannot read IP mode file for STMicroelectronics.X-CUBE-ISPU.2.0.0
2024-03-06 18:10:49,049 [WARN] PackLoader:240 - Cannot read IP mode file for STMicroelectronics.X-CUBE-MEMS1.10.0.0
2024-03-06 18:10:49,142 [WARN] PackLoader:240 - Cannot read IP mode file for STMicroelectronics.X-CUBE-NFC4.3.0.0
2024-03-06 18:10:49,150 [WARN] PackLoader:240 - Cannot read IP mode file for STMicroelectronics.X-CUBE-NFC6.3.0.0
2024-03-06 18:10:49,156 [WARN] PackLoader:240 - Cannot read IP mode file for STMicroelectronics.X-CUBE-NFC7.1.0.1
2024-03-06 18:10:49,163 [WARN] PackLoader:240 - Cannot read IP mode file for STMicroelectronics.X-CUBE-SFXS2LP1.4.0.0
2024-03-06 18:10:49,171 [WARN] PackLoader:240 - Cannot read IP mode file for STMicroelectronics.X-CUBE-SUBG2.5.0.0
2024-03-06 18:10:49,178 [WARN] PackLoader:240 - Cannot read IP mode file for STMicroelectronics.X-CUBE-SMBUS.2.1.0
2024-03-06 18:10:49,186 [WARN] PackLoader:240 - Cannot read IP mode file for STMicroelectronics.X-CUBE-TOF1.3.4.1
2024-03-06 18:10:49,198 [WARN] PackLoader:240 - Cannot read IP mode file for STMicroelectronics.X-CUBE-TOUCHGFX.4.23.0
2024-03-06 18:10:49,203 [WARN] PackLoader:240 - Cannot read IP mode file for STMicroelectronics.X-CUBE-ALGOBUILD.1.3.0
2024-03-06 18:10:49,216 [WARN] PackLoader:240 - Cannot read IP mode file for STMicroelectronics.X-CUBE-AZRTOS-H7.3.2.0
2024-03-06 18:10:49,230 [WARN] PackLoader:240 - Cannot read IP mode file for STMicroelectronics.X-CUBE-AZRTOS-F4.1.1.0
2024-03-06 18:10:49,245 [WARN] PackLoader:240 - Cannot read IP mode file for STMicroelectronics.X-CUBE-AZRTOS-F7.1.1.0
2024-03-06 18:10:49,265 [WARN] ConditionMgr:438 - getConditionDescription Invalid condition id : LAN8742 Phy interface Condition cause : null
2024-03-06 18:10:49,267 [WARN] PackLoader:240 - Cannot read IP mode file for STMicroelectronics.X-CUBE-AZRTOS-L4.2.0.0
2024-03-06 18:10:49,270 [WARN] ConditionMgr:1039 - genDependencies : Invalid condition id : LAN8742 Phy interface Condition cause : null
2024-03-06 18:10:49,271 [WARN] ConditionMgr:1039 - genDependencies : Invalid condition id : LAN8742 Phy interface Condition cause : null
2024-03-06 18:10:49,273 [WARN] ConditionMgr:1039 - genDependencies : Invalid condition id : LAN8742 Phy interface Condition cause : null
2024-03-06 18:10:49,286 [WARN] PackLoader:240 - Cannot read IP mode file for STMicroelectronics.X-CUBE-AZRTOS-L5.2.0.0
2024-03-06 18:10:49,299 [WARN] PackLoader:240 - Cannot read IP mode file for STMicroelectronics.X-CUBE-AZRTOS-G0.1.1.0
2024-03-06 18:10:49,312 [WARN] PackLoader:240 - Cannot read IP mode file for STMicroelectronics.X-CUBE-AZRTOS-G4.2.0.0
2024-03-06 18:10:49,733 [WARN] ConditionMgr:438 - getConditionDescription Invalid condition id : UX DEVICE CLASS RTOS Condition cause : null
2024-03-06 18:10:49,735 [WARN] ConditionMgr:438 - getConditionDescription Invalid condition id : UX DEVICE CLASS RTOS Condition cause : null
2024-03-06 18:10:49,737 [WARN] PackLoader:240 - Cannot read IP mode file for STMicroelectronics.X-CUBE-AZRTOS-WB.2.0.0
2024-03-06 18:10:49,739 [WARN] ConditionMgr:1039 - genDependencies : Invalid condition id : UX DEVICE CLASS RTOS Condition cause : null
2024-03-06 18:10:49,740 [WARN] ConditionMgr:1039 - genDependencies : Invalid condition id : UX DEVICE CLASS RTOS Condition cause : null
2024-03-06 18:10:49,742 [WARN] ConditionMgr:1039 - genDependencies : Invalid condition id : UX DEVICE CLASS RTOS Condition cause : null
2024-03-06 18:10:49,743 [WARN] ConditionMgr:1039 - genDependencies : Invalid condition id : UX DEVICE CLASS RTOS Condition cause : null
2024-03-06 18:10:49,745 [WARN] ConditionMgr:1039 - genDependencies : Invalid condition id : UX DEVICE CLASS RTOS Condition cause : null
2024-03-06 18:10:49,761 [INFO] LogOutputStream:77 - [STDOUT_REDIRECT] 1 : Invalid condition id : UX_CORESTACK_Condition cause : null
2024-03-06 18:10:49,763 [INFO] LogOutputStream:77 - [STDOUT_REDIRECT] 1 : Invalid condition id : UX_CORESTACK_Condition cause : null
2024-03-06 18:10:49,765 [INFO] LogOutputStream:77 - [STDOUT_REDIRECT] 1 : Invalid condition id : UX_CORESTACK_Condition cause : null
2024-03-06 18:10:49,767 [INFO] LogOutputStream:77 - [STDOUT_REDIRECT] 1 : Invalid condition id : UX_CORESTACK_Condition cause : null
2024-03-06 18:10:49,770 [INFO] LogOutputStream:77 - [STDOUT_REDIRECT] 1 : Invalid condition id : UX_CORESTACK_Condition cause : null
2024-03-06 18:10:49,773 [WARN] PackLoader:240 - Cannot read IP mode file for STMicroelectronics.X-CUBE-AZRTOS-WL.2.0.0
2024-03-06 18:10:49,778 [WARN] PackLoader:240 - Cannot read IP mode file for wolfSSL.I-CUBE-wolfSSL.5.6.6
2024-03-06 18:10:49,797 [WARN] PackLoader:240 - Cannot read IP mode file for SEGGER.I-CUBE-embOS.1.3.1
2024-03-06 18:10:49,835 [WARN] PackLoader:240 - Cannot read IP mode file for portGmbH.I-Cube-SoM-uGOAL.1.1.0
2024-03-06 18:10:49,841 [WARN] PackLoader:240 - Cannot read IP mode file for emotas.I-CUBE-CANOPEN.1.3.0
2024-03-06 18:10:49,846 [WARN] PackLoader:240 - Cannot read IP mode file for WES.I-CUBE-Cesium.1.3.0
2024-03-06 18:10:49,851 [WARN] PackLoader:240 - Cannot read IP mode file for ITTIA_DB.I-CUBE-ITTIADB.8.8.0
2024-03-06 18:10:49,860 [WARN] PackLoader:240 - Cannot read IP mode file for Infineon.AIROC-Wi-Fi-Bluetooth-STM32.1.5.1
2024-03-06 18:10:49,863 [INFO] PopulateThirdPartyThread:66 - Ending populate Thread
2024-03-06 18:10:49,866 [INFO] ThirdParty:1030 - CMSIS Pack Vendor :STMicroelectronics X-CUBE-DISPLAY 3.0.0
2024-03-06 18:10:49,867 [INFO] ThirdParty:1030 - CMSIS Pack Vendor :STMicroelectronics X-CUBE-GNSS1 6.0.0
2024-03-06 18:10:49,869 [INFO] ThirdParty:1030 - CMSIS Pack Vendor :STMicroelectronics FP-SNS-MOTENVWB1 1.3.1
2024-03-06 18:10:49,870 [INFO] ThirdParty:1030 - CMSIS Pack Vendor :STMicroelectronics X-CUBE-AZRTOS-F4 1.1.0
2024-03-06 18:10:49,871 [INFO] ThirdParty:1030 - CMSIS Pack Vendor :STMicroelectronics FP-ATR-SIGFOX1 3.2.0
2024-03-06 18:10:49,873 [INFO] ThirdParty:1030 - CMSIS Pack Vendor :STMicroelectronics X-CUBE-BLE1 7.0.0
2024-03-06 18:10:49,874 [INFO] ThirdParty:1030 - CMSIS Pack Vendor :STMicroelectronics X-CUBE-SMBUS 2.1.0
2024-03-06 18:10:49,875 [INFO] ThirdParty:1030 - CMSIS Pack Vendor :STMicroelectronics X-CUBE-ISPU 2.0.0
2024-03-06 18:10:49,877 [INFO] ThirdParty:1030 - CMSIS Pack Vendor :STMicroelectronics X-CUBE-EEPRMA1 5.1.0
2024-03-06 18:10:49,878 [INFO] ThirdParty:1030 - CMSIS Pack Vendor :STMicroelectronics X-CUBE-AZRTOS-WB 2.0.0
2024-03-06 18:10:49,879 [INFO] ThirdParty:1030 - CMSIS Pack Vendor :emotas I-CUBE-CANOPEN 1.3.0
2024-03-06 18:10:49,881 [INFO] ThirdParty:1030 - CMSIS Pack Vendor :STMicroelectronics X-CUBE-MEMS1 10.0.0
2024-03-06 18:10:49,882 [INFO] ThirdParty:1030 - CMSIS Pack Vendor :wolfSSL I-CUBE-wolfSSL 5.6.6
2024-03-06 18:10:49,884 [INFO] ThirdParty:1030 - CMSIS Pack Vendor :STMicroelectronics X-CUBE-FREERTOS 1.1.0
2024-03-06 18:10:49,885 [INFO] ThirdParty:1030 - CMSIS Pack Vendor :STMicroelectronics X-CUBE-NFC7 1.0.1
2024-03-06 18:10:49,886 [INFO] ThirdParty:1030 - CMSIS Pack Vendor :STMicroelectronics X-CUBE-TOUCHGFX 4.23.0
2024-03-06 18:10:49,888 [INFO] ThirdParty:1030 - CMSIS Pack Vendor :STMicroelectronics X-CUBE-AZRTOS-F7 1.1.0
2024-03-06 18:10:49,889 [INFO] ThirdParty:1030 - CMSIS Pack Vendor :STMicroelectronics X-CUBE-AZRTOS-L5 2.0.0
2024-03-06 18:10:49,890 [INFO] ThirdParty:1030 - CMSIS Pack Vendor :STMicroelectronics X-CUBE-NFC6 3.0.0
2024-03-06 18:10:49,892 [INFO] ThirdParty:1030 - CMSIS Pack Vendor :STMicroelectronics X-CUBE-ALS 1.0.1
2024-03-06 18:10:49,893 [INFO] ThirdParty:1030 - CMSIS Pack Vendor :portGmbH I-Cube-SoM-uGOAL 1.1.0
2024-03-06 18:10:49,894 [INFO] ThirdParty:1030 - CMSIS Pack Vendor :ITTIA_DB I-CUBE-ITTIADB 8.8.0
2024-03-06 18:10:49,896 [INFO] ThirdParty:1030 - CMSIS Pack Vendor :STMicroelectronics X-CUBE-BLEMGR 3.1.0
2024-03-06 18:10:49,897 [INFO] ThirdParty:1030 - CMSIS Pack Vendor :STMicroelectronics FP-SNS-SMARTAG2 1.2.0
2024-03-06 18:10:49,898 [INFO] ThirdParty:1030 - CMSIS Pack Vendor :STMicroelectronics FP-SNS-MOTENV1 4.3.2
2024-03-06 18:10:49,900 [INFO] ThirdParty:1030 - CMSIS Pack Vendor :STMicroelectronics X-CUBE-ALGOBUILD 1.3.0
2024-03-06 18:10:49,901 [INFO] ThirdParty:1030 - CMSIS Pack Vendor :STMicroelectronics X-CUBE-AZRTOS-WL 2.0.0
2024-03-06 18:10:49,903 [INFO] ThirdParty:1030 - CMSIS Pack Vendor :SEGGER I-CUBE-embOS 1.3.1
2024-03-06 18:10:49,904 [INFO] ThirdParty:1030 - CMSIS Pack Vendor :STMicroelectronics X-CUBE-AZRTOS-G0 1.1.0
2024-03-06 18:10:49,906 [INFO] ThirdParty:1030 - CMSIS Pack Vendor :STMicroelectronics X-CUBE-AI 8.1.0
2024-03-06 18:10:49,907 [INFO] ThirdParty:1030 - CMSIS Pack Vendor :STMicroelectronics X-CUBE-NFC4 3.0.0
2024-03-06 18:10:49,908 [INFO] ThirdParty:1030 - CMSIS Pack Vendor :STMicroelectronics X-CUBE-SUBG2 5.0.0
2024-03-06 18:10:49,910 [INFO] ThirdParty:1030 - CMSIS Pack Vendor :STMicroelectronics X-CUBE-AZRTOS-L4 2.0.0
2024-03-06 18:10:49,911 [INFO] ThirdParty:1030 - CMSIS Pack Vendor :STMicroelectronics FP-ATR-ASTRA1 2.0.0
2024-03-06 18:10:49,912 [INFO] ThirdParty:1030 - CMSIS Pack Vendor :WES I-CUBE-Cesium 1.3.0
2024-03-06 18:10:49,914 [INFO] ThirdParty:1030 - CMSIS Pack Vendor :STMicroelectronics X-CUBE-SFXS2LP1 4.0.0
2024-03-06 18:10:49,915 [INFO] ThirdParty:1030 - CMSIS Pack Vendor :STMicroelectronics FP-SNS-FLIGHT1 5.0.2
2024-03-06 18:10:49,917 [INFO] ThirdParty:1030 - CMSIS Pack Vendor :STMicroelectronics X-CUBE-BLE2 3.3.0
2024-03-06 18:10:49,918 [INFO] ThirdParty:1030 - CMSIS Pack Vendor :STMicroelectronics X-CUBE-TOF1 3.4.1
2024-03-06 18:10:49,920 [INFO] ThirdParty:1030 - CMSIS Pack Vendor :STMicroelectronics X-CUBE-AZRTOS-G4 2.0.0
2024-03-06 18:10:49,921 [INFO] ThirdParty:1030 - CMSIS Pack Vendor :STMicroelectronics X-CUBE-AZRTOS-H7 3.2.0
2024-03-06 18:10:49,922 [INFO] ThirdParty:1030 - CMSIS Pack Vendor :Infineon AIROC-Wi-Fi-Bluetooth-STM32 1.5.1
2024-03-06 18:10:49,924 [INFO] LoadServerUpdatesThread:375 - End of LoadServerUpdate Thread
2024-03-06 18:10:51,333 [WARN] PackLoader:240 - Cannot read IP mode file for STMicroelectronics.X-CUBE-SMBUS.2.1.0
2024-03-06 18:10:51,337 [WARN] PackLoader:240 - Cannot read IP mode file for STMicroelectronics.X-CUBE-TOUCHGFX.4.23.0
2024-03-06 18:10:51,348 [WARN] PackLoader:240 - Cannot read IP mode file for STMicroelectronics.X-CUBE-AZRTOS-F7.1.1.0
2024-03-06 18:10:51,354 [WARN] PackLoader:240 - Cannot read IP mode file for STMicroelectronics.FP-SNS-MOTENV1.4.3.2
2024-03-06 18:10:51,359 [WARN] PackLoader:240 - Cannot read IP mode file for STMicroelectronics.FP-SNS-FLIGHT1.5.0.2
2024-03-06 18:10:51,364 [WARN] PackLoader:240 - Cannot read IP mode file for STMicroelectronics.X-CUBE-DISPLAY.3.0.0
2024-03-06 18:10:51,370 [WARN] PackLoader:240 - Cannot read IP mode file for STMicroelectronics.X-CUBE-BLE1.7.0.0
2024-03-06 18:10:51,375 [WARN] PackLoader:240 - Cannot read IP mode file for emotas.I-CUBE-CANOPEN.1.3.0
2024-03-06 18:10:51,382 [WARN] PackLoader:240 - Cannot read IP mode file for STMicroelectronics.X-CUBE-BLEMGR.3.1.0
2024-03-06 18:10:51,388 [WARN] PackLoader:240 - Cannot read IP mode file for STMicroelectronics.FP-SNS-SMARTAG2.1.2.0
2024-03-06 18:10:51,398 [INFO] LogOutputStream:77 - [STDOUT_REDIRECT] 1 : Invalid condition id : UX_CORESTACK_Condition cause : null
2024-03-06 18:10:51,402 [INFO] LogOutputStream:77 - [STDOUT_REDIRECT] 1 : Invalid condition id : UX_CORESTACK_Condition cause : null
2024-03-06 18:10:51,405 [INFO] LogOutputStream:77 - [STDOUT_REDIRECT] 1 : Invalid condition id : UX_CORESTACK_Condition cause : null
2024-03-06 18:10:51,409 [INFO] LogOutputStream:77 - [STDOUT_REDIRECT] 1 : Invalid condition id : UX_CORESTACK_Condition cause : null
2024-03-06 18:10:51,412 [INFO] LogOutputStream:77 - [STDOUT_REDIRECT] 1 : Invalid condition id : UX_CORESTACK_Condition cause : null
2024-03-06 18:10:51,415 [WARN] PackLoader:240 - Cannot read IP mode file for STMicroelectronics.X-CUBE-AZRTOS-WL.2.0.0
2024-03-06 18:10:51,422 [WARN] PackLoader:240 - Cannot read IP mode file for WES.I-CUBE-Cesium.1.3.0
2024-03-06 18:10:51,426 [WARN] PackLoader:240 - Cannot read IP mode file for STMicroelectronics.X-CUBE-BLE2.3.3.0
2024-03-06 18:10:51,431 [WARN] PackLoader:240 - Cannot read IP mode file for STMicroelectronics.X-CUBE-ALGOBUILD.1.3.0
2024-03-06 18:10:51,443 [WARN] PackLoader:240 - Cannot read IP mode file for STMicroelectronics.X-CUBE-AZRTOS-G0.1.1.0
2024-03-06 18:10:51,450 [WARN] PackLoader:240 - Cannot read IP mode file for STMicroelectronics.X-CUBE-NFC4.3.0.0
2024-03-06 18:10:51,454 [WARN] PackLoader:240 - Cannot read IP mode file for STMicroelectronics.FP-ATR-SIGFOX1.3.2.0
2024-03-06 18:10:51,460 [WARN] PackLoader:240 - Cannot read IP mode file for STMicroelectronics.X-CUBE-EEPRMA1.5.1.0
2024-03-06 18:10:51,482 [WARN] PackLoader:240 - Cannot read IP mode file for SEGGER.I-CUBE-embOS.1.3.1
2024-03-06 18:10:51,511 [WARN] PackLoader:240 - Cannot read IP mode file for STMicroelectronics.X-CUBE-GNSS1.6.0.0
2024-03-06 18:10:51,523 [WARN] PackLoader:240 - Cannot read IP mode file for STMicroelectronics.X-CUBE-AZRTOS-F4.1.1.0
2024-03-06 18:10:51,530 [WARN] PackLoader:240 - Cannot read IP mode file for wolfSSL.I-CUBE-wolfSSL.5.6.6
2024-03-06 18:10:51,542 [WARN] PackLoader:240 - Cannot read IP mode file for STMicroelectronics.X-CUBE-AZRTOS-L5.2.0.0
2024-03-06 18:10:51,548 [WARN] PackLoader:240 - Cannot read IP mode file for ITTIA_DB.I-CUBE-ITTIADB.8.8.0
2024-03-06 18:10:51,552 [WARN] PackLoader:240 - Cannot read IP mode file for STMicroelectronics.X-CUBE-NFC7.1.0.1
2024-03-06 18:10:51,558 [WARN] PackLoader:240 - Cannot read IP mode file for STMicroelectronics.X-CUBE-NFC6.3.0.0
2024-03-06 18:10:51,563 [WARN] PackLoader:240 - Cannot read IP mode file for STMicroelectronics.X-CUBE-AI.8.1.0
2024-03-06 18:10:51,575 [WARN] ConditionMgr:438 - getConditionDescription Invalid condition id : LAN8742 Phy interface Condition cause : null
2024-03-06 18:10:51,577 [WARN] PackLoader:240 - Cannot read IP mode file for STMicroelectronics.X-CUBE-AZRTOS-L4.2.0.0
2024-03-06 18:10:51,579 [WARN] ConditionMgr:1039 - genDependencies : Invalid condition id : LAN8742 Phy interface Condition cause : null
2024-03-06 18:10:51,580 [WARN] ConditionMgr:1039 - genDependencies : Invalid condition id : LAN8742 Phy interface Condition cause : null
2024-03-06 18:10:51,582 [WARN] ConditionMgr:1039 - genDependencies : Invalid condition id : LAN8742 Phy interface Condition cause : null
2024-03-06 18:10:51,588 [WARN] PackLoader:240 - Cannot read IP mode file for STMicroelectronics.X-CUBE-SFXS2LP1.4.0.0
2024-03-06 18:10:51,597 [WARN] ConditionMgr:438 - getConditionDescription Invalid condition id : UX DEVICE CLASS RTOS Condition cause : null
2024-03-06 18:10:51,598 [WARN] ConditionMgr:438 - getConditionDescription Invalid condition id : UX DEVICE CLASS RTOS Condition cause : null
2024-03-06 18:10:51,601 [WARN] PackLoader:240 - Cannot read IP mode file for STMicroelectronics.X-CUBE-AZRTOS-WB.2.0.0
2024-03-06 18:10:51,602 [WARN] ConditionMgr:1039 - genDependencies : Invalid condition id : UX DEVICE CLASS RTOS Condition cause : null
2024-03-06 18:10:51,604 [WARN] ConditionMgr:1039 - genDependencies : Invalid condition id : UX DEVICE CLASS RTOS Condition cause : null
2024-03-06 18:10:51,605 [WARN] ConditionMgr:1039 - genDependencies : Invalid condition id : UX DEVICE CLASS RTOS Condition cause : null
2024-03-06 18:10:51,607 [WARN] ConditionMgr:1039 - genDependencies : Invalid condition id : UX DEVICE CLASS RTOS Condition cause : null
2024-03-06 18:10:51,608 [WARN] ConditionMgr:1039 - genDependencies : Invalid condition id : UX DEVICE CLASS RTOS Condition cause : null
2024-03-06 18:10:51,616 [WARN] PackLoader:240 - Cannot read IP mode file for STMicroelectronics.X-CUBE-SUBG2.5.0.0
2024-03-06 18:10:51,629 [WARN] PackLoader:240 - Cannot read IP mode file for STMicroelectronics.X-CUBE-AZRTOS-G4.2.0.0
2024-03-06 18:10:51,639 [WARN] PackLoader:240 - Cannot read IP mode file for Infineon.AIROC-Wi-Fi-Bluetooth-STM32.1.5.1
2024-03-06 18:10:51,645 [WARN] PackLoader:240 - Cannot read IP mode file for STMicroelectronics.FP-SNS-MOTENVWB1.1.3.1
2024-03-06 18:10:51,649 [WARN] PackLoader:240 - Cannot read IP mode file for STMicroelectronics.X-CUBE-ISPU.2.0.0
2024-03-06 18:10:51,675 [WARN] PackLoader:240 - Cannot read IP mode file for STMicroelectronics.X-CUBE-MEMS1.10.0.0
2024-03-06 18:10:51,744 [WARN] PackLoader:240 - Cannot read IP mode file for STMicroelectronics.X-CUBE-FREERTOS.1.1.0
2024-03-06 18:10:51,749 [WARN] PackLoader:240 - Cannot read IP mode file for portGmbH.I-Cube-SoM-uGOAL.1.1.0
2024-03-06 18:10:51,754 [WARN] PackLoader:240 - Cannot read IP mode file for STMicroelectronics.X-CUBE-ALS.1.0.1
2024-03-06 18:10:51,758 [WARN] PackLoader:240 - Cannot read IP mode file for STMicroelectronics.FP-ATR-ASTRA1.2.0.0
2024-03-06 18:10:51,766 [WARN] PackLoader:240 - Cannot read IP mode file for STMicroelectronics.X-CUBE-TOF1.3.4.1
2024-03-06 18:10:51,793 [WARN] PackLoader:240 - Cannot read IP mode file for STMicroelectronics.X-CUBE-AZRTOS-H7.3.2.0
2024-03-06 18:10:51,797 [INFO] ThirdParty:978 - Integrity check success = true
2024-03-06 18:10:51,798 [INFO] IntegrityCheckThread:100 - exiting critical section [integrity check]
2024-03-06 18:10:51,800 [INFO] IntegrityCheckThread:103 - End integrity checks thread
2024-03-06 18:10:51,815 [ERROR] LogOutputStream:75 - [STDERR_REDIRECT] SLF4J: Failed to load class "org.slf4j.impl.StaticLoggerBinder".
2024-03-06 18:10:51,817 [ERROR] LogOutputStream:75 - [STDERR_REDIRECT] SLF4J: Defaulting to no-operation (NOP) logger implementation
2024-03-06 18:10:51,820 [ERROR] LogOutputStream:75 - [STDERR_REDIRECT] SLF4J: See http://www.slf4j.org/codes.html#StaticLoggerBinder for further details.
2024-03-06 18:11:43,304 [ERROR] LogOutputStream:75 - [STDERR_REDIRECT] 
