2024-03-27 18:09:06,492 [INFO] Activator:176 - 


2024-03-27 18:09:06,507 [INFO] Activator:177 - !SESSION log4j initialized
2024-03-27 18:09:12,596 [INFO] LogOutputStream:77 - [STDOUT_REDIRECT] 
2024-03-27 18:09:14,394 [INFO] ApplicationProperties:184 - Using Application install path: C:\ST\STM32CubeIDE_1.14.1\STM32CubeIDE\plugins\com.st.stm32cube.common.mx_6.10.0.202311202037
2024-03-27 18:09:14,421 [INFO] DbMcusXml:78 - Set database path to: C:\ST\STM32CubeIDE_1.14.1\STM32CubeIDE\plugins\com.st.stm32cube.common.mx_6.10.0.202311202037\\db\/mcu/
2024-03-27 18:09:14,421 [INFO] ApiDb:274 - Set plugin database path to: C:\ST\STM32CubeIDE_1.14.1\STM32CubeIDE\plugins\com.st.stm32cube.common.mx_6.10.0.202311202037\\db\/plugins/boardmanager/
2024-03-27 18:09:14,422 [WARN] ApiDb:259 - Overriding images path with different value:  => C:\ST\STM32CubeIDE_1.14.1\STM32CubeIDE\plugins\com.st.stm32cube.common.mx_6.10.0.202311202037\\db\/plugins/mcufinder/images/
2024-03-27 18:09:14,436 [INFO] ApiDb:250 - Set database path to: C:\Users\nates\.stmcufinder\plugins\mcufinder//mcu/
2024-03-27 18:09:14,440 [INFO] DbMcusAds:125 - Set database path to: C:\Users\nates\.stmcufinder\plugins\mcufinder//mcu/
2024-03-27 18:09:14,442 [INFO] CrossReferenceDbSqlite:203 - Set database path to: C:\Users\nates\.stmcufinder\plugins\mcufinder//mcu/cs/
2024-03-27 18:09:14,584 [INFO] RulesReader:64 - Compatibility file has been processed (297 Rules)
2024-03-27 18:09:14,703 [INFO] DbMcusXml:78 - Set database path to: C:\ST\STM32CubeIDE_1.14.1\STM32CubeIDE\plugins\com.st.stm32cube.common.mx_6.10.0.202311202037\\db\/mcu/
2024-03-27 18:09:14,704 [INFO] ApiDb:274 - Set plugin database path to: C:\ST\STM32CubeIDE_1.14.1\STM32CubeIDE\plugins\com.st.stm32cube.common.mx_6.10.0.202311202037\\db\/plugins/boardmanager/
2024-03-27 18:09:14,704 [INFO] ApiDb:261 - Set plugin images path to: C:\ST\STM32CubeIDE_1.14.1\STM32CubeIDE\plugins\com.st.stm32cube.common.mx_6.10.0.202311202037\\db\/plugins/mcufinder/images/
2024-03-27 18:09:14,704 [WARN] DbFile:41 - Overriding database path with different value: C:\Users\nates\.stmcufinder\plugins\mcufinder/ => C:\Users\nates\.stmcufinder\plugins\mcufinder
2024-03-27 18:09:14,704 [INFO] ApiDb:250 - Set database path to: C:\Users\nates\.stmcufinder\plugins\mcufinder//mcu/
2024-03-27 18:09:14,704 [WARN] DbFile:41 - Overriding database path with different value: C:\Users\nates\.stmcufinder\plugins\mcufinder/ => C:\Users\nates\.stmcufinder\plugins\mcufinder
2024-03-27 18:09:14,704 [INFO] DbMcusAds:125 - Set database path to: C:\Users\nates\.stmcufinder\plugins\mcufinder//mcu/
2024-03-27 18:09:14,705 [WARN] DbFile:41 - Overriding database path with different value: C:\Users\nates\.stmcufinder\plugins\mcufinder/ => C:\Users\nates\.stmcufinder\plugins\mcufinder
2024-03-27 18:09:14,705 [WARN] DbFile:41 - Overriding database path with different value: C:\Users\nates\.stmcufinder\plugins\mcufinder/ => C:\Users\nates\.stmcufinder\plugins\mcufinder
2024-03-27 18:09:14,705 [INFO] CrossReferenceDbSqlite:203 - Set database path to: C:\Users\nates\.stmcufinder\plugins\mcufinder//mcu/cs/
2024-03-27 18:09:14,839 [INFO] MainPanel:264 - HeapMemory: 268435456
2024-03-27 18:09:14,953 [INFO] DbMcusXml:78 - Set database path to: C:\ST\STM32CubeIDE_1.14.1\STM32CubeIDE\plugins\com.st.stm32cube.common.mx_6.10.0.202311202037\\db\/mcu/
2024-03-27 18:09:14,954 [INFO] ApiDb:274 - Set plugin database path to: C:\ST\STM32CubeIDE_1.14.1\STM32CubeIDE\plugins\com.st.stm32cube.common.mx_6.10.0.202311202037\\db\/plugins/boardmanager/
2024-03-27 18:09:14,954 [INFO] ApiDb:261 - Set plugin images path to: C:\ST\STM32CubeIDE_1.14.1\STM32CubeIDE\plugins\com.st.stm32cube.common.mx_6.10.0.202311202037\\db\/plugins/mcufinder/images/
2024-03-27 18:09:14,954 [WARN] DbFile:41 - Overriding database path with different value: C:\Users\nates\.stmcufinder\plugins\mcufinder/ => C:\Users\nates\.stmcufinder\plugins\mcufinder
2024-03-27 18:09:14,954 [INFO] ApiDb:250 - Set database path to: C:\Users\nates\.stmcufinder\plugins\mcufinder//mcu/
2024-03-27 18:09:14,954 [WARN] DbFile:41 - Overriding database path with different value: C:\Users\nates\.stmcufinder\plugins\mcufinder/ => C:\Users\nates\.stmcufinder\plugins\mcufinder
2024-03-27 18:09:14,954 [INFO] DbMcusAds:125 - Set database path to: C:\Users\nates\.stmcufinder\plugins\mcufinder//mcu/
2024-03-27 18:09:14,954 [WARN] DbFile:41 - Overriding database path with different value: C:\Users\nates\.stmcufinder\plugins\mcufinder/ => C:\Users\nates\.stmcufinder\plugins\mcufinder
2024-03-27 18:09:14,955 [WARN] DbFile:41 - Overriding database path with different value: C:\Users\nates\.stmcufinder\plugins\mcufinder/ => C:\Users\nates\.stmcufinder\plugins\mcufinder
2024-03-27 18:09:14,955 [INFO] CrossReferenceDbSqlite:203 - Set database path to: C:\Users\nates\.stmcufinder\plugins\mcufinder//mcu/cs/
2024-03-27 18:09:14,975 [INFO] ApplicationProperties:184 - Using Application install path: C:\ST\STM32CubeIDE_1.14.1\STM32CubeIDE\plugins\com.st.stm32cube.common.mx_6.10.0.202311202037
2024-03-27 18:09:14,976 [INFO] PluginManage:196 - Search for loadable plugins [exclusion list=, ]
2024-03-27 18:09:14,978 [INFO] PluginManage:310 - Check plugin analytics
2024-03-27 18:09:15,160 [INFO] AnalyticsPlugin:253 - Accepted Software Licenses: 
2024-03-27 18:09:15,160 [INFO] AnalyticsPlugin:255 - Accepted CMSIS Pack Licenses: STMicroelectronics.X-CUBE-ALGOBUILD.1.3.0
2024-03-27 18:09:15,161 [INFO] AnalyticsPlugin:257 - Accepted Firmware Licenses: FW.G0.1.6.0,FW.L4.1.18.0
2024-03-27 18:09:15,165 [INFO] PluginManage:359 - Loaded plugin analytics (category:tool,tabindex:-1)
2024-03-27 18:09:15,166 [INFO] PluginManage:310 - Check plugin cadmodel
2024-03-27 18:09:15,182 [INFO] CADModel:105 - Init CAD model plugin
2024-03-27 18:09:15,183 [INFO] PluginManage:359 - Loaded plugin cadmodel (category:power,tabindex:5)
2024-03-27 18:09:15,183 [INFO] PluginManage:310 - Check plugin clock
2024-03-27 18:09:15,207 [INFO] PluginManage:359 - Loaded plugin clock (category:base,tabindex:2)
2024-03-27 18:09:15,207 [INFO] PluginManage:310 - Check plugin ddr
2024-03-27 18:09:15,210 [INFO] PluginManage:359 - Loaded plugin ddr (category:tool,tabindex:6)
2024-03-27 18:09:15,210 [INFO] PluginManage:310 - Check plugin filemanager
2024-03-27 18:09:15,351 [INFO] PluginManage:359 - Loaded plugin filemanager (category:base,tabindex:10)
2024-03-27 18:09:15,351 [INFO] PluginManage:310 - Check plugin ipmanager
2024-03-27 18:09:15,360 [INFO] PluginManage:359 - Loaded plugin ipmanager (category:base,tabindex:5)
2024-03-27 18:09:15,360 [INFO] PluginManage:310 - Check plugin lpbam
2024-03-27 18:09:15,378 [INFO] PluginManage:359 - Loaded plugin lpbam (category:base,tabindex:0)
2024-03-27 18:09:15,378 [INFO] PluginManage:310 - Check plugin memorymap
2024-03-27 18:09:15,400 [INFO] PluginManage:359 - Loaded plugin memorymap (category:base,tabindex:4)
2024-03-27 18:09:15,400 [INFO] PluginManage:310 - Check plugin pinoutandconfiguration
2024-03-27 18:09:15,416 [INFO] PluginManage:359 - Loaded plugin pinoutandconfiguration (category:base,tabindex:1)
2024-03-27 18:09:15,416 [INFO] PluginManage:310 - Check plugin pinoutconfig
2024-03-27 18:09:15,518 [WARN] SupportedApi:132 - Cannot load RTOS API schema: s4s-elt-must-match.1: The content of 'definitions' must match (annotation?, (simpleType | complexType)?, (unique | key | keyref)*)). A problem was found starting at: attribute.
2024-03-27 18:09:15,661 [INFO] PluginManage:359 - Loaded plugin pinoutconfig (category:base,tabindex:0)
2024-03-27 18:09:15,661 [INFO] PluginManage:310 - Check plugin power
2024-03-27 18:09:15,688 [INFO] PluginManage:359 - Loaded plugin power (category:power,tabindex:4)
2024-03-27 18:09:15,688 [INFO] PluginManage:310 - Check plugin projectmanager
2024-03-27 18:09:15,707 [INFO] PluginManage:359 - Loaded plugin projectmanager (category:projectmanager,tabindex:3)
2024-03-27 18:09:15,707 [INFO] PluginManage:310 - Check plugin thirdparty
2024-03-27 18:09:15,981 [INFO] PluginManage:359 - Loaded plugin thirdparty (category:base,tabindex:-1)
2024-03-27 18:09:15,981 [WARN] IntegrityCheckThread:84 - waiting for thirdparty lock release [integrity check]
2024-03-27 18:09:15,981 [INFO] PluginManage:310 - Check plugin tools
2024-03-27 18:09:15,981 [INFO] IntegrityCheckThread:86 - entering critical section [integrity check]
2024-03-27 18:09:15,982 [INFO] ThirdPartyUpdaterWithRetryManager:70 - Updater plugin not ready yet. [1/15]
2024-03-27 18:09:16,010 [INFO] PluginManage:359 - Loaded plugin tools (category:base,tabindex:7)
2024-03-27 18:09:16,010 [INFO] PluginManage:310 - Check plugin tutovideos
2024-03-27 18:09:16,199 [INFO] PluginManage:359 - Loaded plugin tutovideos (category:base,tabindex:-1)
2024-03-27 18:09:16,199 [INFO] PluginManage:310 - Check plugin updater
2024-03-27 18:09:16,213 [INFO] PluginManage:359 - Loaded plugin updater (category:base,tabindex:12)
2024-03-27 18:09:16,213 [INFO] PluginManage:310 - Check plugin userauth
2024-03-27 18:09:16,219 [INFO] UserAuth:114 - Init User Auth plugin
2024-03-27 18:09:16,219 [INFO] PluginManage:359 - Loaded plugin userauth (category:base,tabindex:14)
2024-03-27 18:09:16,219 [INFO] PluginManage:283 - PluginManage : Loaded plugins [17]
2024-03-27 18:09:16,451 [INFO] PinOutPanel:1499 - setPackage(No Configuration,No Configuration)
2024-03-27 18:09:16,535 [INFO] CADModel:165 - CPN selected for project level
2024-03-27 18:09:16,535 [INFO] CADModel:114 - Register for checkConnection events
2024-03-27 18:09:16,560 [INFO] IPUIPlugin:80 - create IPUIPlugin
2024-03-27 18:09:16,561 [INFO] PluginManager:220 - loadIPPluginJar : add adc
2024-03-27 18:09:16,593 [INFO] IPUIPlugin:80 - create IPUIPlugin
2024-03-27 18:09:16,593 [INFO] PluginManager:220 - loadIPPluginJar : add aes
2024-03-27 18:09:16,628 [INFO] IPUIPlugin:80 - create IPUIPlugin
2024-03-27 18:09:16,628 [INFO] PluginManager:220 - loadIPPluginJar : add can
2024-03-27 18:09:16,647 [INFO] IPUIPlugin:80 - create IPUIPlugin
2024-03-27 18:09:16,648 [INFO] PluginManager:220 - loadIPPluginJar : add comp
2024-03-27 18:09:16,676 [INFO] IPUIPlugin:80 - create IPUIPlugin
2024-03-27 18:09:16,676 [INFO] PluginManager:220 - loadIPPluginJar : add cryp
2024-03-27 18:09:16,702 [INFO] IPUIPlugin:80 - create IPUIPlugin
2024-03-27 18:09:16,702 [INFO] PluginManager:220 - loadIPPluginJar : add dfsdm
2024-03-27 18:09:16,715 [INFO] IPUIPlugin:80 - create IPUIPlugin
2024-03-27 18:09:16,716 [INFO] PluginManager:220 - loadIPPluginJar : add dma
2024-03-27 18:09:16,752 [INFO] IPUIPlugin:80 - create IPUIPlugin
2024-03-27 18:09:16,752 [INFO] PluginManager:220 - loadIPPluginJar : add dma3
2024-03-27 18:09:16,769 [INFO] IPUIPlugin:80 - create IPUIPlugin
2024-03-27 18:09:16,770 [INFO] PluginManager:220 - loadIPPluginJar : add fatfs
2024-03-27 18:09:16,809 [INFO] IPUIPlugin:80 - create IPUIPlugin
2024-03-27 18:09:16,810 [INFO] PluginManager:220 - loadIPPluginJar : add fmc
2024-03-27 18:09:16,823 [INFO] IPUIPlugin:80 - create IPUIPlugin
2024-03-27 18:09:16,824 [INFO] PluginManager:220 - loadIPPluginJar : add freertos
2024-03-27 18:09:16,841 [INFO] IPUIPlugin:80 - create IPUIPlugin
2024-03-27 18:09:16,841 [INFO] PluginManager:220 - loadIPPluginJar : add genericplugin
2024-03-27 18:09:16,916 [INFO] IPUIPlugin:80 - create IPUIPlugin
2024-03-27 18:09:16,917 [INFO] PluginManager:220 - loadIPPluginJar : add gfxmmu
2024-03-27 18:09:17,024 [INFO] IPUIPlugin:80 - create IPUIPlugin
2024-03-27 18:09:17,025 [INFO] PluginManager:220 - loadIPPluginJar : add gic
2024-03-27 18:09:17,037 [INFO] IPUIPlugin:80 - create IPUIPlugin
2024-03-27 18:09:17,037 [INFO] PluginManager:220 - loadIPPluginJar : add gpio
2024-03-27 18:09:17,115 [INFO] IPUIPlugin:80 - create IPUIPlugin
2024-03-27 18:09:17,115 [INFO] PluginManager:220 - loadIPPluginJar : add gtzc
2024-03-27 18:09:17,142 [INFO] IPUIPlugin:80 - create IPUIPlugin
2024-03-27 18:09:17,142 [INFO] PluginManager:220 - loadIPPluginJar : add hash
2024-03-27 18:09:17,186 [INFO] IPUIPlugin:80 - create IPUIPlugin
2024-03-27 18:09:17,186 [INFO] PluginManager:220 - loadIPPluginJar : add i2c
2024-03-27 18:09:17,218 [INFO] IPUIPlugin:80 - create IPUIPlugin
2024-03-27 18:09:17,219 [INFO] PluginManager:220 - loadIPPluginJar : add i2s
2024-03-27 18:09:17,255 [INFO] IPUIPlugin:80 - create IPUIPlugin
2024-03-27 18:09:17,255 [INFO] PluginManager:220 - loadIPPluginJar : add i3c
2024-03-27 18:09:17,349 [INFO] IPUIPlugin:80 - create IPUIPlugin
2024-03-27 18:09:17,349 [INFO] PluginManager:220 - loadIPPluginJar : add ipddr
2024-03-27 18:09:17,424 [INFO] IPUIPlugin:80 - create IPUIPlugin
2024-03-27 18:09:17,425 [INFO] PluginManager:220 - loadIPPluginJar : add linkedlist
2024-03-27 18:09:17,455 [INFO] IPUIPlugin:80 - create IPUIPlugin
2024-03-27 18:09:17,455 [INFO] PluginManager:220 - loadIPPluginJar : add lorawan
2024-03-27 18:09:17,486 [INFO] IPUIPlugin:80 - create IPUIPlugin
2024-03-27 18:09:17,486 [INFO] PluginManager:220 - loadIPPluginJar : add ltdc
2024-03-27 18:09:17,498 [INFO] IPUIPlugin:80 - create IPUIPlugin
2024-03-27 18:09:17,498 [INFO] PluginManager:220 - loadIPPluginJar : add mdma
2024-03-27 18:09:17,509 [INFO] IPUIPlugin:80 - create IPUIPlugin
2024-03-27 18:09:17,509 [INFO] PluginManager:220 - loadIPPluginJar : add nvic
2024-03-27 18:09:17,539 [INFO] IPUIPlugin:80 - create IPUIPlugin
2024-03-27 18:09:17,539 [INFO] PluginManager:220 - loadIPPluginJar : add opamp
2024-03-27 18:09:17,588 [INFO] IPUIPlugin:80 - create IPUIPlugin
2024-03-27 18:09:17,588 [INFO] PluginManager:220 - loadIPPluginJar : add openamp
2024-03-27 18:09:17,623 [INFO] IPUIPlugin:80 - create IPUIPlugin
2024-03-27 18:09:17,623 [INFO] PluginManager:220 - loadIPPluginJar : add pdm2pcm
2024-03-27 18:09:17,636 [INFO] IPUIPlugin:80 - create IPUIPlugin
2024-03-27 18:09:17,638 [INFO] PluginManager:220 - loadIPPluginJar : add plateformsettings
2024-03-27 18:09:17,658 [INFO] IPUIPlugin:80 - create IPUIPlugin
2024-03-27 18:09:17,658 [INFO] PluginManager:220 - loadIPPluginJar : add quadspi
2024-03-27 18:09:17,671 [INFO] IPUIPlugin:80 - create IPUIPlugin
2024-03-27 18:09:17,671 [INFO] PluginManager:220 - loadIPPluginJar : add resmgrutility
2024-03-27 18:09:17,713 [INFO] IPUIPlugin:80 - create IPUIPlugin
2024-03-27 18:09:17,714 [INFO] PluginManager:220 - loadIPPluginJar : add sai
2024-03-27 18:09:17,746 [INFO] IPUIPlugin:80 - create IPUIPlugin
2024-03-27 18:09:17,746 [INFO] PluginManager:220 - loadIPPluginJar : add spi
2024-03-27 18:09:17,810 [INFO] IPUIPlugin:80 - create IPUIPlugin
2024-03-27 18:09:17,810 [INFO] PluginManager:220 - loadIPPluginJar : add stm32_wpan
2024-03-27 18:09:17,833 [INFO] IPUIPlugin:80 - create IPUIPlugin
2024-03-27 18:09:17,833 [INFO] PluginManager:220 - loadIPPluginJar : add tim
2024-03-27 18:09:17,882 [INFO] IPUIPlugin:80 - create IPUIPlugin
2024-03-27 18:09:17,882 [INFO] PluginManager:220 - loadIPPluginJar : add touchsensing
2024-03-27 18:09:17,902 [INFO] IPUIPlugin:80 - create IPUIPlugin
2024-03-27 18:09:17,902 [INFO] PluginManager:220 - loadIPPluginJar : add tracer_emb
2024-03-27 18:09:17,921 [INFO] IPUIPlugin:80 - create IPUIPlugin
2024-03-27 18:09:17,921 [INFO] PluginManager:220 - loadIPPluginJar : add ts
2024-03-27 18:09:17,938 [INFO] IPUIPlugin:80 - create IPUIPlugin
2024-03-27 18:09:17,939 [INFO] PluginManager:220 - loadIPPluginJar : add tsc
2024-03-27 18:09:17,957 [INFO] IPUIPlugin:80 - create IPUIPlugin
2024-03-27 18:09:17,957 [INFO] PluginManager:220 - loadIPPluginJar : add ucpd
2024-03-27 18:09:17,994 [INFO] IPUIPlugin:80 - create IPUIPlugin
2024-03-27 18:09:17,994 [INFO] PluginManager:220 - loadIPPluginJar : add usart
2024-03-27 18:09:18,031 [INFO] IPUIPlugin:80 - create IPUIPlugin
2024-03-27 18:09:18,031 [INFO] PluginManager:220 - loadIPPluginJar : add usbx
2024-03-27 18:09:18,174 [INFO] CADModel:165 - CPN selected for project level
2024-03-27 18:09:18,174 [INFO] CADModel:114 - Register for checkConnection events
2024-03-27 18:09:18,175 [FATAL] Updater:308 - Updater called before beeing initialized
2024-03-27 18:09:18,176 [ERROR] CADModel:125 - Updater not yet initialized, retry later 
2024-03-27 18:09:18,358 [INFO] CADModel:165 - CPN selected for project level
2024-03-27 18:09:18,358 [INFO] CADModel:114 - Register for checkConnection events
2024-03-27 18:09:18,358 [FATAL] Updater:308 - Updater called before beeing initialized
2024-03-27 18:09:18,358 [ERROR] CADModel:125 - Updater not yet initialized, retry later 
2024-03-27 18:09:18,361 [FATAL] Updater:308 - Updater called before beeing initialized
2024-03-27 18:09:18,491 [FATAL] Updater:308 - Updater called before beeing initialized
2024-03-27 18:09:18,500 [INFO] DbMcusAds:53 - JSON generation date=Wed Nov 29 05:52:27 EST 2023 (1701255147349)
2024-03-27 18:09:18,500 [FATAL] Updater:308 - Updater called before beeing initialized
2024-03-27 18:09:18,576 [WARN] DetailPanel:346 - Failed to get advertising image, set to default
2024-03-27 18:09:18,671 [FATAL] Updater:308 - Updater called before beeing initialized
2024-03-27 18:09:18,673 [FATAL] Updater:308 - Updater called before beeing initialized
2024-03-27 18:09:18,674 [FATAL] Updater:308 - Updater called before beeing initialized
2024-03-27 18:09:18,674 [WARN] DetailPanel:346 - Failed to get advertising image, set to default
2024-03-27 18:09:18,674 [FATAL] Updater:308 - Updater called before beeing initialized
2024-03-27 18:09:18,757 [ERROR] Updater:1120 - MainUpdater not yet initialized. External WinMGr cannot be set.
2024-03-27 18:09:18,768 [INFO] Updater:1056 - Updater Version found : 6.10.0
2024-03-27 18:09:18,792 [INFO] ApplicationProperties:184 - Using Application install path: C:\ST\STM32CubeIDE_1.14.1\STM32CubeIDE\plugins\com.st.stm32cube.common.mx_6.10.0.202311202037
2024-03-27 18:09:18,982 [INFO] ThirdPartyUpdaterWithRetryManager:70 - Updater plugin not ready yet. [2/15]
2024-03-27 18:09:20,378 [ERROR] LogOutputStream:75 - [STDERR_REDIRECT] Mar 27, 2024 6:09:20 PM java.util.prefs.WindowsPreferences <init>
2024-03-27 18:09:20,380 [ERROR] LogOutputStream:75 - [STDERR_REDIRECT] WARNING: Could not open/create prefs root node Software\JavaSoft\Prefs at root 0xffffffff80000002. Windows RegCreateKeyEx(...) returned error code 5.
2024-03-27 18:09:20,380 [ERROR] LogOutputStream:75 - [STDERR_REDIRECT] 
2024-03-27 18:09:20,679 [INFO] MainUpdater:2873 - connection check result : 10
2024-03-27 18:09:20,680 [INFO] MainUpdater:3567 - Updater definition file requires update
2024-03-27 18:09:20,681 [INFO] MainUpdater:290 - Updater Check For Update Now.
2024-03-27 18:09:20,681 [INFO] MicroXplorer:498 - Change Database Version : DB.6.0.100
2024-03-27 18:09:20,697 [INFO] McuFinderGlobals:63 - Set McuFinder mode to 2 (CubeIDE integrated)
2024-03-27 18:09:20,700 [INFO] ServerAccessManage:473 - Download File updaters.zip
2024-03-27 18:09:20,779 [INFO] FileExtend:240 - Unzip File : updaters.zip
2024-03-27 18:09:20,779 [INFO] FileExtend:255 - Standard Zip Deflate
2024-03-27 18:09:20,974 [INFO] UserAuth:404 - Internet connection configuration mode: 1
2024-03-27 18:09:21,029 [INFO] JxBrowserEngine:152 - Initiate JxBrowser Engine with user profile folder
2024-03-27 18:09:21,365 [INFO] ServerAccessManage:473 - Download File PacksControlFlags.xml
2024-03-27 18:09:21,467 [INFO] ServerAccessManage:473 - Download File cubemx.pidx
2024-03-27 18:09:21,920 [INFO] ServerAccessManage:473 - Download File STMicroelectronics.FP-SNS-MOTENV1.pdsc
2024-03-27 18:09:21,983 [WARN] MainUpdater:1194 - Updater busy. Cannot search thirdparties
2024-03-27 18:09:21,983 [INFO] ThirdPartyUpdaterWithRetryManager:96 - Updater plugin is busy. [1/15]
2024-03-27 18:09:22,533 [INFO] ServerAccessManage:473 - Download File STMicroelectronics.X-CUBE-SAFEA1.pdsc
2024-03-27 18:09:22,684 [INFO] ServerAccessManage:473 - Download File STMicroelectronics.X-CUBE-TOUCHGFX.pdsc
2024-03-27 18:09:23,462 [ERROR] ServerAccessManage:1172 - Problem during Server Connection :  IO error PKIX path building failed: sun.security.provider.certpath.SunCertPathBuilderException: unable to find valid certification path to requested target
2024-03-27 18:09:23,462 [ERROR] ServerAccessManage:651 - Problem during Server Connection :  : wolfSSL.I-CUBE-wolfSSL.pdsc.
2024-03-27 18:09:23,862 [WARN] PackLoader:240 - Cannot read IP mode file for STMicroelectronics.FP-SNS-MOTENV1.5.0.0
2024-03-27 18:09:23,886 [WARN] PackLoader:240 - Cannot read IP mode file for STMicroelectronics.X-CUBE-SAFEA1.1.2.2
2024-03-27 18:09:23,893 [WARN] PackLoader:240 - Cannot read IP mode file for STMicroelectronics.X-CUBE-TOUCHGFX.4.23.1
2024-03-27 18:09:23,894 [INFO] PopulateThirdPartyThread:66 - Ending populate Thread
2024-03-27 18:09:23,895 [INFO] ThirdParty:1030 - CMSIS Pack Vendor :STMicroelectronics X-CUBE-TOUCHGFX 4.23.1
2024-03-27 18:09:23,896 [INFO] ThirdParty:1030 - CMSIS Pack Vendor :STMicroelectronics FP-SNS-MOTENV1 5.0.0
2024-03-27 18:09:23,896 [INFO] ThirdParty:1030 - CMSIS Pack Vendor :STMicroelectronics X-CUBE-SAFEA1 1.2.2
2024-03-27 18:09:23,896 [INFO] LoadServerUpdatesThread:375 - End of LoadServerUpdate Thread
2024-03-27 18:09:23,901 [INFO] CheckServerUpdateThread:120 - End of CheckServer Thread
2024-03-27 18:09:24,294 [INFO] WebApp:161 - Instantiating new browser for Auth
2024-03-27 18:09:25,275 [WARN] PackLoader:240 - Cannot read IP mode file for STMicroelectronics.X-CUBE-SMBUS.2.1.0
2024-03-27 18:09:25,286 [WARN] PackLoader:240 - Cannot read IP mode file for STMicroelectronics.X-CUBE-TOUCHGFX.4.23.1
2024-03-27 18:09:25,315 [WARN] PackLoader:240 - Cannot read IP mode file for STMicroelectronics.X-CUBE-TOUCHGFX.4.23.0
2024-03-27 18:09:25,381 [INFO] WebApp:780 - Register for checkConnection events
2024-03-27 18:09:25,382 [INFO] WebApp:414 - Apply proxy settings
2024-03-27 18:09:25,382 [INFO] WebApp:499 - Chromium requires no authentication
2024-03-27 18:09:25,385 [WARN] PackLoader:240 - Cannot read IP mode file for STMicroelectronics.X-CUBE-AZRTOS-F7.1.1.0
2024-03-27 18:09:25,400 [INFO] WebApp:442 - Direct internet connection detected
2024-03-27 18:09:25,418 [WARN] PackLoader:240 - Cannot read IP mode file for STMicroelectronics.FP-SNS-MOTENV1.4.3.2
2024-03-27 18:09:25,431 [WARN] PackLoader:240 - Cannot read IP mode file for STMicroelectronics.FP-SNS-FLIGHT1.5.0.2
2024-03-27 18:09:25,453 [WARN] PackLoader:240 - Cannot read IP mode file for STMicroelectronics.X-CUBE-DISPLAY.3.0.0
2024-03-27 18:09:25,481 [WARN] PackLoader:240 - Cannot read IP mode file for STMicroelectronics.X-CUBE-BLE1.7.0.0
2024-03-27 18:09:25,501 [WARN] PackLoader:240 - Cannot read IP mode file for emotas.I-CUBE-CANOPEN.1.3.0
2024-03-27 18:09:25,525 [WARN] PackLoader:240 - Cannot read IP mode file for STMicroelectronics.X-CUBE-BLEMGR.3.1.0
2024-03-27 18:09:25,547 [WARN] PackLoader:240 - Cannot read IP mode file for STMicroelectronics.FP-SNS-SMARTAG2.1.2.0
2024-03-27 18:09:25,589 [INFO] LogOutputStream:77 - [STDOUT_REDIRECT] 1 : Invalid condition id : UX_CORESTACK_Condition cause : null
2024-03-27 18:09:25,590 [INFO] LogOutputStream:77 - [STDOUT_REDIRECT] 1 : Invalid condition id : UX_CORESTACK_Condition cause : null
2024-03-27 18:09:25,592 [INFO] LogOutputStream:77 - [STDOUT_REDIRECT] 1 : Invalid condition id : UX_CORESTACK_Condition cause : null
2024-03-27 18:09:25,594 [INFO] LogOutputStream:77 - [STDOUT_REDIRECT] 1 : Invalid condition id : UX_CORESTACK_Condition cause : null
2024-03-27 18:09:25,595 [INFO] LogOutputStream:77 - [STDOUT_REDIRECT] 1 : Invalid condition id : UX_CORESTACK_Condition cause : null
2024-03-27 18:09:25,599 [WARN] PackLoader:240 - Cannot read IP mode file for STMicroelectronics.X-CUBE-AZRTOS-WL.2.0.0
2024-03-27 18:09:25,605 [WARN] PackLoader:240 - Cannot read IP mode file for STMicroelectronics.FP-SNS-MOTENV1.5.0.0
2024-03-27 18:09:25,625 [WARN] PackLoader:240 - Cannot read IP mode file for WES.I-CUBE-Cesium.1.3.0
2024-03-27 18:09:25,642 [WARN] PackLoader:240 - Cannot read IP mode file for STMicroelectronics.X-CUBE-BLE2.3.3.0
2024-03-27 18:09:25,666 [WARN] PackLoader:240 - Cannot read IP mode file for STMicroelectronics.X-CUBE-ALGOBUILD.1.3.0
2024-03-27 18:09:25,793 [WARN] PackLoader:240 - Cannot read IP mode file for STMicroelectronics.X-CUBE-AZRTOS-G0.1.1.0
2024-03-27 18:09:25,798 [INFO] WebApp:192 - Starting web application
2024-03-27 18:09:25,799 [INFO] WebApp:544 - Web application path used C:\ST\STM32CubeIDE_1.14.1\STM32CubeIDE\plugins\com.st.stm32cube.common.mx_6.10.0.202311202037\db\plugins\mcufinder\reactClient1\index.html
2024-03-27 18:09:25,802 [WARN] PackLoader:240 - Cannot read IP mode file for STMicroelectronics.X-CUBE-SAFEA1.1.2.2
2024-03-27 18:09:25,821 [WARN] PackLoader:240 - Cannot read IP mode file for STMicroelectronics.X-CUBE-NFC4.3.0.0
2024-03-27 18:09:25,829 [WARN] PackLoader:240 - Cannot read IP mode file for STMicroelectronics.FP-ATR-SIGFOX1.3.2.0
2024-03-27 18:09:25,853 [WARN] PackLoader:240 - Cannot read IP mode file for STMicroelectronics.X-CUBE-EEPRMA1.5.1.0
2024-03-27 18:09:25,913 [WARN] PackLoader:240 - Cannot read IP mode file for SEGGER.I-CUBE-embOS.1.3.1
2024-03-27 18:09:26,010 [WARN] PackLoader:240 - Cannot read IP mode file for STMicroelectronics.X-CUBE-GNSS1.6.0.0
2024-03-27 18:09:26,050 [WARN] PackLoader:240 - Cannot read IP mode file for STMicroelectronics.X-CUBE-AZRTOS-F4.1.1.0
2024-03-27 18:09:26,102 [WARN] PackLoader:240 - Cannot read IP mode file for STMicroelectronics.X-CUBE-AZRTOS-L5.2.0.0
2024-03-27 18:09:26,130 [WARN] PackLoader:240 - Cannot read IP mode file for STMicroelectronics.X-CUBE-NFC6.3.1.0
2024-03-27 18:09:26,156 [WARN] PackLoader:240 - Cannot read IP mode file for ITTIA_DB.I-CUBE-ITTIADB.8.8.0
2024-03-27 18:09:26,173 [WARN] PackLoader:240 - Cannot read IP mode file for STMicroelectronics.X-CUBE-NFC7.1.0.1
2024-03-27 18:09:26,194 [WARN] PackLoader:240 - Cannot read IP mode file for STMicroelectronics.X-CUBE-NFC6.3.0.0
2024-03-27 18:09:26,211 [WARN] PackLoader:240 - Cannot read IP mode file for STMicroelectronics.X-CUBE-AI.8.1.0
2024-03-27 18:09:26,254 [WARN] ConditionMgr:438 - getConditionDescription Invalid condition id : LAN8742 Phy interface Condition cause : null
2024-03-27 18:09:26,255 [WARN] PackLoader:240 - Cannot read IP mode file for STMicroelectronics.X-CUBE-AZRTOS-L4.2.0.0
2024-03-27 18:09:26,257 [WARN] ConditionMgr:1039 - genDependencies : Invalid condition id : LAN8742 Phy interface Condition cause : null
2024-03-27 18:09:26,258 [WARN] ConditionMgr:1039 - genDependencies : Invalid condition id : LAN8742 Phy interface Condition cause : null
2024-03-27 18:09:26,259 [WARN] ConditionMgr:1039 - genDependencies : Invalid condition id : LAN8742 Phy interface Condition cause : null
2024-03-27 18:09:26,277 [WARN] PackLoader:240 - Cannot read IP mode file for STMicroelectronics.X-CUBE-SFXS2LP1.4.0.0
2024-03-27 18:09:26,307 [WARN] ConditionMgr:438 - getConditionDescription Invalid condition id : UX DEVICE CLASS RTOS Condition cause : null
2024-03-27 18:09:26,307 [WARN] ConditionMgr:438 - getConditionDescription Invalid condition id : UX DEVICE CLASS RTOS Condition cause : null
2024-03-27 18:09:26,311 [WARN] PackLoader:240 - Cannot read IP mode file for STMicroelectronics.X-CUBE-AZRTOS-WB.2.0.0
2024-03-27 18:09:26,311 [WARN] ConditionMgr:1039 - genDependencies : Invalid condition id : UX DEVICE CLASS RTOS Condition cause : null
2024-03-27 18:09:26,312 [WARN] ConditionMgr:1039 - genDependencies : Invalid condition id : UX DEVICE CLASS RTOS Condition cause : null
2024-03-27 18:09:26,312 [WARN] ConditionMgr:1039 - genDependencies : Invalid condition id : UX DEVICE CLASS RTOS Condition cause : null
2024-03-27 18:09:26,312 [WARN] ConditionMgr:1039 - genDependencies : Invalid condition id : UX DEVICE CLASS RTOS Condition cause : null
2024-03-27 18:09:26,312 [WARN] ConditionMgr:1039 - genDependencies : Invalid condition id : UX DEVICE CLASS RTOS Condition cause : null
2024-03-27 18:09:26,339 [WARN] PackLoader:240 - Cannot read IP mode file for STMicroelectronics.X-CUBE-SUBG2.5.0.0
2024-03-27 18:09:26,377 [WARN] PackLoader:240 - Cannot read IP mode file for STMicroelectronics.X-CUBE-AZRTOS-G4.2.0.0
2024-03-27 18:09:26,413 [WARN] PackLoader:240 - Cannot read IP mode file for Infineon.AIROC-Wi-Fi-Bluetooth-STM32.1.5.1
2024-03-27 18:09:26,424 [WARN] PackLoader:240 - Cannot read IP mode file for STMicroelectronics.FP-SNS-MOTENVWB1.1.3.1
2024-03-27 18:09:26,440 [WARN] PackLoader:240 - Cannot read IP mode file for STMicroelectronics.X-CUBE-ISPU.2.0.0
2024-03-27 18:09:26,518 [WARN] PackLoader:240 - Cannot read IP mode file for STMicroelectronics.X-CUBE-MEMS1.10.0.0
2024-03-27 18:09:26,741 [WARN] PackLoader:240 - Cannot read IP mode file for STMicroelectronics.X-CUBE-FREERTOS.1.1.0
2024-03-27 18:09:26,762 [WARN] PackLoader:240 - Cannot read IP mode file for portGmbH.I-Cube-SoM-uGOAL.1.1.0
2024-03-27 18:09:26,778 [WARN] PackLoader:240 - Cannot read IP mode file for STMicroelectronics.X-CUBE-ALS.1.0.1
2024-03-27 18:09:26,785 [WARN] PackLoader:240 - Cannot read IP mode file for STMicroelectronics.FP-ATR-ASTRA1.2.0.0
2024-03-27 18:09:26,812 [WARN] PackLoader:240 - Cannot read IP mode file for STMicroelectronics.X-CUBE-TOF1.3.4.1
2024-03-27 18:09:26,860 [WARN] PackLoader:240 - Cannot read IP mode file for STMicroelectronics.X-CUBE-AZRTOS-H7.3.2.0
2024-03-27 18:09:26,864 [INFO] ThirdParty:978 - Integrity check success = true
2024-03-27 18:09:26,864 [INFO] IntegrityCheckThread:100 - exiting critical section [integrity check]
2024-03-27 18:09:26,864 [INFO] IntegrityCheckThread:103 - End integrity checks thread
2024-03-27 18:09:47,100 [ERROR] LogOutputStream:75 - [STDERR_REDIRECT] SLF4J: Failed to load class "org.slf4j.impl.StaticLoggerBinder".
2024-03-27 18:09:47,102 [ERROR] LogOutputStream:75 - [STDERR_REDIRECT] SLF4J: Defaulting to no-operation (NOP) logger implementation
2024-03-27 18:09:47,104 [ERROR] LogOutputStream:75 - [STDERR_REDIRECT] SLF4J: See http://www.slf4j.org/codes.html#StaticLoggerBinder for further details.
2024-03-27 21:35:14,192 [ERROR] LogOutputStream:75 - [STDERR_REDIRECT] 
2024-03-27 21:36:04,814 [INFO] Activator:176 - 


2024-03-27 21:36:04,816 [INFO] Activator:177 - !SESSION log4j initialized
2024-03-27 21:36:10,792 [INFO] LogOutputStream:77 - [STDOUT_REDIRECT] 
2024-03-27 21:36:12,433 [INFO] ApplicationProperties:184 - Using Application install path: C:\ST\STM32CubeIDE_1.14.1\STM32CubeIDE\plugins\com.st.stm32cube.common.mx_6.10.0.202311202037
2024-03-27 21:36:12,454 [INFO] DbMcusXml:78 - Set database path to: C:\ST\STM32CubeIDE_1.14.1\STM32CubeIDE\plugins\com.st.stm32cube.common.mx_6.10.0.202311202037\\db\/mcu/
2024-03-27 21:36:12,454 [INFO] ApiDb:274 - Set plugin database path to: C:\ST\STM32CubeIDE_1.14.1\STM32CubeIDE\plugins\com.st.stm32cube.common.mx_6.10.0.202311202037\\db\/plugins/boardmanager/
2024-03-27 21:36:12,455 [WARN] ApiDb:259 - Overriding images path with different value:  => C:\ST\STM32CubeIDE_1.14.1\STM32CubeIDE\plugins\com.st.stm32cube.common.mx_6.10.0.202311202037\\db\/plugins/mcufinder/images/
2024-03-27 21:36:12,465 [INFO] ApiDb:250 - Set database path to: C:\Users\nates\.stmcufinder\plugins\mcufinder//mcu/
2024-03-27 21:36:12,466 [INFO] DbMcusAds:125 - Set database path to: C:\Users\nates\.stmcufinder\plugins\mcufinder//mcu/
2024-03-27 21:36:12,468 [INFO] CrossReferenceDbSqlite:203 - Set database path to: C:\Users\nates\.stmcufinder\plugins\mcufinder//mcu/cs/
2024-03-27 21:36:12,586 [INFO] RulesReader:64 - Compatibility file has been processed (297 Rules)
2024-03-27 21:36:12,671 [INFO] DbMcusXml:78 - Set database path to: C:\ST\STM32CubeIDE_1.14.1\STM32CubeIDE\plugins\com.st.stm32cube.common.mx_6.10.0.202311202037\\db\/mcu/
2024-03-27 21:36:12,671 [INFO] ApiDb:274 - Set plugin database path to: C:\ST\STM32CubeIDE_1.14.1\STM32CubeIDE\plugins\com.st.stm32cube.common.mx_6.10.0.202311202037\\db\/plugins/boardmanager/
2024-03-27 21:36:12,672 [INFO] ApiDb:261 - Set plugin images path to: C:\ST\STM32CubeIDE_1.14.1\STM32CubeIDE\plugins\com.st.stm32cube.common.mx_6.10.0.202311202037\\db\/plugins/mcufinder/images/
2024-03-27 21:36:12,672 [WARN] DbFile:41 - Overriding database path with different value: C:\Users\nates\.stmcufinder\plugins\mcufinder/ => C:\Users\nates\.stmcufinder\plugins\mcufinder
2024-03-27 21:36:12,672 [INFO] ApiDb:250 - Set database path to: C:\Users\nates\.stmcufinder\plugins\mcufinder//mcu/
2024-03-27 21:36:12,672 [WARN] DbFile:41 - Overriding database path with different value: C:\Users\nates\.stmcufinder\plugins\mcufinder/ => C:\Users\nates\.stmcufinder\plugins\mcufinder
2024-03-27 21:36:12,672 [INFO] DbMcusAds:125 - Set database path to: C:\Users\nates\.stmcufinder\plugins\mcufinder//mcu/
2024-03-27 21:36:12,672 [WARN] DbFile:41 - Overriding database path with different value: C:\Users\nates\.stmcufinder\plugins\mcufinder/ => C:\Users\nates\.stmcufinder\plugins\mcufinder
2024-03-27 21:36:12,672 [WARN] DbFile:41 - Overriding database path with different value: C:\Users\nates\.stmcufinder\plugins\mcufinder/ => C:\Users\nates\.stmcufinder\plugins\mcufinder
2024-03-27 21:36:12,672 [INFO] CrossReferenceDbSqlite:203 - Set database path to: C:\Users\nates\.stmcufinder\plugins\mcufinder//mcu/cs/
2024-03-27 21:36:12,752 [INFO] MainPanel:264 - HeapMemory: 268435456
2024-03-27 21:36:12,850 [INFO] DbMcusXml:78 - Set database path to: C:\ST\STM32CubeIDE_1.14.1\STM32CubeIDE\plugins\com.st.stm32cube.common.mx_6.10.0.202311202037\\db\/mcu/
2024-03-27 21:36:12,850 [INFO] ApiDb:274 - Set plugin database path to: C:\ST\STM32CubeIDE_1.14.1\STM32CubeIDE\plugins\com.st.stm32cube.common.mx_6.10.0.202311202037\\db\/plugins/boardmanager/
2024-03-27 21:36:12,850 [INFO] ApiDb:261 - Set plugin images path to: C:\ST\STM32CubeIDE_1.14.1\STM32CubeIDE\plugins\com.st.stm32cube.common.mx_6.10.0.202311202037\\db\/plugins/mcufinder/images/
2024-03-27 21:36:12,851 [WARN] DbFile:41 - Overriding database path with different value: C:\Users\nates\.stmcufinder\plugins\mcufinder/ => C:\Users\nates\.stmcufinder\plugins\mcufinder
2024-03-27 21:36:12,851 [INFO] ApiDb:250 - Set database path to: C:\Users\nates\.stmcufinder\plugins\mcufinder//mcu/
2024-03-27 21:36:12,851 [WARN] DbFile:41 - Overriding database path with different value: C:\Users\nates\.stmcufinder\plugins\mcufinder/ => C:\Users\nates\.stmcufinder\plugins\mcufinder
2024-03-27 21:36:12,851 [INFO] DbMcusAds:125 - Set database path to: C:\Users\nates\.stmcufinder\plugins\mcufinder//mcu/
2024-03-27 21:36:12,851 [WARN] DbFile:41 - Overriding database path with different value: C:\Users\nates\.stmcufinder\plugins\mcufinder/ => C:\Users\nates\.stmcufinder\plugins\mcufinder
2024-03-27 21:36:12,851 [WARN] DbFile:41 - Overriding database path with different value: C:\Users\nates\.stmcufinder\plugins\mcufinder/ => C:\Users\nates\.stmcufinder\plugins\mcufinder
2024-03-27 21:36:12,851 [INFO] CrossReferenceDbSqlite:203 - Set database path to: C:\Users\nates\.stmcufinder\plugins\mcufinder//mcu/cs/
2024-03-27 21:36:12,869 [INFO] ApplicationProperties:184 - Using Application install path: C:\ST\STM32CubeIDE_1.14.1\STM32CubeIDE\plugins\com.st.stm32cube.common.mx_6.10.0.202311202037
2024-03-27 21:36:12,871 [INFO] PluginManage:196 - Search for loadable plugins [exclusion list=, ]
2024-03-27 21:36:12,872 [INFO] PluginManage:310 - Check plugin analytics
2024-03-27 21:36:13,042 [INFO] AnalyticsPlugin:253 - Accepted Software Licenses: 
2024-03-27 21:36:13,043 [INFO] AnalyticsPlugin:255 - Accepted CMSIS Pack Licenses: STMicroelectronics.X-CUBE-ALGOBUILD.1.3.0
2024-03-27 21:36:13,043 [INFO] AnalyticsPlugin:257 - Accepted Firmware Licenses: FW.G0.1.6.0,FW.L4.1.18.0
2024-03-27 21:36:13,046 [INFO] PluginManage:359 - Loaded plugin analytics (category:tool,tabindex:-1)
2024-03-27 21:36:13,046 [INFO] PluginManage:310 - Check plugin cadmodel
2024-03-27 21:36:13,060 [INFO] CADModel:105 - Init CAD model plugin
2024-03-27 21:36:13,060 [INFO] PluginManage:359 - Loaded plugin cadmodel (category:power,tabindex:5)
2024-03-27 21:36:13,060 [INFO] PluginManage:310 - Check plugin clock
2024-03-27 21:36:13,080 [INFO] PluginManage:359 - Loaded plugin clock (category:base,tabindex:2)
2024-03-27 21:36:13,080 [INFO] PluginManage:310 - Check plugin ddr
2024-03-27 21:36:13,082 [INFO] PluginManage:359 - Loaded plugin ddr (category:tool,tabindex:6)
2024-03-27 21:36:13,082 [INFO] PluginManage:310 - Check plugin filemanager
2024-03-27 21:36:13,225 [INFO] PluginManage:359 - Loaded plugin filemanager (category:base,tabindex:10)
2024-03-27 21:36:13,226 [INFO] PluginManage:310 - Check plugin ipmanager
2024-03-27 21:36:13,234 [INFO] PluginManage:359 - Loaded plugin ipmanager (category:base,tabindex:5)
2024-03-27 21:36:13,234 [INFO] PluginManage:310 - Check plugin lpbam
2024-03-27 21:36:13,253 [INFO] PluginManage:359 - Loaded plugin lpbam (category:base,tabindex:0)
2024-03-27 21:36:13,254 [INFO] PluginManage:310 - Check plugin memorymap
2024-03-27 21:36:13,277 [INFO] PluginManage:359 - Loaded plugin memorymap (category:base,tabindex:4)
2024-03-27 21:36:13,277 [INFO] PluginManage:310 - Check plugin pinoutandconfiguration
2024-03-27 21:36:13,300 [INFO] PluginManage:359 - Loaded plugin pinoutandconfiguration (category:base,tabindex:1)
2024-03-27 21:36:13,301 [INFO] PluginManage:310 - Check plugin pinoutconfig
2024-03-27 21:36:13,408 [WARN] SupportedApi:132 - Cannot load RTOS API schema: s4s-elt-must-match.1: The content of 'definitions' must match (annotation?, (simpleType | complexType)?, (unique | key | keyref)*)). A problem was found starting at: attribute.
2024-03-27 21:36:13,563 [INFO] PluginManage:359 - Loaded plugin pinoutconfig (category:base,tabindex:0)
2024-03-27 21:36:13,563 [INFO] PluginManage:310 - Check plugin power
2024-03-27 21:36:13,582 [INFO] PluginManage:359 - Loaded plugin power (category:power,tabindex:4)
2024-03-27 21:36:13,582 [INFO] PluginManage:310 - Check plugin projectmanager
2024-03-27 21:36:13,598 [INFO] PluginManage:359 - Loaded plugin projectmanager (category:projectmanager,tabindex:3)
2024-03-27 21:36:13,598 [INFO] PluginManage:310 - Check plugin thirdparty
2024-03-27 21:36:13,853 [INFO] PluginManage:359 - Loaded plugin thirdparty (category:base,tabindex:-1)
2024-03-27 21:36:13,853 [INFO] PluginManage:310 - Check plugin tools
2024-03-27 21:36:13,853 [WARN] IntegrityCheckThread:84 - waiting for thirdparty lock release [integrity check]
2024-03-27 21:36:13,853 [INFO] IntegrityCheckThread:86 - entering critical section [integrity check]
2024-03-27 21:36:13,854 [INFO] ThirdPartyUpdaterWithRetryManager:70 - Updater plugin not ready yet. [1/15]
2024-03-27 21:36:13,884 [INFO] PluginManage:359 - Loaded plugin tools (category:base,tabindex:7)
2024-03-27 21:36:13,884 [INFO] PluginManage:310 - Check plugin tutovideos
2024-03-27 21:36:14,112 [INFO] PluginManage:359 - Loaded plugin tutovideos (category:base,tabindex:-1)
2024-03-27 21:36:14,112 [INFO] PluginManage:310 - Check plugin updater
2024-03-27 21:36:14,124 [INFO] PluginManage:359 - Loaded plugin updater (category:base,tabindex:12)
2024-03-27 21:36:14,124 [INFO] PluginManage:310 - Check plugin userauth
2024-03-27 21:36:14,130 [INFO] UserAuth:114 - Init User Auth plugin
2024-03-27 21:36:14,130 [INFO] PluginManage:359 - Loaded plugin userauth (category:base,tabindex:14)
2024-03-27 21:36:14,130 [INFO] PluginManage:283 - PluginManage : Loaded plugins [17]
2024-03-27 21:36:14,371 [INFO] PinOutPanel:1499 - setPackage(No Configuration,No Configuration)
2024-03-27 21:36:14,444 [INFO] CADModel:165 - CPN selected for project level
2024-03-27 21:36:14,444 [INFO] CADModel:114 - Register for checkConnection events
2024-03-27 21:36:14,469 [INFO] IPUIPlugin:80 - create IPUIPlugin
2024-03-27 21:36:14,469 [INFO] PluginManager:220 - loadIPPluginJar : add adc
2024-03-27 21:36:14,500 [INFO] IPUIPlugin:80 - create IPUIPlugin
2024-03-27 21:36:14,500 [INFO] PluginManager:220 - loadIPPluginJar : add aes
2024-03-27 21:36:14,535 [INFO] IPUIPlugin:80 - create IPUIPlugin
2024-03-27 21:36:14,535 [INFO] PluginManager:220 - loadIPPluginJar : add can
2024-03-27 21:36:14,554 [INFO] IPUIPlugin:80 - create IPUIPlugin
2024-03-27 21:36:14,554 [INFO] PluginManager:220 - loadIPPluginJar : add comp
2024-03-27 21:36:14,583 [INFO] IPUIPlugin:80 - create IPUIPlugin
2024-03-27 21:36:14,583 [INFO] PluginManager:220 - loadIPPluginJar : add cryp
2024-03-27 21:36:14,611 [INFO] IPUIPlugin:80 - create IPUIPlugin
2024-03-27 21:36:14,612 [INFO] PluginManager:220 - loadIPPluginJar : add dfsdm
2024-03-27 21:36:14,625 [INFO] IPUIPlugin:80 - create IPUIPlugin
2024-03-27 21:36:14,625 [INFO] PluginManager:220 - loadIPPluginJar : add dma
2024-03-27 21:36:14,661 [INFO] IPUIPlugin:80 - create IPUIPlugin
2024-03-27 21:36:14,662 [INFO] PluginManager:220 - loadIPPluginJar : add dma3
2024-03-27 21:36:14,679 [INFO] IPUIPlugin:80 - create IPUIPlugin
2024-03-27 21:36:14,679 [INFO] PluginManager:220 - loadIPPluginJar : add fatfs
2024-03-27 21:36:14,720 [INFO] IPUIPlugin:80 - create IPUIPlugin
2024-03-27 21:36:14,720 [INFO] PluginManager:220 - loadIPPluginJar : add fmc
2024-03-27 21:36:14,735 [INFO] IPUIPlugin:80 - create IPUIPlugin
2024-03-27 21:36:14,735 [INFO] PluginManager:220 - loadIPPluginJar : add freertos
2024-03-27 21:36:14,753 [INFO] IPUIPlugin:80 - create IPUIPlugin
2024-03-27 21:36:14,753 [INFO] PluginManager:220 - loadIPPluginJar : add genericplugin
2024-03-27 21:36:14,828 [INFO] IPUIPlugin:80 - create IPUIPlugin
2024-03-27 21:36:14,828 [INFO] PluginManager:220 - loadIPPluginJar : add gfxmmu
2024-03-27 21:36:14,958 [INFO] IPUIPlugin:80 - create IPUIPlugin
2024-03-27 21:36:14,958 [INFO] PluginManager:220 - loadIPPluginJar : add gic
2024-03-27 21:36:14,971 [INFO] IPUIPlugin:80 - create IPUIPlugin
2024-03-27 21:36:14,971 [INFO] PluginManager:220 - loadIPPluginJar : add gpio
2024-03-27 21:36:15,064 [INFO] IPUIPlugin:80 - create IPUIPlugin
2024-03-27 21:36:15,064 [INFO] PluginManager:220 - loadIPPluginJar : add gtzc
2024-03-27 21:36:15,093 [INFO] IPUIPlugin:80 - create IPUIPlugin
2024-03-27 21:36:15,093 [INFO] PluginManager:220 - loadIPPluginJar : add hash
2024-03-27 21:36:15,137 [INFO] IPUIPlugin:80 - create IPUIPlugin
2024-03-27 21:36:15,137 [INFO] PluginManager:220 - loadIPPluginJar : add i2c
2024-03-27 21:36:15,170 [INFO] IPUIPlugin:80 - create IPUIPlugin
2024-03-27 21:36:15,170 [INFO] PluginManager:220 - loadIPPluginJar : add i2s
2024-03-27 21:36:15,204 [INFO] IPUIPlugin:80 - create IPUIPlugin
2024-03-27 21:36:15,204 [INFO] PluginManager:220 - loadIPPluginJar : add i3c
2024-03-27 21:36:15,298 [INFO] IPUIPlugin:80 - create IPUIPlugin
2024-03-27 21:36:15,298 [INFO] PluginManager:220 - loadIPPluginJar : add ipddr
2024-03-27 21:36:15,393 [INFO] IPUIPlugin:80 - create IPUIPlugin
2024-03-27 21:36:15,394 [INFO] PluginManager:220 - loadIPPluginJar : add linkedlist
2024-03-27 21:36:15,428 [INFO] IPUIPlugin:80 - create IPUIPlugin
2024-03-27 21:36:15,429 [INFO] PluginManager:220 - loadIPPluginJar : add lorawan
2024-03-27 21:36:15,462 [INFO] IPUIPlugin:80 - create IPUIPlugin
2024-03-27 21:36:15,462 [INFO] PluginManager:220 - loadIPPluginJar : add ltdc
2024-03-27 21:36:15,475 [INFO] IPUIPlugin:80 - create IPUIPlugin
2024-03-27 21:36:15,475 [INFO] PluginManager:220 - loadIPPluginJar : add mdma
2024-03-27 21:36:15,486 [INFO] IPUIPlugin:80 - create IPUIPlugin
2024-03-27 21:36:15,487 [INFO] PluginManager:220 - loadIPPluginJar : add nvic
2024-03-27 21:36:15,517 [INFO] IPUIPlugin:80 - create IPUIPlugin
2024-03-27 21:36:15,518 [INFO] PluginManager:220 - loadIPPluginJar : add opamp
2024-03-27 21:36:15,566 [INFO] IPUIPlugin:80 - create IPUIPlugin
2024-03-27 21:36:15,566 [INFO] PluginManager:220 - loadIPPluginJar : add openamp
2024-03-27 21:36:15,601 [INFO] IPUIPlugin:80 - create IPUIPlugin
2024-03-27 21:36:15,601 [INFO] PluginManager:220 - loadIPPluginJar : add pdm2pcm
2024-03-27 21:36:15,613 [INFO] IPUIPlugin:80 - create IPUIPlugin
2024-03-27 21:36:15,615 [INFO] PluginManager:220 - loadIPPluginJar : add plateformsettings
2024-03-27 21:36:15,634 [INFO] IPUIPlugin:80 - create IPUIPlugin
2024-03-27 21:36:15,634 [INFO] PluginManager:220 - loadIPPluginJar : add quadspi
2024-03-27 21:36:15,647 [INFO] IPUIPlugin:80 - create IPUIPlugin
2024-03-27 21:36:15,647 [INFO] PluginManager:220 - loadIPPluginJar : add resmgrutility
2024-03-27 21:36:15,689 [INFO] IPUIPlugin:80 - create IPUIPlugin
2024-03-27 21:36:15,689 [INFO] PluginManager:220 - loadIPPluginJar : add sai
2024-03-27 21:36:15,721 [INFO] IPUIPlugin:80 - create IPUIPlugin
2024-03-27 21:36:15,721 [INFO] PluginManager:220 - loadIPPluginJar : add spi
2024-03-27 21:36:15,781 [INFO] IPUIPlugin:80 - create IPUIPlugin
2024-03-27 21:36:15,781 [INFO] PluginManager:220 - loadIPPluginJar : add stm32_wpan
2024-03-27 21:36:15,803 [INFO] IPUIPlugin:80 - create IPUIPlugin
2024-03-27 21:36:15,803 [INFO] PluginManager:220 - loadIPPluginJar : add tim
2024-03-27 21:36:15,851 [INFO] IPUIPlugin:80 - create IPUIPlugin
2024-03-27 21:36:15,851 [INFO] PluginManager:220 - loadIPPluginJar : add touchsensing
2024-03-27 21:36:15,870 [INFO] IPUIPlugin:80 - create IPUIPlugin
2024-03-27 21:36:15,870 [INFO] PluginManager:220 - loadIPPluginJar : add tracer_emb
2024-03-27 21:36:15,890 [INFO] IPUIPlugin:80 - create IPUIPlugin
2024-03-27 21:36:15,890 [INFO] PluginManager:220 - loadIPPluginJar : add ts
2024-03-27 21:36:15,909 [INFO] IPUIPlugin:80 - create IPUIPlugin
2024-03-27 21:36:15,909 [INFO] PluginManager:220 - loadIPPluginJar : add tsc
2024-03-27 21:36:15,927 [INFO] IPUIPlugin:80 - create IPUIPlugin
2024-03-27 21:36:15,928 [INFO] PluginManager:220 - loadIPPluginJar : add ucpd
2024-03-27 21:36:15,964 [INFO] IPUIPlugin:80 - create IPUIPlugin
2024-03-27 21:36:15,964 [INFO] PluginManager:220 - loadIPPluginJar : add usart
2024-03-27 21:36:16,002 [INFO] IPUIPlugin:80 - create IPUIPlugin
2024-03-27 21:36:16,002 [INFO] PluginManager:220 - loadIPPluginJar : add usbx
2024-03-27 21:36:16,131 [INFO] CADModel:165 - CPN selected for project level
2024-03-27 21:36:16,131 [INFO] CADModel:114 - Register for checkConnection events
2024-03-27 21:36:16,131 [FATAL] Updater:308 - Updater called before beeing initialized
2024-03-27 21:36:16,131 [ERROR] CADModel:125 - Updater not yet initialized, retry later 
2024-03-27 21:36:16,289 [INFO] CADModel:165 - CPN selected for project level
2024-03-27 21:36:16,289 [INFO] CADModel:114 - Register for checkConnection events
2024-03-27 21:36:16,289 [FATAL] Updater:308 - Updater called before beeing initialized
2024-03-27 21:36:16,289 [ERROR] CADModel:125 - Updater not yet initialized, retry later 
2024-03-27 21:36:16,293 [FATAL] Updater:308 - Updater called before beeing initialized
2024-03-27 21:36:16,419 [FATAL] Updater:308 - Updater called before beeing initialized
2024-03-27 21:36:16,427 [INFO] DbMcusAds:53 - JSON generation date=Wed Nov 29 05:52:27 EST 2023 (1701255147349)
2024-03-27 21:36:16,427 [FATAL] Updater:308 - Updater called before beeing initialized
2024-03-27 21:36:16,502 [WARN] DetailPanel:346 - Failed to get advertising image, set to default
2024-03-27 21:36:16,630 [FATAL] Updater:308 - Updater called before beeing initialized
2024-03-27 21:36:16,633 [FATAL] Updater:308 - Updater called before beeing initialized
2024-03-27 21:36:16,633 [FATAL] Updater:308 - Updater called before beeing initialized
2024-03-27 21:36:16,633 [WARN] DetailPanel:346 - Failed to get advertising image, set to default
2024-03-27 21:36:16,634 [FATAL] Updater:308 - Updater called before beeing initialized
2024-03-27 21:36:16,703 [ERROR] Updater:1120 - MainUpdater not yet initialized. External WinMGr cannot be set.
2024-03-27 21:36:16,713 [INFO] Updater:1056 - Updater Version found : 6.10.0
2024-03-27 21:36:16,734 [INFO] ApplicationProperties:184 - Using Application install path: C:\ST\STM32CubeIDE_1.14.1\STM32CubeIDE\plugins\com.st.stm32cube.common.mx_6.10.0.202311202037
2024-03-27 21:36:16,855 [INFO] ThirdPartyUpdaterWithRetryManager:70 - Updater plugin not ready yet. [2/15]
2024-03-27 21:36:18,313 [ERROR] LogOutputStream:75 - [STDERR_REDIRECT] Mar 27, 2024 9:36:18 PM java.util.prefs.WindowsPreferences <init>
2024-03-27 21:36:18,315 [ERROR] LogOutputStream:75 - [STDERR_REDIRECT] WARNING: Could not open/create prefs root node Software\JavaSoft\Prefs at root 0xffffffff80000002. Windows RegCreateKeyEx(...) returned error code 5.
2024-03-27 21:36:18,315 [ERROR] LogOutputStream:75 - [STDERR_REDIRECT] 
2024-03-27 21:36:18,684 [INFO] MainUpdater:2873 - connection check result : 10
2024-03-27 21:36:18,686 [INFO] MainUpdater:290 - Updater Check For Update Now.
2024-03-27 21:36:18,686 [INFO] MicroXplorer:498 - Change Database Version : DB.6.0.100
2024-03-27 21:36:18,710 [INFO] McuFinderGlobals:63 - Set McuFinder mode to 2 (CubeIDE integrated)
2024-03-27 21:36:18,893 [INFO] CheckServerUpdateThread:120 - End of CheckServer Thread
2024-03-27 21:36:20,038 [WARN] PackLoader:240 - Cannot read IP mode file for STMicroelectronics.X-CUBE-SMBUS.2.1.0
2024-03-27 21:36:20,053 [WARN] PackLoader:240 - Cannot read IP mode file for STMicroelectronics.X-CUBE-TOUCHGFX.4.23.1
2024-03-27 21:36:20,063 [WARN] PackLoader:240 - Cannot read IP mode file for STMicroelectronics.X-CUBE-TOUCHGFX.4.23.0
2024-03-27 21:36:20,090 [INFO] UserAuth:404 - Internet connection configuration mode: 1
2024-03-27 21:36:20,103 [WARN] PackLoader:240 - Cannot read IP mode file for STMicroelectronics.X-CUBE-AZRTOS-F7.1.1.0
2024-03-27 21:36:20,118 [INFO] JxBrowserEngine:152 - Initiate JxBrowser Engine with user profile folder
2024-03-27 21:36:20,119 [WARN] PackLoader:240 - Cannot read IP mode file for STMicroelectronics.FP-SNS-MOTENV1.4.3.2
2024-03-27 21:36:20,133 [WARN] PackLoader:240 - Cannot read IP mode file for STMicroelectronics.FP-SNS-FLIGHT1.5.0.2
2024-03-27 21:36:20,150 [WARN] PackLoader:240 - Cannot read IP mode file for STMicroelectronics.X-CUBE-DISPLAY.3.0.0
2024-03-27 21:36:20,168 [WARN] PackLoader:240 - Cannot read IP mode file for STMicroelectronics.X-CUBE-BLE1.7.0.0
2024-03-27 21:36:20,181 [WARN] PackLoader:240 - Cannot read IP mode file for emotas.I-CUBE-CANOPEN.1.3.0
2024-03-27 21:36:20,199 [WARN] PackLoader:240 - Cannot read IP mode file for STMicroelectronics.X-CUBE-BLEMGR.3.1.0
2024-03-27 21:36:20,215 [WARN] PackLoader:240 - Cannot read IP mode file for STMicroelectronics.FP-SNS-SMARTAG2.1.2.0
2024-03-27 21:36:20,238 [INFO] LogOutputStream:77 - [STDOUT_REDIRECT] 1 : Invalid condition id : UX_CORESTACK_Condition cause : null
2024-03-27 21:36:20,239 [INFO] LogOutputStream:77 - [STDOUT_REDIRECT] 1 : Invalid condition id : UX_CORESTACK_Condition cause : null
2024-03-27 21:36:20,241 [INFO] LogOutputStream:77 - [STDOUT_REDIRECT] 1 : Invalid condition id : UX_CORESTACK_Condition cause : null
2024-03-27 21:36:20,242 [INFO] LogOutputStream:77 - [STDOUT_REDIRECT] 1 : Invalid condition id : UX_CORESTACK_Condition cause : null
2024-03-27 21:36:20,243 [INFO] LogOutputStream:77 - [STDOUT_REDIRECT] 1 : Invalid condition id : UX_CORESTACK_Condition cause : null
2024-03-27 21:36:20,247 [WARN] PackLoader:240 - Cannot read IP mode file for STMicroelectronics.X-CUBE-AZRTOS-WL.2.0.0
2024-03-27 21:36:20,260 [WARN] PackLoader:240 - Cannot read IP mode file for STMicroelectronics.FP-SNS-MOTENV1.5.0.0
2024-03-27 21:36:20,277 [WARN] PackLoader:240 - Cannot read IP mode file for WES.I-CUBE-Cesium.1.3.0
2024-03-27 21:36:20,288 [WARN] PackLoader:240 - Cannot read IP mode file for STMicroelectronics.X-CUBE-BLE2.3.3.0
2024-03-27 21:36:20,308 [WARN] PackLoader:240 - Cannot read IP mode file for STMicroelectronics.X-CUBE-ALGOBUILD.1.3.0
2024-03-27 21:36:20,420 [WARN] PackLoader:240 - Cannot read IP mode file for STMicroelectronics.X-CUBE-AZRTOS-G0.1.1.0
2024-03-27 21:36:20,434 [WARN] PackLoader:240 - Cannot read IP mode file for STMicroelectronics.X-CUBE-SAFEA1.1.2.2
2024-03-27 21:36:20,448 [WARN] PackLoader:240 - Cannot read IP mode file for STMicroelectronics.X-CUBE-NFC4.3.0.0
2024-03-27 21:36:20,460 [WARN] PackLoader:240 - Cannot read IP mode file for STMicroelectronics.FP-ATR-SIGFOX1.3.2.0
2024-03-27 21:36:20,472 [WARN] PackLoader:240 - Cannot read IP mode file for STMicroelectronics.X-CUBE-EEPRMA1.5.1.0
2024-03-27 21:36:20,509 [WARN] PackLoader:240 - Cannot read IP mode file for SEGGER.I-CUBE-embOS.1.3.1
2024-03-27 21:36:20,549 [WARN] PackLoader:240 - Cannot read IP mode file for STMicroelectronics.X-CUBE-GNSS1.6.0.0
2024-03-27 21:36:20,576 [WARN] PackLoader:240 - Cannot read IP mode file for STMicroelectronics.X-CUBE-AZRTOS-F4.1.1.0
2024-03-27 21:36:20,605 [WARN] PackLoader:240 - Cannot read IP mode file for STMicroelectronics.X-CUBE-AZRTOS-L5.2.0.0
2024-03-27 21:36:20,620 [WARN] PackLoader:240 - Cannot read IP mode file for STMicroelectronics.X-CUBE-NFC6.3.1.0
2024-03-27 21:36:20,633 [WARN] PackLoader:240 - Cannot read IP mode file for ITTIA_DB.I-CUBE-ITTIADB.8.8.0
2024-03-27 21:36:20,644 [WARN] PackLoader:240 - Cannot read IP mode file for STMicroelectronics.X-CUBE-NFC7.1.0.1
2024-03-27 21:36:20,660 [WARN] PackLoader:240 - Cannot read IP mode file for STMicroelectronics.X-CUBE-NFC6.3.0.0
2024-03-27 21:36:20,676 [WARN] PackLoader:240 - Cannot read IP mode file for STMicroelectronics.X-CUBE-AI.8.1.0
2024-03-27 21:36:20,710 [WARN] ConditionMgr:438 - getConditionDescription Invalid condition id : LAN8742 Phy interface Condition cause : null
2024-03-27 21:36:20,711 [WARN] PackLoader:240 - Cannot read IP mode file for STMicroelectronics.X-CUBE-AZRTOS-L4.2.0.0
2024-03-27 21:36:20,712 [WARN] ConditionMgr:1039 - genDependencies : Invalid condition id : LAN8742 Phy interface Condition cause : null
2024-03-27 21:36:20,712 [WARN] ConditionMgr:1039 - genDependencies : Invalid condition id : LAN8742 Phy interface Condition cause : null
2024-03-27 21:36:20,713 [WARN] ConditionMgr:1039 - genDependencies : Invalid condition id : LAN8742 Phy interface Condition cause : null
2024-03-27 21:36:20,744 [WARN] PackLoader:240 - Cannot read IP mode file for STMicroelectronics.X-CUBE-SFXS2LP1.4.0.0
2024-03-27 21:36:20,775 [WARN] ConditionMgr:438 - getConditionDescription Invalid condition id : UX DEVICE CLASS RTOS Condition cause : null
2024-03-27 21:36:20,775 [WARN] ConditionMgr:438 - getConditionDescription Invalid condition id : UX DEVICE CLASS RTOS Condition cause : null
2024-03-27 21:36:20,777 [WARN] PackLoader:240 - Cannot read IP mode file for STMicroelectronics.X-CUBE-AZRTOS-WB.2.0.0
2024-03-27 21:36:20,778 [WARN] ConditionMgr:1039 - genDependencies : Invalid condition id : UX DEVICE CLASS RTOS Condition cause : null
2024-03-27 21:36:20,778 [WARN] ConditionMgr:1039 - genDependencies : Invalid condition id : UX DEVICE CLASS RTOS Condition cause : null
2024-03-27 21:36:20,779 [WARN] ConditionMgr:1039 - genDependencies : Invalid condition id : UX DEVICE CLASS RTOS Condition cause : null
2024-03-27 21:36:20,779 [WARN] ConditionMgr:1039 - genDependencies : Invalid condition id : UX DEVICE CLASS RTOS Condition cause : null
2024-03-27 21:36:20,779 [WARN] ConditionMgr:1039 - genDependencies : Invalid condition id : UX DEVICE CLASS RTOS Condition cause : null
2024-03-27 21:36:20,797 [WARN] PackLoader:240 - Cannot read IP mode file for STMicroelectronics.X-CUBE-SUBG2.5.0.0
2024-03-27 21:36:20,825 [WARN] PackLoader:240 - Cannot read IP mode file for STMicroelectronics.X-CUBE-AZRTOS-G4.2.0.0
2024-03-27 21:36:20,847 [WARN] PackLoader:240 - Cannot read IP mode file for Infineon.AIROC-Wi-Fi-Bluetooth-STM32.1.5.1
2024-03-27 21:36:20,861 [WARN] PackLoader:240 - Cannot read IP mode file for STMicroelectronics.FP-SNS-MOTENVWB1.1.3.1
2024-03-27 21:36:20,872 [WARN] PackLoader:240 - Cannot read IP mode file for STMicroelectronics.X-CUBE-ISPU.2.0.0
2024-03-27 21:36:20,916 [WARN] PackLoader:240 - Cannot read IP mode file for STMicroelectronics.X-CUBE-MEMS1.10.0.0
2024-03-27 21:36:21,035 [WARN] PackLoader:240 - Cannot read IP mode file for STMicroelectronics.X-CUBE-FREERTOS.1.1.0
2024-03-27 21:36:21,047 [WARN] PackLoader:240 - Cannot read IP mode file for portGmbH.I-Cube-SoM-uGOAL.1.1.0
2024-03-27 21:36:21,057 [WARN] PackLoader:240 - Cannot read IP mode file for STMicroelectronics.X-CUBE-ALS.1.0.1
2024-03-27 21:36:21,067 [WARN] PackLoader:240 - Cannot read IP mode file for STMicroelectronics.FP-ATR-ASTRA1.2.0.0
2024-03-27 21:36:21,087 [WARN] PackLoader:240 - Cannot read IP mode file for STMicroelectronics.X-CUBE-TOF1.3.4.1
2024-03-27 21:36:21,122 [WARN] PackLoader:240 - Cannot read IP mode file for STMicroelectronics.X-CUBE-AZRTOS-H7.3.2.0
2024-03-27 21:36:21,125 [INFO] ThirdParty:978 - Integrity check success = true
2024-03-27 21:36:21,125 [INFO] IntegrityCheckThread:100 - exiting critical section [integrity check]
2024-03-27 21:36:21,126 [INFO] IntegrityCheckThread:103 - End integrity checks thread
2024-03-27 21:36:22,582 [INFO] WebApp:161 - Instantiating new browser for Auth
2024-03-27 21:36:23,192 [INFO] WebApp:780 - Register for checkConnection events
2024-03-27 21:36:23,192 [INFO] WebApp:414 - Apply proxy settings
2024-03-27 21:36:23,192 [INFO] WebApp:499 - Chromium requires no authentication
2024-03-27 21:36:23,200 [INFO] WebApp:442 - Direct internet connection detected
2024-03-27 21:36:23,362 [INFO] WebApp:192 - Starting web application
2024-03-27 21:36:23,363 [INFO] WebApp:544 - Web application path used C:\ST\STM32CubeIDE_1.14.1\STM32CubeIDE\plugins\com.st.stm32cube.common.mx_6.10.0.202311202037\db\plugins\mcufinder\reactClient1\index.html
2024-03-27 21:36:44,419 [ERROR] LogOutputStream:75 - [STDERR_REDIRECT] SLF4J: Failed to load class "org.slf4j.impl.StaticLoggerBinder".
2024-03-27 21:36:44,420 [ERROR] LogOutputStream:75 - [STDERR_REDIRECT] SLF4J: Defaulting to no-operation (NOP) logger implementation
2024-03-27 21:36:44,422 [ERROR] LogOutputStream:75 - [STDERR_REDIRECT] SLF4J: See http://www.slf4j.org/codes.html#StaticLoggerBinder for further details.
2024-03-27 22:13:22,260 [ERROR] LogOutputStream:75 - [STDERR_REDIRECT] 
