2024-04-19 01:19:48,908 [ERROR] LogOutputStream:75 - [STDERR_REDIRECT] 
2024-04-19 14:01:21,343 [INFO] Activator:176 - 


2024-04-19 14:01:21,345 [INFO] Activator:177 - !SESSION log4j initialized
2024-04-19 14:01:26,647 [INFO] LogOutputStream:77 - [STDOUT_REDIRECT] 
2024-04-19 14:01:28,998 [INFO] ApplicationProperties:184 - Using Application install path: C:\ST\STM32CubeIDE_1.14.1\STM32CubeIDE\plugins\com.st.stm32cube.common.mx_6.10.0.202311202037
2024-04-19 14:01:29,018 [INFO] DbMcusXml:78 - Set database path to: C:\ST\STM32CubeIDE_1.14.1\STM32CubeIDE\plugins\com.st.stm32cube.common.mx_6.10.0.202311202037\\db\/mcu/
2024-04-19 14:01:29,019 [INFO] ApiDb:274 - Set plugin database path to: C:\ST\STM32CubeIDE_1.14.1\STM32CubeIDE\plugins\com.st.stm32cube.common.mx_6.10.0.202311202037\\db\/plugins/boardmanager/
2024-04-19 14:01:29,019 [WARN] ApiDb:259 - Overriding images path with different value:  => C:\ST\STM32CubeIDE_1.14.1\STM32CubeIDE\plugins\com.st.stm32cube.common.mx_6.10.0.202311202037\\db\/plugins/mcufinder/images/
2024-04-19 14:01:29,027 [INFO] ApiDb:250 - Set database path to: C:\Users\nates\.stmcufinder\plugins\mcufinder//mcu/
2024-04-19 14:01:29,028 [INFO] DbMcusAds:125 - Set database path to: C:\Users\nates\.stmcufinder\plugins\mcufinder//mcu/
2024-04-19 14:01:29,030 [INFO] CrossReferenceDbSqlite:203 - Set database path to: C:\Users\nates\.stmcufinder\plugins\mcufinder//mcu/cs/
2024-04-19 14:01:29,150 [INFO] RulesReader:64 - Compatibility file has been processed (297 Rules)
2024-04-19 14:01:29,247 [INFO] DbMcusXml:78 - Set database path to: C:\ST\STM32CubeIDE_1.14.1\STM32CubeIDE\plugins\com.st.stm32cube.common.mx_6.10.0.202311202037\\db\/mcu/
2024-04-19 14:01:29,247 [INFO] ApiDb:274 - Set plugin database path to: C:\ST\STM32CubeIDE_1.14.1\STM32CubeIDE\plugins\com.st.stm32cube.common.mx_6.10.0.202311202037\\db\/plugins/boardmanager/
2024-04-19 14:01:29,247 [INFO] ApiDb:261 - Set plugin images path to: C:\ST\STM32CubeIDE_1.14.1\STM32CubeIDE\plugins\com.st.stm32cube.common.mx_6.10.0.202311202037\\db\/plugins/mcufinder/images/
2024-04-19 14:01:29,247 [WARN] DbFile:41 - Overriding database path with different value: C:\Users\nates\.stmcufinder\plugins\mcufinder/ => C:\Users\nates\.stmcufinder\plugins\mcufinder
2024-04-19 14:01:29,247 [INFO] ApiDb:250 - Set database path to: C:\Users\nates\.stmcufinder\plugins\mcufinder//mcu/
2024-04-19 14:01:29,247 [WARN] DbFile:41 - Overriding database path with different value: C:\Users\nates\.stmcufinder\plugins\mcufinder/ => C:\Users\nates\.stmcufinder\plugins\mcufinder
2024-04-19 14:01:29,247 [INFO] DbMcusAds:125 - Set database path to: C:\Users\nates\.stmcufinder\plugins\mcufinder//mcu/
2024-04-19 14:01:29,248 [WARN] DbFile:41 - Overriding database path with different value: C:\Users\nates\.stmcufinder\plugins\mcufinder/ => C:\Users\nates\.stmcufinder\plugins\mcufinder
2024-04-19 14:01:29,248 [WARN] DbFile:41 - Overriding database path with different value: C:\Users\nates\.stmcufinder\plugins\mcufinder/ => C:\Users\nates\.stmcufinder\plugins\mcufinder
2024-04-19 14:01:29,248 [INFO] CrossReferenceDbSqlite:203 - Set database path to: C:\Users\nates\.stmcufinder\plugins\mcufinder//mcu/cs/
2024-04-19 14:01:29,336 [INFO] MainPanel:264 - HeapMemory: 268435456
2024-04-19 14:01:29,467 [INFO] DbMcusXml:78 - Set database path to: C:\ST\STM32CubeIDE_1.14.1\STM32CubeIDE\plugins\com.st.stm32cube.common.mx_6.10.0.202311202037\\db\/mcu/
2024-04-19 14:01:29,467 [INFO] ApiDb:274 - Set plugin database path to: C:\ST\STM32CubeIDE_1.14.1\STM32CubeIDE\plugins\com.st.stm32cube.common.mx_6.10.0.202311202037\\db\/plugins/boardmanager/
2024-04-19 14:01:29,467 [INFO] ApiDb:261 - Set plugin images path to: C:\ST\STM32CubeIDE_1.14.1\STM32CubeIDE\plugins\com.st.stm32cube.common.mx_6.10.0.202311202037\\db\/plugins/mcufinder/images/
2024-04-19 14:01:29,467 [WARN] DbFile:41 - Overriding database path with different value: C:\Users\nates\.stmcufinder\plugins\mcufinder/ => C:\Users\nates\.stmcufinder\plugins\mcufinder
2024-04-19 14:01:29,467 [INFO] ApiDb:250 - Set database path to: C:\Users\nates\.stmcufinder\plugins\mcufinder//mcu/
2024-04-19 14:01:29,468 [WARN] DbFile:41 - Overriding database path with different value: C:\Users\nates\.stmcufinder\plugins\mcufinder/ => C:\Users\nates\.stmcufinder\plugins\mcufinder
2024-04-19 14:01:29,468 [INFO] DbMcusAds:125 - Set database path to: C:\Users\nates\.stmcufinder\plugins\mcufinder//mcu/
2024-04-19 14:01:29,468 [WARN] DbFile:41 - Overriding database path with different value: C:\Users\nates\.stmcufinder\plugins\mcufinder/ => C:\Users\nates\.stmcufinder\plugins\mcufinder
2024-04-19 14:01:29,468 [WARN] DbFile:41 - Overriding database path with different value: C:\Users\nates\.stmcufinder\plugins\mcufinder/ => C:\Users\nates\.stmcufinder\plugins\mcufinder
2024-04-19 14:01:29,468 [INFO] CrossReferenceDbSqlite:203 - Set database path to: C:\Users\nates\.stmcufinder\plugins\mcufinder//mcu/cs/
2024-04-19 14:01:29,486 [INFO] ApplicationProperties:184 - Using Application install path: C:\ST\STM32CubeIDE_1.14.1\STM32CubeIDE\plugins\com.st.stm32cube.common.mx_6.10.0.202311202037
2024-04-19 14:01:29,488 [INFO] PluginManage:196 - Search for loadable plugins [exclusion list=, ]
2024-04-19 14:01:29,489 [INFO] PluginManage:310 - Check plugin analytics
2024-04-19 14:01:29,647 [INFO] AnalyticsPlugin:253 - Accepted Software Licenses: 
2024-04-19 14:01:29,648 [INFO] AnalyticsPlugin:255 - Accepted CMSIS Pack Licenses: STMicroelectronics.X-CUBE-ALGOBUILD.1.3.0
2024-04-19 14:01:29,648 [INFO] AnalyticsPlugin:257 - Accepted Firmware Licenses: FW.G0.1.6.0,FW.L4.1.18.0
2024-04-19 14:01:29,650 [INFO] PluginManage:359 - Loaded plugin analytics (category:tool,tabindex:-1)
2024-04-19 14:01:29,650 [INFO] PluginManage:310 - Check plugin cadmodel
2024-04-19 14:01:29,663 [INFO] CADModel:105 - Init CAD model plugin
2024-04-19 14:01:29,663 [INFO] PluginManage:359 - Loaded plugin cadmodel (category:power,tabindex:5)
2024-04-19 14:01:29,664 [INFO] PluginManage:310 - Check plugin clock
2024-04-19 14:01:29,685 [INFO] PluginManage:359 - Loaded plugin clock (category:base,tabindex:2)
2024-04-19 14:01:29,686 [INFO] PluginManage:310 - Check plugin ddr
2024-04-19 14:01:29,690 [INFO] PluginManage:359 - Loaded plugin ddr (category:tool,tabindex:6)
2024-04-19 14:01:29,690 [INFO] PluginManage:310 - Check plugin filemanager
2024-04-19 14:01:29,838 [INFO] PluginManage:359 - Loaded plugin filemanager (category:base,tabindex:10)
2024-04-19 14:01:29,838 [INFO] PluginManage:310 - Check plugin ipmanager
2024-04-19 14:01:29,846 [INFO] PluginManage:359 - Loaded plugin ipmanager (category:base,tabindex:5)
2024-04-19 14:01:29,846 [INFO] PluginManage:310 - Check plugin lpbam
2024-04-19 14:01:29,863 [INFO] PluginManage:359 - Loaded plugin lpbam (category:base,tabindex:0)
2024-04-19 14:01:29,864 [INFO] PluginManage:310 - Check plugin memorymap
2024-04-19 14:01:29,887 [INFO] PluginManage:359 - Loaded plugin memorymap (category:base,tabindex:4)
2024-04-19 14:01:29,887 [INFO] PluginManage:310 - Check plugin pinoutandconfiguration
2024-04-19 14:01:29,904 [INFO] PluginManage:359 - Loaded plugin pinoutandconfiguration (category:base,tabindex:1)
2024-04-19 14:01:29,904 [INFO] PluginManage:310 - Check plugin pinoutconfig
2024-04-19 14:01:29,997 [WARN] SupportedApi:132 - Cannot load RTOS API schema: s4s-elt-must-match.1: The content of 'definitions' must match (annotation?, (simpleType | complexType)?, (unique | key | keyref)*)). A problem was found starting at: attribute.
2024-04-19 14:01:30,133 [INFO] PluginManage:359 - Loaded plugin pinoutconfig (category:base,tabindex:0)
2024-04-19 14:01:30,133 [INFO] PluginManage:310 - Check plugin power
2024-04-19 14:01:30,152 [INFO] PluginManage:359 - Loaded plugin power (category:power,tabindex:4)
2024-04-19 14:01:30,152 [INFO] PluginManage:310 - Check plugin projectmanager
2024-04-19 14:01:30,169 [INFO] PluginManage:359 - Loaded plugin projectmanager (category:projectmanager,tabindex:3)
2024-04-19 14:01:30,169 [INFO] PluginManage:310 - Check plugin thirdparty
2024-04-19 14:01:30,440 [INFO] PluginManage:359 - Loaded plugin thirdparty (category:base,tabindex:-1)
2024-04-19 14:01:30,440 [WARN] IntegrityCheckThread:84 - waiting for thirdparty lock release [integrity check]
2024-04-19 14:01:30,440 [INFO] PluginManage:310 - Check plugin tools
2024-04-19 14:01:30,440 [INFO] IntegrityCheckThread:86 - entering critical section [integrity check]
2024-04-19 14:01:30,440 [INFO] ThirdPartyUpdaterWithRetryManager:70 - Updater plugin not ready yet. [1/15]
2024-04-19 14:01:30,469 [INFO] PluginManage:359 - Loaded plugin tools (category:base,tabindex:7)
2024-04-19 14:01:30,469 [INFO] PluginManage:310 - Check plugin tutovideos
2024-04-19 14:01:30,655 [INFO] PluginManage:359 - Loaded plugin tutovideos (category:base,tabindex:-1)
2024-04-19 14:01:30,655 [INFO] PluginManage:310 - Check plugin updater
2024-04-19 14:01:30,667 [INFO] PluginManage:359 - Loaded plugin updater (category:base,tabindex:12)
2024-04-19 14:01:30,667 [INFO] PluginManage:310 - Check plugin userauth
2024-04-19 14:01:30,672 [INFO] UserAuth:114 - Init User Auth plugin
2024-04-19 14:01:30,672 [INFO] PluginManage:359 - Loaded plugin userauth (category:base,tabindex:14)
2024-04-19 14:01:30,673 [INFO] PluginManage:283 - PluginManage : Loaded plugins [17]
2024-04-19 14:01:30,880 [INFO] PinOutPanel:1499 - setPackage(No Configuration,No Configuration)
2024-04-19 14:01:30,952 [INFO] CADModel:165 - CPN selected for project level
2024-04-19 14:01:30,952 [INFO] CADModel:114 - Register for checkConnection events
2024-04-19 14:01:30,976 [INFO] IPUIPlugin:80 - create IPUIPlugin
2024-04-19 14:01:30,976 [INFO] PluginManager:220 - loadIPPluginJar : add adc
2024-04-19 14:01:31,007 [INFO] IPUIPlugin:80 - create IPUIPlugin
2024-04-19 14:01:31,007 [INFO] PluginManager:220 - loadIPPluginJar : add aes
2024-04-19 14:01:31,043 [INFO] IPUIPlugin:80 - create IPUIPlugin
2024-04-19 14:01:31,043 [INFO] PluginManager:220 - loadIPPluginJar : add can
2024-04-19 14:01:31,062 [INFO] IPUIPlugin:80 - create IPUIPlugin
2024-04-19 14:01:31,063 [INFO] PluginManager:220 - loadIPPluginJar : add comp
2024-04-19 14:01:31,091 [INFO] IPUIPlugin:80 - create IPUIPlugin
2024-04-19 14:01:31,091 [INFO] PluginManager:220 - loadIPPluginJar : add cryp
2024-04-19 14:01:31,116 [INFO] IPUIPlugin:80 - create IPUIPlugin
2024-04-19 14:01:31,117 [INFO] PluginManager:220 - loadIPPluginJar : add dfsdm
2024-04-19 14:01:31,131 [INFO] IPUIPlugin:80 - create IPUIPlugin
2024-04-19 14:01:31,131 [INFO] PluginManager:220 - loadIPPluginJar : add dma
2024-04-19 14:01:31,168 [INFO] IPUIPlugin:80 - create IPUIPlugin
2024-04-19 14:01:31,168 [INFO] PluginManager:220 - loadIPPluginJar : add dma3
2024-04-19 14:01:31,185 [INFO] IPUIPlugin:80 - create IPUIPlugin
2024-04-19 14:01:31,185 [INFO] PluginManager:220 - loadIPPluginJar : add fatfs
2024-04-19 14:01:31,225 [INFO] IPUIPlugin:80 - create IPUIPlugin
2024-04-19 14:01:31,225 [INFO] PluginManager:220 - loadIPPluginJar : add fmc
2024-04-19 14:01:31,239 [INFO] IPUIPlugin:80 - create IPUIPlugin
2024-04-19 14:01:31,239 [INFO] PluginManager:220 - loadIPPluginJar : add freertos
2024-04-19 14:01:31,256 [INFO] IPUIPlugin:80 - create IPUIPlugin
2024-04-19 14:01:31,256 [INFO] PluginManager:220 - loadIPPluginJar : add genericplugin
2024-04-19 14:01:31,333 [INFO] IPUIPlugin:80 - create IPUIPlugin
2024-04-19 14:01:31,333 [INFO] PluginManager:220 - loadIPPluginJar : add gfxmmu
2024-04-19 14:01:31,443 [INFO] IPUIPlugin:80 - create IPUIPlugin
2024-04-19 14:01:31,443 [INFO] PluginManager:220 - loadIPPluginJar : add gic
2024-04-19 14:01:31,456 [INFO] IPUIPlugin:80 - create IPUIPlugin
2024-04-19 14:01:31,456 [INFO] PluginManager:220 - loadIPPluginJar : add gpio
2024-04-19 14:01:31,539 [INFO] IPUIPlugin:80 - create IPUIPlugin
2024-04-19 14:01:31,539 [INFO] PluginManager:220 - loadIPPluginJar : add gtzc
2024-04-19 14:01:31,567 [INFO] IPUIPlugin:80 - create IPUIPlugin
2024-04-19 14:01:31,567 [INFO] PluginManager:220 - loadIPPluginJar : add hash
2024-04-19 14:01:31,612 [INFO] IPUIPlugin:80 - create IPUIPlugin
2024-04-19 14:01:31,612 [INFO] PluginManager:220 - loadIPPluginJar : add i2c
2024-04-19 14:01:31,645 [INFO] IPUIPlugin:80 - create IPUIPlugin
2024-04-19 14:01:31,646 [INFO] PluginManager:220 - loadIPPluginJar : add i2s
2024-04-19 14:01:31,681 [INFO] IPUIPlugin:80 - create IPUIPlugin
2024-04-19 14:01:31,681 [INFO] PluginManager:220 - loadIPPluginJar : add i3c
2024-04-19 14:01:31,779 [INFO] IPUIPlugin:80 - create IPUIPlugin
2024-04-19 14:01:31,779 [INFO] PluginManager:220 - loadIPPluginJar : add ipddr
2024-04-19 14:01:31,858 [INFO] IPUIPlugin:80 - create IPUIPlugin
2024-04-19 14:01:31,858 [INFO] PluginManager:220 - loadIPPluginJar : add linkedlist
2024-04-19 14:01:31,889 [INFO] IPUIPlugin:80 - create IPUIPlugin
2024-04-19 14:01:31,889 [INFO] PluginManager:220 - loadIPPluginJar : add lorawan
2024-04-19 14:01:31,920 [INFO] IPUIPlugin:80 - create IPUIPlugin
2024-04-19 14:01:31,921 [INFO] PluginManager:220 - loadIPPluginJar : add ltdc
2024-04-19 14:01:31,933 [INFO] IPUIPlugin:80 - create IPUIPlugin
2024-04-19 14:01:31,933 [INFO] PluginManager:220 - loadIPPluginJar : add mdma
2024-04-19 14:01:31,944 [INFO] IPUIPlugin:80 - create IPUIPlugin
2024-04-19 14:01:31,944 [INFO] PluginManager:220 - loadIPPluginJar : add nvic
2024-04-19 14:01:31,975 [INFO] IPUIPlugin:80 - create IPUIPlugin
2024-04-19 14:01:31,975 [INFO] PluginManager:220 - loadIPPluginJar : add opamp
2024-04-19 14:01:32,025 [INFO] IPUIPlugin:80 - create IPUIPlugin
2024-04-19 14:01:32,025 [INFO] PluginManager:220 - loadIPPluginJar : add openamp
2024-04-19 14:01:32,061 [INFO] IPUIPlugin:80 - create IPUIPlugin
2024-04-19 14:01:32,061 [INFO] PluginManager:220 - loadIPPluginJar : add pdm2pcm
2024-04-19 14:01:32,073 [INFO] IPUIPlugin:80 - create IPUIPlugin
2024-04-19 14:01:32,075 [INFO] PluginManager:220 - loadIPPluginJar : add plateformsettings
2024-04-19 14:01:32,094 [INFO] IPUIPlugin:80 - create IPUIPlugin
2024-04-19 14:01:32,094 [INFO] PluginManager:220 - loadIPPluginJar : add quadspi
2024-04-19 14:01:32,106 [INFO] IPUIPlugin:80 - create IPUIPlugin
2024-04-19 14:01:32,107 [INFO] PluginManager:220 - loadIPPluginJar : add resmgrutility
2024-04-19 14:01:32,150 [INFO] IPUIPlugin:80 - create IPUIPlugin
2024-04-19 14:01:32,150 [INFO] PluginManager:220 - loadIPPluginJar : add sai
2024-04-19 14:01:32,181 [INFO] IPUIPlugin:80 - create IPUIPlugin
2024-04-19 14:01:32,181 [INFO] PluginManager:220 - loadIPPluginJar : add spi
2024-04-19 14:01:32,239 [INFO] IPUIPlugin:80 - create IPUIPlugin
2024-04-19 14:01:32,239 [INFO] PluginManager:220 - loadIPPluginJar : add stm32_wpan
2024-04-19 14:01:32,258 [INFO] IPUIPlugin:80 - create IPUIPlugin
2024-04-19 14:01:32,258 [INFO] PluginManager:220 - loadIPPluginJar : add tim
2024-04-19 14:01:32,305 [INFO] IPUIPlugin:80 - create IPUIPlugin
2024-04-19 14:01:32,305 [INFO] PluginManager:220 - loadIPPluginJar : add touchsensing
2024-04-19 14:01:32,324 [INFO] IPUIPlugin:80 - create IPUIPlugin
2024-04-19 14:01:32,324 [INFO] PluginManager:220 - loadIPPluginJar : add tracer_emb
2024-04-19 14:01:32,343 [INFO] IPUIPlugin:80 - create IPUIPlugin
2024-04-19 14:01:32,343 [INFO] PluginManager:220 - loadIPPluginJar : add ts
2024-04-19 14:01:32,361 [INFO] IPUIPlugin:80 - create IPUIPlugin
2024-04-19 14:01:32,361 [INFO] PluginManager:220 - loadIPPluginJar : add tsc
2024-04-19 14:01:32,379 [INFO] IPUIPlugin:80 - create IPUIPlugin
2024-04-19 14:01:32,379 [INFO] PluginManager:220 - loadIPPluginJar : add ucpd
2024-04-19 14:01:32,416 [INFO] IPUIPlugin:80 - create IPUIPlugin
2024-04-19 14:01:32,416 [INFO] PluginManager:220 - loadIPPluginJar : add usart
2024-04-19 14:01:32,452 [INFO] IPUIPlugin:80 - create IPUIPlugin
2024-04-19 14:01:32,453 [INFO] PluginManager:220 - loadIPPluginJar : add usbx
2024-04-19 14:01:32,583 [INFO] CADModel:165 - CPN selected for project level
2024-04-19 14:01:32,584 [INFO] CADModel:114 - Register for checkConnection events
2024-04-19 14:01:32,584 [FATAL] Updater:308 - Updater called before beeing initialized
2024-04-19 14:01:32,585 [ERROR] CADModel:125 - Updater not yet initialized, retry later 
2024-04-19 14:01:32,727 [INFO] CADModel:165 - CPN selected for project level
2024-04-19 14:01:32,727 [INFO] CADModel:114 - Register for checkConnection events
2024-04-19 14:01:32,727 [FATAL] Updater:308 - Updater called before beeing initialized
2024-04-19 14:01:32,727 [ERROR] CADModel:125 - Updater not yet initialized, retry later 
2024-04-19 14:01:32,730 [FATAL] Updater:308 - Updater called before beeing initialized
2024-04-19 14:01:32,840 [FATAL] Updater:308 - Updater called before beeing initialized
2024-04-19 14:01:32,849 [INFO] DbMcusAds:53 - JSON generation date=Wed Nov 29 05:52:27 EST 2023 (1701255147349)
2024-04-19 14:01:32,849 [FATAL] Updater:308 - Updater called before beeing initialized
2024-04-19 14:01:32,922 [WARN] DetailPanel:346 - Failed to get advertising image, set to default
2024-04-19 14:01:33,011 [FATAL] Updater:308 - Updater called before beeing initialized
2024-04-19 14:01:33,013 [FATAL] Updater:308 - Updater called before beeing initialized
2024-04-19 14:01:33,013 [FATAL] Updater:308 - Updater called before beeing initialized
2024-04-19 14:01:33,013 [WARN] DetailPanel:346 - Failed to get advertising image, set to default
2024-04-19 14:01:33,014 [FATAL] Updater:308 - Updater called before beeing initialized
2024-04-19 14:01:33,093 [ERROR] Updater:1120 - MainUpdater not yet initialized. External WinMGr cannot be set.
2024-04-19 14:01:33,103 [INFO] Updater:1056 - Updater Version found : 6.10.0
2024-04-19 14:01:33,124 [INFO] ApplicationProperties:184 - Using Application install path: C:\ST\STM32CubeIDE_1.14.1\STM32CubeIDE\plugins\com.st.stm32cube.common.mx_6.10.0.202311202037
2024-04-19 14:01:33,441 [INFO] ThirdPartyUpdaterWithRetryManager:70 - Updater plugin not ready yet. [2/15]
2024-04-19 14:01:34,709 [ERROR] LogOutputStream:75 - [STDERR_REDIRECT] Apr 19, 2024 2:01:34 PM java.util.prefs.WindowsPreferences <init>
2024-04-19 14:01:34,711 [ERROR] LogOutputStream:75 - [STDERR_REDIRECT] WARNING: Could not open/create prefs root node Software\JavaSoft\Prefs at root 0xffffffff80000002. Windows RegCreateKeyEx(...) returned error code 5.
2024-04-19 14:01:34,712 [ERROR] LogOutputStream:75 - [STDERR_REDIRECT] 
2024-04-19 14:01:35,039 [INFO] MainUpdater:2873 - connection check result : 10
2024-04-19 14:01:35,040 [INFO] MainUpdater:290 - Updater Check For Update Now.
2024-04-19 14:01:35,040 [INFO] MicroXplorer:498 - Change Database Version : DB.6.0.100
2024-04-19 14:01:35,057 [INFO] McuFinderGlobals:63 - Set McuFinder mode to 2 (CubeIDE integrated)
2024-04-19 14:01:35,246 [INFO] CheckServerUpdateThread:120 - End of CheckServer Thread
2024-04-19 14:01:35,364 [INFO] UserAuth:404 - Internet connection configuration mode: 1
2024-04-19 14:01:35,415 [INFO] JxBrowserEngine:152 - Initiate JxBrowser Engine with user profile folder
2024-04-19 14:01:36,615 [WARN] PackLoader:240 - Cannot read IP mode file for STMicroelectronics.FP-SNS-MOTENVWB1.1.4.0
2024-04-19 14:01:36,632 [WARN] PackLoader:240 - Cannot read IP mode file for STMicroelectronics.X-CUBE-SMBUS.2.1.0
2024-04-19 14:01:36,646 [WARN] PackLoader:240 - Cannot read IP mode file for STMicroelectronics.X-CUBE-TOUCHGFX.4.23.1
2024-04-19 14:01:36,655 [WARN] PackLoader:240 - Cannot read IP mode file for STMicroelectronics.X-CUBE-TOUCHGFX.4.23.0
2024-04-19 14:01:36,666 [WARN] PackLoader:240 - Cannot read IP mode file for STMicroelectronics.X-CUBE-TOUCHGFX.4.23.2
2024-04-19 14:01:36,708 [WARN] PackLoader:240 - Cannot read IP mode file for STMicroelectronics.X-CUBE-AZRTOS-F7.1.1.0
2024-04-19 14:01:36,724 [WARN] PackLoader:240 - Cannot read IP mode file for STMicroelectronics.FP-SNS-MOTENV1.4.3.2
2024-04-19 14:01:36,738 [WARN] PackLoader:240 - Cannot read IP mode file for STMicroelectronics.FP-SNS-FLIGHT1.5.0.2
2024-04-19 14:01:36,754 [WARN] PackLoader:240 - Cannot read IP mode file for STMicroelectronics.X-CUBE-DISPLAY.3.0.0
2024-04-19 14:01:36,773 [WARN] PackLoader:240 - Cannot read IP mode file for STMicroelectronics.X-CUBE-BLE1.7.0.0
2024-04-19 14:01:36,787 [WARN] PackLoader:240 - Cannot read IP mode file for emotas.I-CUBE-CANOPEN.1.3.0
2024-04-19 14:01:36,806 [WARN] PackLoader:240 - Cannot read IP mode file for STMicroelectronics.X-CUBE-BLEMGR.3.1.0
2024-04-19 14:01:36,821 [WARN] PackLoader:240 - Cannot read IP mode file for STMicroelectronics.FP-SNS-SMARTAG2.1.2.0
2024-04-19 14:01:36,841 [INFO] LogOutputStream:77 - [STDOUT_REDIRECT] 1 : Invalid condition id : UX_CORESTACK_Condition cause : null
2024-04-19 14:01:36,841 [INFO] LogOutputStream:77 - [STDOUT_REDIRECT] 1 : Invalid condition id : UX_CORESTACK_Condition cause : null
2024-04-19 14:01:36,843 [INFO] LogOutputStream:77 - [STDOUT_REDIRECT] 1 : Invalid condition id : UX_CORESTACK_Condition cause : null
2024-04-19 14:01:36,844 [INFO] LogOutputStream:77 - [STDOUT_REDIRECT] 1 : Invalid condition id : UX_CORESTACK_Condition cause : null
2024-04-19 14:01:36,845 [INFO] LogOutputStream:77 - [STDOUT_REDIRECT] 1 : Invalid condition id : UX_CORESTACK_Condition cause : null
2024-04-19 14:01:36,847 [WARN] PackLoader:240 - Cannot read IP mode file for STMicroelectronics.X-CUBE-AZRTOS-WL.2.0.0
2024-04-19 14:01:36,859 [WARN] PackLoader:240 - Cannot read IP mode file for STMicroelectronics.FP-SNS-MOTENV1.5.0.0
2024-04-19 14:01:36,873 [WARN] PackLoader:240 - Cannot read IP mode file for WES.I-CUBE-Cesium.1.3.0
2024-04-19 14:01:36,884 [WARN] PackLoader:240 - Cannot read IP mode file for STMicroelectronics.X-CUBE-BLE2.3.3.0
2024-04-19 14:01:36,895 [WARN] PackLoader:240 - Cannot read IP mode file for STMicroelectronics.X-CUBE-TCPP.4.1.0
2024-04-19 14:01:36,911 [WARN] PackLoader:240 - Cannot read IP mode file for STMicroelectronics.X-CUBE-ALGOBUILD.1.3.0
2024-04-19 14:01:37,025 [WARN] PackLoader:240 - Cannot read IP mode file for STMicroelectronics.X-CUBE-AZRTOS-G0.1.1.0
2024-04-19 14:01:37,040 [WARN] PackLoader:240 - Cannot read IP mode file for STMicroelectronics.X-CUBE-SAFEA1.1.2.2
2024-04-19 14:01:37,055 [WARN] PackLoader:240 - Cannot read IP mode file for STMicroelectronics.X-CUBE-NFC4.3.0.0
2024-04-19 14:01:37,067 [WARN] PackLoader:240 - Cannot read IP mode file for STMicroelectronics.FP-ATR-SIGFOX1.3.2.0
2024-04-19 14:01:37,087 [WARN] PackLoader:240 - Cannot read IP mode file for STMicroelectronics.X-CUBE-EEPRMA1.5.1.0
2024-04-19 14:01:37,154 [WARN] PackLoader:240 - Cannot read IP mode file for SEGGER.I-CUBE-embOS.1.3.1
2024-04-19 14:01:37,210 [WARN] PackLoader:240 - Cannot read IP mode file for STMicroelectronics.X-CUBE-GNSS1.6.0.0
2024-04-19 14:01:37,245 [WARN] PackLoader:240 - Cannot read IP mode file for STMicroelectronics.X-CUBE-AZRTOS-F4.1.1.0
2024-04-19 14:01:37,277 [WARN] PackLoader:240 - Cannot read IP mode file for STMicroelectronics.X-CUBE-AZRTOS-L5.2.0.0
2024-04-19 14:01:37,351 [WARN] PackLoader:240 - Cannot read IP mode file for STMicroelectronics.X-CUBE-NFC6.3.1.0
2024-04-19 14:01:37,367 [WARN] PackLoader:240 - Cannot read IP mode file for ITTIA_DB.I-CUBE-ITTIADB.8.8.0
2024-04-19 14:01:37,380 [WARN] PackLoader:240 - Cannot read IP mode file for STMicroelectronics.X-CUBE-AI.9.0.0
2024-04-19 14:01:37,394 [WARN] PackLoader:240 - Cannot read IP mode file for STMicroelectronics.X-CUBE-NFC7.1.0.1
2024-04-19 14:01:37,549 [WARN] PackLoader:240 - Cannot read IP mode file for STMicroelectronics.X-CUBE-NFC6.3.0.0
2024-04-19 14:01:37,561 [WARN] PackLoader:240 - Cannot read IP mode file for STMicroelectronics.X-CUBE-AI.8.1.0
2024-04-19 14:01:37,590 [WARN] ConditionMgr:438 - getConditionDescription Invalid condition id : LAN8742 Phy interface Condition cause : null
2024-04-19 14:01:37,591 [WARN] PackLoader:240 - Cannot read IP mode file for STMicroelectronics.X-CUBE-AZRTOS-L4.2.0.0
2024-04-19 14:01:37,592 [WARN] ConditionMgr:1039 - genDependencies : Invalid condition id : LAN8742 Phy interface Condition cause : null
2024-04-19 14:01:37,593 [WARN] ConditionMgr:1039 - genDependencies : Invalid condition id : LAN8742 Phy interface Condition cause : null
2024-04-19 14:01:37,593 [WARN] ConditionMgr:1039 - genDependencies : Invalid condition id : LAN8742 Phy interface Condition cause : null
2024-04-19 14:01:37,608 [WARN] PackLoader:240 - Cannot read IP mode file for STMicroelectronics.X-CUBE-SFXS2LP1.4.0.0
2024-04-19 14:01:37,631 [WARN] ConditionMgr:438 - getConditionDescription Invalid condition id : UX DEVICE CLASS RTOS Condition cause : null
2024-04-19 14:01:37,632 [WARN] ConditionMgr:438 - getConditionDescription Invalid condition id : UX DEVICE CLASS RTOS Condition cause : null
2024-04-19 14:01:37,634 [WARN] PackLoader:240 - Cannot read IP mode file for STMicroelectronics.X-CUBE-AZRTOS-WB.2.0.0
2024-04-19 14:01:37,634 [WARN] ConditionMgr:1039 - genDependencies : Invalid condition id : UX DEVICE CLASS RTOS Condition cause : null
2024-04-19 14:01:37,634 [WARN] ConditionMgr:1039 - genDependencies : Invalid condition id : UX DEVICE CLASS RTOS Condition cause : null
2024-04-19 14:01:37,635 [WARN] ConditionMgr:1039 - genDependencies : Invalid condition id : UX DEVICE CLASS RTOS Condition cause : null
2024-04-19 14:01:37,635 [WARN] ConditionMgr:1039 - genDependencies : Invalid condition id : UX DEVICE CLASS RTOS Condition cause : null
2024-04-19 14:01:37,635 [WARN] ConditionMgr:1039 - genDependencies : Invalid condition id : UX DEVICE CLASS RTOS Condition cause : null
2024-04-19 14:01:37,668 [WARN] PackLoader:240 - Cannot read IP mode file for STMicroelectronics.X-CUBE-SUBG2.5.0.0
2024-04-19 14:01:37,724 [WARN] PackLoader:240 - Cannot read IP mode file for STMicroelectronics.X-CUBE-AZRTOS-G4.2.0.0
2024-04-19 14:01:37,767 [WARN] PackLoader:240 - Cannot read IP mode file for Infineon.AIROC-Wi-Fi-Bluetooth-STM32.1.5.1
2024-04-19 14:01:37,794 [WARN] PackLoader:240 - Cannot read IP mode file for STMicroelectronics.FP-SNS-MOTENVWB1.1.3.1
2024-04-19 14:01:37,815 [WARN] PackLoader:240 - Cannot read IP mode file for STMicroelectronics.X-CUBE-ISPU.2.0.0
2024-04-19 14:01:37,878 [WARN] PackLoader:240 - Cannot read IP mode file for STMicroelectronics.X-CUBE-MEMS1.10.0.0
2024-04-19 14:01:37,968 [INFO] WebApp:161 - Instantiating new browser for Auth
2024-04-19 14:01:37,989 [WARN] PackLoader:240 - Cannot read IP mode file for STMicroelectronics.X-CUBE-FREERTOS.1.1.0
2024-04-19 14:01:38,012 [WARN] PackLoader:240 - Cannot read IP mode file for portGmbH.I-Cube-SoM-uGOAL.1.1.0
2024-04-19 14:01:38,029 [WARN] PackLoader:240 - Cannot read IP mode file for STMicroelectronics.X-CUBE-ALS.1.0.1
2024-04-19 14:01:38,062 [WARN] PackLoader:240 - Cannot read IP mode file for STMicroelectronics.X-CUBE-AZRTOS-H7RS.1.0.0
2024-04-19 14:01:38,077 [WARN] PackLoader:240 - Cannot read IP mode file for STMicroelectronics.FP-ATR-ASTRA1.2.0.0
2024-04-19 14:01:38,101 [WARN] PackLoader:240 - Cannot read IP mode file for STMicroelectronics.X-CUBE-TOF1.3.4.1
2024-04-19 14:01:38,147 [WARN] PackLoader:240 - Cannot read IP mode file for STMicroelectronics.X-CUBE-AZRTOS-H7.3.2.0
2024-04-19 14:01:38,151 [INFO] ThirdParty:978 - Integrity check success = true
2024-04-19 14:01:38,151 [INFO] IntegrityCheckThread:100 - exiting critical section [integrity check]
2024-04-19 14:01:38,151 [INFO] IntegrityCheckThread:103 - End integrity checks thread
2024-04-19 14:01:38,689 [INFO] WebApp:780 - Register for checkConnection events
2024-04-19 14:01:38,689 [INFO] WebApp:414 - Apply proxy settings
2024-04-19 14:01:38,689 [INFO] WebApp:499 - Chromium requires no authentication
2024-04-19 14:01:38,697 [INFO] WebApp:442 - Direct internet connection detected
2024-04-19 14:01:38,862 [INFO] WebApp:192 - Starting web application
2024-04-19 14:01:38,863 [INFO] WebApp:544 - Web application path used C:\ST\STM32CubeIDE_1.14.1\STM32CubeIDE\plugins\com.st.stm32cube.common.mx_6.10.0.202311202037\db\plugins\mcufinder\reactClient1\index.html
2024-04-19 14:01:59,817 [ERROR] LogOutputStream:75 - [STDERR_REDIRECT] SLF4J: Failed to load class "org.slf4j.impl.StaticLoggerBinder".
2024-04-19 14:01:59,819 [ERROR] LogOutputStream:75 - [STDERR_REDIRECT] SLF4J: Defaulting to no-operation (NOP) logger implementation
2024-04-19 14:01:59,820 [ERROR] LogOutputStream:75 - [STDERR_REDIRECT] SLF4J: See http://www.slf4j.org/codes.html#StaticLoggerBinder for further details.
2024-04-19 14:20:49,935 [INFO] McuFinderGlobals:63 - Set McuFinder mode to 2 (CubeIDE integrated)
2024-04-19 14:20:49,962 [INFO] MainUpdater:2873 - connection check result : 10
2024-04-19 14:20:49,968 [INFO] MainUpdater:2873 - connection check result : 10
2024-04-19 14:20:50,154 [INFO] MicroXplorer:468 - Change Database Path : 
2024-04-19 14:20:50,154 [INFO] MicroXplorer:498 - Change Database Version : DB.6.0.100
2024-04-19 14:20:50,158 [WARN] ThirdParty:871 - waiting for thirdparty lock release [close project]
2024-04-19 14:20:50,158 [INFO] ThirdParty:873 - entering critical section [close project]
2024-04-19 14:20:50,160 [INFO] ThirdParty:883 - exiting critical section [close project]
2024-04-19 14:20:50,162 [INFO] PinOutPanel:1499 - setPackage(No Configuration,No Configuration)
2024-04-19 14:20:50,165 [INFO] UtilMem:75 - Begin LoadConfig() Used Memory: 619540760 Bytes (1073741824)
2024-04-19 14:20:50,166 [INFO] MicroXplorer:468 - Change Database Path : 
2024-04-19 14:20:50,166 [INFO] MicroXplorer:498 - Change Database Version : DB.6.0.100
2024-04-19 14:20:50,166 [INFO] OpenFileManager:312 - Change cursor
2024-04-19 14:20:50,176 [INFO] ThirdPartyDownloadManager:103 - Found SW packSTMicroelectronics.X-CUBE-ALGOBUILD.1.3.0up-to-date on disk
2024-04-19 14:20:50,220 [INFO] Mcu:2016 - Initializing MCU STM32L4R5ZITxP STM32L4R5ZITxP STM32L4R5ZIT6P
2024-04-19 14:20:53,689 [INFO] Context:659 - Trying to add GPIOservice into a context  which must be forbidden
2024-04-19 14:20:54,646 [INFO] ApiDbMcu:508 - Load IP Config File for STMicroelectronics.X-CUBE-ALGOBUILD.1.3.0
2024-04-19 14:20:54,880 [INFO] RtosManager:555 - Registered RTOS mode: class=CMSIS, group=RTOS, mode=CMSIS_V1, owner=FREERTOS
2024-04-19 14:20:54,880 [INFO] RtosManager:555 - Registered RTOS mode: class=CMSIS, group=RTOS2, mode=CMSIS_V2, owner=FREERTOS
2024-04-19 14:20:54,880 [INFO] RtosManager:555 - Registered RTOS mode: class=RTOS, group=Core, mode=CMSIS_V1, owner=FREERTOS
2024-04-19 14:20:54,880 [INFO] RtosManager:555 - Registered RTOS mode: class=RTOS, group=Core, mode=CMSIS_V2, owner=FREERTOS
2024-04-19 14:20:54,880 [WARN] ModelIntegratedComponent:184 - Missing modes for component STMicroelectronics:FreeRTOS:0.0.1:STMicroelectronics:RTOS:FreeRTOS:Core:::10.2.0:
2024-04-19 14:20:54,897 [WARN] ModelIntegratedComponent:63 - No mode defined for component null
2024-04-19 14:20:54,897 [WARN] ModelIntegratedComponent:63 - No mode defined for component null
2024-04-19 14:20:54,897 [WARN] ModelIntegratedComponent:63 - No mode defined for component null
2024-04-19 14:20:54,897 [WARN] ModelIntegratedComponent:63 - No mode defined for component null
2024-04-19 14:20:54,897 [WARN] ModelIntegratedComponent:63 - No mode defined for component null
2024-04-19 14:20:54,897 [WARN] ModelIntegratedComponent:63 - No mode defined for component null
2024-04-19 14:20:54,897 [WARN] ModelIntegratedComponent:63 - No mode defined for component null
2024-04-19 14:20:54,897 [WARN] ModelIntegratedComponent:63 - No mode defined for component null
2024-04-19 14:20:54,898 [WARN] ModelIntegratedComponent:63 - No mode defined for component null
2024-04-19 14:20:54,898 [WARN] ModelIntegratedComponent:63 - No mode defined for component null
2024-04-19 14:20:54,898 [WARN] ModelIntegratedComponent:63 - No mode defined for component null
2024-04-19 14:20:54,898 [WARN] ModelIntegratedComponent:63 - No mode defined for component null
2024-04-19 14:20:54,898 [WARN] ModelIntegratedComponent:63 - No mode defined for component null
2024-04-19 14:20:54,898 [WARN] ModelIntegratedComponent:63 - No mode defined for component null
2024-04-19 14:20:54,898 [WARN] ModelIntegratedComponent:63 - No mode defined for component null
2024-04-19 14:20:54,898 [WARN] ModelIntegratedComponent:63 - No mode defined for component null
2024-04-19 14:20:54,898 [WARN] ModelIntegratedComponent:63 - No mode defined for component null
2024-04-19 14:20:54,898 [WARN] ModelIntegratedComponent:63 - No mode defined for component null
2024-04-19 14:20:54,898 [WARN] ModelIntegratedComponent:63 - No mode defined for component null
2024-04-19 14:20:54,898 [WARN] ModelIntegratedComponent:63 - No mode defined for component null
2024-04-19 14:20:54,898 [WARN] ModelIntegratedComponent:63 - No mode defined for component null
2024-04-19 14:20:54,898 [WARN] ModelIntegratedComponent:63 - No mode defined for component null
2024-04-19 14:20:54,898 [WARN] ModelIntegratedComponent:63 - No mode defined for component null
2024-04-19 14:20:54,898 [WARN] ModelIntegratedComponent:63 - No mode defined for component null
2024-04-19 14:20:54,899 [WARN] ModelIntegratedComponent:63 - No mode defined for component null
2024-04-19 14:20:54,899 [WARN] ModelIntegratedComponent:63 - No mode defined for component null
2024-04-19 14:20:54,899 [WARN] ModelIntegratedComponent:63 - No mode defined for component null
2024-04-19 14:20:54,899 [WARN] ModelIntegratedComponent:63 - No mode defined for component null
2024-04-19 14:20:54,899 [WARN] ModelIntegratedComponent:63 - No mode defined for component null
2024-04-19 14:20:54,899 [WARN] ModelIntegratedComponent:63 - No mode defined for component null
2024-04-19 14:20:54,899 [WARN] ModelIntegratedComponent:63 - No mode defined for component null
2024-04-19 14:20:54,899 [WARN] ModelIntegratedComponent:63 - No mode defined for component null
2024-04-19 14:20:54,899 [WARN] ModelIntegratedComponent:63 - No mode defined for component null
2024-04-19 14:20:55,763 [INFO] ThirdPartyModel:298 - Start build external matchings
2024-04-19 14:20:56,174 [INFO] ThirdPartyModel:316 - End build external matchings
2024-04-19 14:20:56,198 [INFO] ImportTextPane:194 - (OptionalMessage_ERROR) IP (ADC1) : Parameter (CommonPathInternal) has invalid value (null|null|null|null)
2024-04-19 14:20:56,198 [INFO] ImportTextPane:194 - (OptionalMessage_ERROR) IP (DMA) : Parameter (Instance) has Id (ADC1) currently not set
2024-04-19 14:20:56,198 [INFO] ImportTextPane:194 - (OptionalMessage_ERROR) IP (DMA) : Parameter (Request) has Id (ADC1) currently not set
2024-04-19 14:20:56,198 [INFO] ImportTextPane:194 - (OptionalMessage_ERROR) IP (DMA) : Parameter (Direction) has Id (ADC1) currently not set
2024-04-19 14:20:56,198 [INFO] ImportTextPane:194 - (OptionalMessage_ERROR) IP (DMA) : Parameter (PeriphInc) has Id (ADC1) currently not set
2024-04-19 14:20:56,198 [INFO] ImportTextPane:194 - (OptionalMessage_ERROR) IP (DMA) : Parameter (MemInc) has Id (ADC1) currently not set
2024-04-19 14:20:56,199 [INFO] ImportTextPane:194 - (OptionalMessage_ERROR) IP (DMA) : Parameter (PeriphDataAlignment) has Id (ADC1) currently not set
2024-04-19 14:20:56,199 [INFO] ImportTextPane:194 - (OptionalMessage_ERROR) IP (DMA) : Parameter (MemDataAlignment) has Id (ADC1) currently not set
2024-04-19 14:20:56,199 [INFO] ImportTextPane:194 - (OptionalMessage_ERROR) IP (DMA) : Parameter (Mode) has Id (ADC1) currently not set
2024-04-19 14:20:56,200 [INFO] ImportTextPane:194 - (OptionalMessage_ERROR) IP (DMA) : Parameter (Priority) has Id (ADC1) currently not set
2024-04-19 14:20:56,200 [INFO] ImportTextPane:194 - (OptionalMessage_ERROR) IP (DMA) : Parameter (SignalID) has Id (ADC1) currently not set
2024-04-19 14:20:56,200 [INFO] ImportTextPane:194 - (OptionalMessage_ERROR) IP (DMA) : Parameter (Polarity) has Id (ADC1) currently not set
2024-04-19 14:20:56,200 [INFO] ImportTextPane:194 - (OptionalMessage_ERROR) IP (DMA) : Parameter (RequestNumber) has Id (ADC1) currently not set
2024-04-19 14:20:56,200 [INFO] ImportTextPane:194 - (OptionalMessage_ERROR) IP (DMA) : Parameter (SyncSignalID) has Id (ADC1) currently not set
2024-04-19 14:20:56,200 [INFO] ImportTextPane:194 - (OptionalMessage_ERROR) IP (DMA) : Parameter (SyncPolarity) has Id (ADC1) currently not set
2024-04-19 14:20:56,201 [INFO] ImportTextPane:194 - (OptionalMessage_ERROR) IP (DMA) : Parameter (SyncEnable) has Id (ADC1) currently not set
2024-04-19 14:20:56,201 [INFO] ImportTextPane:194 - (OptionalMessage_ERROR) IP (DMA) : Parameter (EventEnable) has Id (ADC1) currently not set
2024-04-19 14:20:56,201 [INFO] ImportTextPane:194 - (OptionalMessage_ERROR) IP (DMA) : Parameter (SyncRequestNumber) has Id (ADC1) currently not set
2024-04-19 14:20:56,822 [INFO] UtilMem:75 - End LoadConfig() Used Memory: 639429144 Bytes (1073741824)
2024-04-19 14:20:56,968 [INFO] ApiDb:581 - Connected to CubeFinder SQLite database (C:\Users\nates\.stmcufinder\plugins\mcufinder\mcu\cube-finder-db.db)
2024-04-19 14:20:57,068 [INFO] ApiDb:668 - CubeFinder database Data Model version=2.1
2024-04-19 14:20:57,068 [INFO] ApiDb:669 - CubeFinder database Configuration version=3.0.39
2024-04-19 14:20:57,069 [INFO] ApiDb:670 - CubeFinder database generation date=2024-02-19 (1708350410)
2024-04-19 14:20:57,069 [INFO] ApiDb:671 - CubeFinder database FW Pack versions=[FP-ATR-ASTRA1_V2.0.0, FP-SNS-FLIGHT1_V5.0.1, FP-SNS-FLIGHT1_V5.0.2, FP-SNS-MOTENV1_V4.3.1, FP-SNS-MOTENV1_V4.3.2, FP-SNS-MOTENVWB1_V1.3.1, FP-SNS-SMARTAG2_V1.2.0, STM32Cube_FW_C0_V1.1.0, STM32Cube_FW_F4_V1.28.0, STM32Cube_FW_F7_V1.17.0, STM32Cube_FW_G0_V1.6.2, STM32Cube_FW_G4_V1.5.2, STM32Cube_FW_H5_V0.5.1, STM32Cube_FW_H5_V1.1.1, STM32Cube_FW_H5_V1.2.0RC2, STM32Cube_FW_H7_V1.11.0, STM32Cube_FW_L0_V1.12.2, STM32Cube_FW_L5_V1.5.0, STM32Cube_FW_U5_V1.3.0RC4, STM32Cube_FW_U5_V1.4.0, STM32Cube_FW_WBA_V1.0.0RC1, STM32Cube_FW_WBA_V1.1.0RC1, STM32Cube_FW_WBA_V1.2.0, STM32Cube_FW_WBA_V1.2.0RC2, STM32Cube_FW_WB_V1.15.0RC1, STM32Cube_FW_WB_V1.16.0, STM32Cube_FW_WB_V1.16.0RC2, STM32Cube_FW_WB_V1.18.0, STM32Cube_FW_WL_V1.3.0, X-CUBE-ALGOBUILD_V1.3.0, X-CUBE-ALS_V1.0.1, X-CUBE-AZRTOS-F4_V1.1.0, X-CUBE-AZRTOS-F7_V1.1.0, X-CUBE-AZRTOS-G0_V1.1.0, X-CUBE-AZRTOS-G4_V2.0.0, X-CUBE-AZRTOS-H7_V3.2.0, X-CUBE-AZRTOS-L4_V1.0.0, X-CUBE-AZRTOS-L4_V2.0.0, X-CUBE-AZRTOS-L5_V1.1.0, X-CUBE-AZRTOS-WB_V2.0.0, X-CUBE-AZRTOS-WL_V2.0.0, X-CUBE-BLE1_V7.0.0, X-CUBE-BLE2_V3.3.0, X-CUBE-BLEMGR_V3.0.0, X-CUBE-EEPRMA1_V4.1.0, X-CUBE-EEPRMA1_V5.1.0, X-CUBE-FREERTOS_V1.1.0, X-CUBE-GNSS1_V6.0.0, X-CUBE-MEMS1_V10.0.0, X-CUBE-MEMS1_V9.1.0, X-CUBE-MEMS1_V9.4.0, X-CUBE-MEMS1_V9.6.0, X-CUBE-NFC4_V3.0.0, X-CUBE-NFC7_V1.0.1, X-CUBE-SFXS2LP1_V4.0.0, X-CUBE-SUBG2_V5.0.0, X-CUBE-TOF1_V3.4.0]
2024-04-19 14:20:59,779 [INFO] ApiDb:240 - Found 371 in-development CPN: [B-G473E-ZEST1S, B-WB1M-WPAN1, B-WL5M-SUBG1, NUCLEO-C031C6, NUCLEO-H503RB, NUCLEO-H563ZI, NUCLEO-U545RE-Q, NUCLEO-U5A5ZJ-Q, NUCLEO-WBA52CG, NUCLEO-WBA55CG, STEVAL-MKBOXPRO, STEVAL-PROTEUS1, STEVAL-STWINBX1, STM320518-EVAL, STM32C0116-DK, STM32C011D6Y3TR, STM32C011D6Y6TR, STM32C011F4P3, STM32C011F4P6, STM32C011F4U3, STM32C011F4U6TR, STM32C011F6P3, STM32C011F6P6, STM32C011F6U3, STM32C011F6U6TR, STM32C011J4M3, STM32C011J4M6, STM32C011J6M3, STM32C011J6M6, STM32C0316-DK, STM32C031C4T3, STM32C031C4T6, STM32C031C4U3, STM32C031C4U6, STM32C031C6T3, STM32C031C6T6, STM32C031C6U3, STM32C031C6U6, STM32C031F4P3, STM32C031F4P6, STM32C031F6P3, STM32C031F6P6, STM32C031G4U3, STM32C031G4U6, STM32C031G6U3, STM32C031G6U6, STM32C031K4T3, STM32C031K4T6, STM32C031K4U3, STM32C031K4U6, STM32C031K6T3, STM32C031K6T6, STM32C031K6U3, STM32C031K6U6, STM32G071K8TXN, STM32G071K8UXN, STM32G081GBU6N, STM32G081KBT6N, STM32G081KBUXN, STM32G0B1CCT6N, STM32G0B1KCT6, STM32G0B1NEY6TR, STM32G0B1RCT6N, STM32G0C1CCT6, STM32G0C1CCT6N, STM32G0C1CCU6N, STM32G0C1CET6N, STM32G0C1CEU6N, STM32G0C1KCT6, STM32G0C1NEY6TR, STM32G0C1RCI6N, STM32G0C1RCT6N, STM32G0C1REI6N, STM32G0C1RET6N, STM32G0C1VCI6, STM32G0C1VEI6, STM32G471CCT6, STM32G471CCU6, STM32G471CET3, STM32G471CET6, STM32G471CEU3, STM32G471CEU6, STM32G471MCT6, STM32G471MET3, STM32G471MET6, STM32G471MEY6TR, STM32G471QCT6, STM32G471QET3, STM32G471RCT6, STM32G471RET3, STM32G471RET6, STM32G471VCH6, STM32G471VCI6, STM32G471VCT6, STM32G471VEH3, STM32G471VEH6, STM32G471VEI3, STM32G471VEI6, STM32G471VET3, STM32G471VET6, STM32G474CCT6, STM32H503CBT6, STM32H503CBU6, STM32H503EBY6TR, STM32H503KBU6, STM32H503RBT6, STM32H562AGI6, STM32H562AII6, STM32H562IGK6, STM32H562IGT6, STM32H562IIK6, STM32H562IIT6, STM32H562RGT6, STM32H562RGV6, STM32H562RIT6, STM32H562RIV6, STM32H562VGT6, STM32H562VIT6, STM32H562ZGT6, STM32H562ZIT6, STM32H563AGI6, STM32H563AII3Q, STM32H563AII6, STM32H563IGK6, STM32H563IGT6, STM32H563IIK3Q, STM32H563IIK6, STM32H563IIT3Q, STM32H563IIT6, STM32H563MIY3QTR, STM32H563RGT6, STM32H563RGV6, STM32H563RIT6, STM32H563RIV6, STM32H563VGT6, STM32H563VIT3Q, STM32H563VIT6, STM32H563ZGT6, STM32H563ZIT3Q, STM32H563ZIT6, STM32H573AII3Q, STM32H573AII6, STM32H573I-DK, STM32H573IIK3Q, STM32H573IIK6, STM32H573IIT3Q, STM32H573IIT6, STM32H573MIY3QTR, STM32H573RIT6, STM32H573RIV6, STM32H573VIT3Q, STM32H573VIT6, STM32H573ZIT3Q, STM32H573ZIT6, STM32L4R5QGI6STR, STM32MP131AAE3, STM32MP131AAF3, STM32MP131AAG3, STM32MP131CAE3, STM32MP131CAF3, STM32MP131CAG3, STM32MP131DAE7, STM32MP131DAF7, STM32MP131DAG7, STM32MP131FAE7, STM32MP131FAF7, STM32MP131FAG7, STM32MP133AAE3, STM32MP133AAF3, STM32MP133AAG3, STM32MP133CAE3, STM32MP133CAF3, STM32MP133CAG3, STM32MP133DAE7, STM32MP133DAF7, STM32MP133DAG7, STM32MP133FAE7, STM32MP133FAF7, STM32MP133FAG7, STM32MP135AAE3, STM32MP135AAF3, STM32MP135AAG3, STM32MP135CAE3, STM32MP135CAF3, STM32MP135CAG3, STM32MP135DAE7, STM32MP135DAF7, STM32MP135DAG7, STM32MP135F-DK, STM32MP135FAE7, STM32MP135FAF7, STM32MP135FAF7T, STM32MP135FAF7U, STM32MP135FAG7, STM32U535CBT6, STM32U535CBT6Q, STM32U535CBU6, STM32U535CBU6Q, STM32U535CCT6, STM32U535CCT6Q, STM32U535CCU6, STM32U535CCU6Q, STM32U535CET6, STM32U535CET6Q, STM32U535CEU6, STM32U535CEU6Q, STM32U535JEY6QTR, STM32U535NCY6QTR, STM32U535NEY6QTR, STM32U535RBI6, STM32U535RBI6Q, STM32U535RBT6, STM32U535RBT6Q, STM32U535RCI6, STM32U535RCI6Q, STM32U535RCT6, STM32U535RCT6Q, STM32U535REI6, STM32U535REI6Q, STM32U535RET6, STM32U535RET6Q, STM32U535VCI6, STM32U535VCI6Q, STM32U535VCT6, STM32U535VCT6Q, STM32U535VEI6, STM32U535VEI6Q, STM32U535VET6, STM32U535VET6Q, STM32U545CET6, STM32U545CET6Q, STM32U545CEU6, STM32U545CEU6Q, STM32U545JEY6QTR, STM32U545NEY6QTR, STM32U545REI6, STM32U545REI6Q, STM32U545RET6, STM32U545RET6Q, STM32U545VEI6, STM32U545VEI6Q, STM32U545VET6, STM32U545VET6Q, STM32U595AIH6, STM32U595AIH6Q, STM32U595AJH6, STM32U595AJH6Q, STM32U595QII6, STM32U595QII6Q, STM32U595QJI6, STM32U595QJI6Q, STM32U595RIT6, STM32U595RIT6Q, STM32U595RJT6, STM32U595RJT6Q, STM32U595VIT6, STM32U595VIT6Q, STM32U595VJT6, STM32U595VJT6Q, STM32U595ZIT6, STM32U595ZIT6Q, STM32U595ZIY6QTR, STM32U595ZJT6, STM32U595ZJT6Q, STM32U595ZJY6QTR, STM32U599BJY6QTR, STM32U599NIH6Q, STM32U599NJH6Q, STM32U599VIT6Q, STM32U599VJT6, STM32U599VJT6Q, STM32U599ZIT6Q, STM32U599ZIY6QTR, STM32U599ZJT6Q, STM32U599ZJY6QTR, STM32U5A5AJH6, STM32U5A5AJH6Q, STM32U5A5QJI6, STM32U5A5QJI6Q, STM32U5A5RJT6, STM32U5A5RJT6Q, STM32U5A5VJT6, STM32U5A5VJT6Q, STM32U5A5ZJT6, STM32U5A5ZJT6Q, STM32U5A5ZJY6QTR, STM32U5A9BJY6QTR, STM32U5A9J-DK, STM32U5A9NJH6Q, STM32U5A9VJT6Q, STM32U5A9ZJT6Q, STM32U5A9ZJY6QTR, STM32U5F7VIT6, STM32U5F7VIT6Q, STM32U5F7VJT6, STM32U5F7VJT6Q, STM32U5F9BJY6QTR, STM32U5F9NJH6Q, STM32U5F9VIT6Q, STM32U5F9VJT6Q, STM32U5F9ZIJ6QTR, STM32U5F9ZIT6Q, STM32U5F9ZJJ6QTR, STM32U5F9ZJT6Q, STM32U5G7VJT6, STM32U5G7VJT6Q, STM32U5G9BJY6QTR, STM32U5G9J-DK1, STM32U5G9J-DK2, STM32U5G9NJH6Q, STM32U5G9VJT6Q, STM32U5G9ZJJ6QTR, STM32U5G9ZJT6Q, STM32WB1MMCH6, STM32WBA50KEU6, STM32WBA50KEU6TR, STM32WBA50KGU6, STM32WBA50KGU6TR, STM32WBA52CEU6, STM32WBA52CEU6TR, STM32WBA52CEU7, STM32WBA52CEU7TR, STM32WBA52CGU6, STM32WBA52CGU6TR, STM32WBA52CGU6U, STM32WBA52CGU7, STM32WBA52CGU7TR, STM32WBA52KEU6, STM32WBA52KEU6TR, STM32WBA52KGU6, STM32WBA52KGU6TR, STM32WBA54CEU6, STM32WBA54CEU6TR, STM32WBA54CEU7, STM32WBA54CEU7TR, STM32WBA54CGU6, STM32WBA54CGU6TR, STM32WBA54CGU7, STM32WBA54CGU7TR, STM32WBA54KEU6, STM32WBA54KEU6TR, STM32WBA54KEU7, STM32WBA54KEU7TR, STM32WBA54KGU6, STM32WBA54KGU6TR, STM32WBA54KGU7, STM32WBA54KGU7TR, STM32WBA55CEU6, STM32WBA55CEU6TR, STM32WBA55CEU7, STM32WBA55CEU7TR, STM32WBA55CGU6, STM32WBA55CGU6TR, STM32WBA55CGU6U, STM32WBA55CGU7, STM32WBA55CGU7TR, STM32WBA55G-DK1, STM32WBA55HEF6, STM32WBA55HEF7, STM32WBA55HGF6, STM32WBA55HGF7, STM32WBA55UEI6, STM32WBA55UEI6TR, STM32WBA55UEI7, STM32WBA55UEI7TR, STM32WBA55UGI6, STM32WBA55UGI6TR, STM32WBA55UGI7, STM32WBA55UGI7TR, STM32WL5MOCH6, STM32WL5MOCH6TR]
2024-04-19 14:20:59,783 [INFO] DbMcus:218 - Found 3930 MCUs, 3930 are supported
2024-04-19 14:20:59,784 [INFO] ApiDb:423 - Load user favorites file C:\Users\nates/.stm32cubeide/favorites.mcus.txt: 0 item(s)
2024-04-19 14:20:59,784 [INFO] ApiDb:427 - User favorites MCUs=[]
2024-04-19 14:20:59,784 [INFO] DbMcus:224 - Set 0 / 0 favorites MCUs
2024-04-19 14:21:00,186 [INFO] MicroXplorer:468 - Change Database Path : 
2024-04-19 14:21:00,186 [INFO] MicroXplorer:498 - Change Database Version : DB.6.0.100
2024-04-19 14:21:00,186 [WARN] ThirdParty:833 - waiting for thirdparty lock release [change project]
2024-04-19 14:21:00,186 [INFO] ThirdParty:835 - entering critical section [change project]
2024-04-19 14:21:00,186 [INFO] ThirdParty:1030 - CMSIS Pack Vendor :STMicroelectronics USBPD 4.1
2024-04-19 14:21:00,187 [INFO] ThirdParty:1030 - CMSIS Pack Vendor :STMicroelectronics X-CUBE-GNSS1 6.0.0
2024-04-19 14:21:00,187 [INFO] ThirdParty:1030 - CMSIS Pack Vendor :STMicroelectronics USB_HOST 2.0.0
2024-04-19 14:21:00,187 [INFO] ThirdParty:1030 - CMSIS Pack Vendor :STMicroelectronics FP-SNS-MOTENVWB1 1.4.0
2024-04-19 14:21:00,187 [INFO] ThirdParty:1030 - CMSIS Pack Vendor :STMicroelectronics X-CUBE-AZRTOS-F4 1.1.0
2024-04-19 14:21:00,187 [INFO] ThirdParty:1030 - CMSIS Pack Vendor :STMicroelectronics LIBJPEG 8.0.0
2024-04-19 14:21:00,187 [INFO] ThirdParty:1030 - CMSIS Pack Vendor :STMicroelectronics X-CUBE-SMBUS 2.1.0
2024-04-19 14:21:00,187 [INFO] ThirdParty:1030 - CMSIS Pack Vendor :STMicroelectronics USB_DEVICE 3.0.0
2024-04-19 14:21:00,187 [INFO] ThirdParty:1030 - CMSIS Pack Vendor :STMicroelectronics X-CUBE-TCPP 4.1.0
2024-04-19 14:21:00,187 [INFO] ThirdParty:1030 - CMSIS Pack Vendor :STMicroelectronics X-CUBE-AZRTOS-WB 2.0.0
2024-04-19 14:21:00,187 [INFO] ThirdParty:1030 - CMSIS Pack Vendor :STMicroelectronics X-CUBE-TOUCHGFX 4.23.1
2024-04-19 14:21:00,187 [INFO] ThirdParty:1030 - CMSIS Pack Vendor :STMicroelectronics X-CUBE-TOUCHGFX 4.23.0
2024-04-19 14:21:00,187 [INFO] ThirdParty:1030 - CMSIS Pack Vendor :STMicroelectronics X-CUBE-TOUCHGFX 4.23.2
2024-04-19 14:21:00,187 [INFO] ThirdParty:1030 - CMSIS Pack Vendor :STMicroelectronics X-CUBE-AZRTOS-F7 1.1.0
2024-04-19 14:21:00,187 [INFO] ThirdParty:1030 - CMSIS Pack Vendor :STMicroelectronics X-CUBE-AZRTOS-L5 2.0.0
2024-04-19 14:21:00,187 [INFO] ThirdParty:1030 - CMSIS Pack Vendor :STMicroelectronics USB_DEVICE 2.0.0
2024-04-19 14:21:00,187 [INFO] ThirdParty:1030 - CMSIS Pack Vendor :STMicroelectronics X-CUBE-NFC6 3.1.0
2024-04-19 14:21:00,187 [INFO] ThirdParty:1030 - CMSIS Pack Vendor :ITTIA_DB I-CUBE-ITTIADB 8.8.0
2024-04-19 14:21:00,187 [INFO] ThirdParty:1030 - CMSIS Pack Vendor :STMicroelectronics FP-SNS-MOTENV1 4.3.2
2024-04-19 14:21:00,187 [INFO] ThirdParty:1030 - CMSIS Pack Vendor :STMicroelectronics X-CUBE-ALGOBUILD 1.3.0
2024-04-19 14:21:00,187 [INFO] ThirdParty:1030 - CMSIS Pack Vendor :STMicroelectronics FreeRTOS 0.0.1
2024-04-19 14:21:00,188 [INFO] ThirdParty:1030 - CMSIS Pack Vendor :STMicroelectronics X-CUBE-AZRTOS-G0 1.1.0
2024-04-19 14:21:00,188 [INFO] ThirdParty:1030 - CMSIS Pack Vendor :STMicroelectronics X-CUBE-SAFEA1 1.2.2
2024-04-19 14:21:00,188 [INFO] ThirdParty:1030 - CMSIS Pack Vendor :STMicroelectronics X-CUBE-NFC4 3.0.0
2024-04-19 14:21:00,188 [INFO] ThirdParty:1030 - CMSIS Pack Vendor :STMicroelectronics X-CUBE-SUBG2 5.0.0
2024-04-19 14:21:00,188 [INFO] ThirdParty:1030 - CMSIS Pack Vendor :STMicroelectronics STM32_WPAN 1.0.0
2024-04-19 14:21:00,188 [INFO] ThirdParty:1030 - CMSIS Pack Vendor :STMicroelectronics lwIP 2.0.3
2024-04-19 14:21:00,188 [INFO] ThirdParty:1030 - CMSIS Pack Vendor :STMicroelectronics FP-SNS-FLIGHT1 5.0.2
2024-04-19 14:21:00,188 [INFO] ThirdParty:1030 - CMSIS Pack Vendor :STMicroelectronics USB_HOST 1.0.0
2024-04-19 14:21:00,188 [INFO] ThirdParty:1030 - CMSIS Pack Vendor :STMicroelectronics X-CUBE-AI 9.0.0
2024-04-19 14:21:00,188 [INFO] ThirdParty:1030 - CMSIS Pack Vendor :STMicroelectronics X-CUBE-AZRTOS-G4 2.0.0
2024-04-19 14:21:00,188 [INFO] ThirdParty:1030 - CMSIS Pack Vendor :STMicroelectronics PDM2PCM 3.1.0
2024-04-19 14:21:00,188 [INFO] ThirdParty:1030 - CMSIS Pack Vendor :Infineon AIROC-Wi-Fi-Bluetooth-STM32 1.5.1
2024-04-19 14:21:00,188 [INFO] ThirdParty:1030 - CMSIS Pack Vendor :STMicroelectronics PDM2PCM 3.3.0
2024-04-19 14:21:00,188 [INFO] ThirdParty:1030 - CMSIS Pack Vendor :STMicroelectronics X-CUBE-DISPLAY 3.0.0
2024-04-19 14:21:00,188 [INFO] ThirdParty:1030 - CMSIS Pack Vendor :STMicroelectronics FP-SNS-MOTENVWB1 1.3.1
2024-04-19 14:21:00,188 [INFO] ThirdParty:1030 - CMSIS Pack Vendor :STMicroelectronics X-CUBE-BLE1 7.0.0
2024-04-19 14:21:00,188 [INFO] ThirdParty:1030 - CMSIS Pack Vendor :STMicroelectronics FP-ATR-SIGFOX1 3.2.0
2024-04-19 14:21:00,189 [INFO] ThirdParty:1030 - CMSIS Pack Vendor :STMicroelectronics X-CUBE-ISPU 2.0.0
2024-04-19 14:21:00,189 [INFO] ThirdParty:1030 - CMSIS Pack Vendor :STMicroelectronics X-CUBE-EEPRMA1 5.1.0
2024-04-19 14:21:00,189 [INFO] ThirdParty:1030 - CMSIS Pack Vendor :STMicroelectronics HAL Drivers 0.0.0
2024-04-19 14:21:00,189 [INFO] ThirdParty:1030 - CMSIS Pack Vendor :STMicroelectronics MBEDTLS 2.16.2
2024-04-19 14:21:00,189 [INFO] ThirdParty:1030 - CMSIS Pack Vendor :emotas I-CUBE-CANOPEN 1.3.0
2024-04-19 14:21:00,189 [INFO] ThirdParty:1030 - CMSIS Pack Vendor :STMicroelectronics X-CUBE-MEMS1 10.0.0
2024-04-19 14:21:00,189 [INFO] ThirdParty:1030 - CMSIS Pack Vendor :STMicroelectronics X-CUBE-FREERTOS 1.1.0
2024-04-19 14:21:00,189 [INFO] ThirdParty:1030 - CMSIS Pack Vendor :STMicroelectronics X-CUBE-NFC7 1.0.1
2024-04-19 14:21:00,189 [INFO] ThirdParty:1030 - CMSIS Pack Vendor :STMicroelectronics MBEDTLS 2.14.1
2024-04-19 14:21:00,189 [INFO] ThirdParty:1030 - CMSIS Pack Vendor :STMicroelectronics X-CUBE-NFC6 3.0.0
2024-04-19 14:21:00,189 [INFO] ThirdParty:1030 - CMSIS Pack Vendor :portGmbH I-Cube-SoM-uGOAL 1.1.0
2024-04-19 14:21:00,189 [INFO] ThirdParty:1030 - CMSIS Pack Vendor :STMicroelectronics X-CUBE-ALS 1.0.1
2024-04-19 14:21:00,189 [INFO] ThirdParty:1030 - CMSIS Pack Vendor :STMicroelectronics X-CUBE-BLEMGR 3.1.0
2024-04-19 14:21:00,189 [INFO] ThirdParty:1030 - CMSIS Pack Vendor :STMicroelectronics ThreadX 1.0.0
2024-04-19 14:21:00,189 [INFO] ThirdParty:1030 - CMSIS Pack Vendor :STMicroelectronics FP-SNS-SMARTAG2 1.2.0
2024-04-19 14:21:00,189 [INFO] ThirdParty:1030 - CMSIS Pack Vendor :STMicroelectronics X-CUBE-AZRTOS-WL 2.0.0
2024-04-19 14:21:00,189 [INFO] ThirdParty:1030 - CMSIS Pack Vendor :SEGGER I-CUBE-embOS 1.3.1
2024-04-19 14:21:00,189 [INFO] ThirdParty:1030 - CMSIS Pack Vendor :STMicroelectronics FP-SNS-MOTENV1 5.0.0
2024-04-19 14:21:00,189 [INFO] ThirdParty:1030 - CMSIS Pack Vendor :STMicroelectronics USB_DEVICE 1.0.0
2024-04-19 14:21:00,189 [INFO] ThirdParty:1030 - CMSIS Pack Vendor :STMicroelectronics X-CUBE-AI 8.1.0
2024-04-19 14:21:00,190 [INFO] ThirdParty:1030 - CMSIS Pack Vendor :STMicroelectronics X-CUBE-AZRTOS-H7RS 1.0.0
2024-04-19 14:21:00,190 [INFO] ThirdParty:1030 - CMSIS Pack Vendor :STMicroelectronics X-CUBE-AZRTOS-L4 2.0.0
2024-04-19 14:21:00,190 [INFO] ThirdParty:1030 - CMSIS Pack Vendor :STMicroelectronics ThreadX 0.0.2
2024-04-19 14:21:00,190 [INFO] ThirdParty:1030 - CMSIS Pack Vendor :WES I-CUBE-Cesium 1.3.0
2024-04-19 14:21:00,190 [INFO] ThirdParty:1030 - CMSIS Pack Vendor :STMicroelectronics FP-ATR-ASTRA1 2.0.0
2024-04-19 14:21:00,190 [INFO] ThirdParty:1030 - CMSIS Pack Vendor :STMicroelectronics lwIP 2.1.2
2024-04-19 14:21:00,190 [INFO] ThirdParty:1030 - CMSIS Pack Vendor :STMicroelectronics X-CUBE-SFXS2LP1 4.0.0
2024-04-19 14:21:00,190 [INFO] ThirdParty:1030 - CMSIS Pack Vendor :STMicroelectronics X-CUBE-BLE2 3.3.0
2024-04-19 14:21:00,190 [INFO] ThirdParty:1030 - CMSIS Pack Vendor :STMicroelectronics X-CUBE-TOF1 3.4.1
2024-04-19 14:21:00,190 [INFO] ThirdParty:1030 - CMSIS Pack Vendor :STMicroelectronics X-CUBE-AZRTOS-H7 3.2.0
2024-04-19 14:21:00,190 [INFO] ThirdParty:1030 - CMSIS Pack Vendor :STMicroelectronics PDM2PCM 3.2.0
2024-04-19 14:21:00,191 [INFO] ThirdParty:841 - exiting critical section [change project]
2024-04-19 14:21:00,554 [INFO] PinOutPanel:1499 - setPackage(No Configuration,No Configuration)
2024-04-19 14:21:00,555 [INFO] PinOutPanel:1499 - setPackage(STM32L4R5ZITxP,LQFP144)
2024-04-19 14:21:01,144 [INFO] UtilMem:75 - Before build in PCC Used Memory: 683922672 Bytes (1073741824)
2024-04-19 14:21:02,285 [INFO] UtilMem:75 - After build in PCC Used Memory: 826529008 Bytes (1073741824)
2024-04-19 14:21:02,321 [INFO] IPUIPlugin:80 - create IPUIPlugin
2024-04-19 14:21:02,321 [INFO] IPUIPlugin:80 - create IPUIPlugin
2024-04-19 14:21:02,321 [INFO] IPUIPlugin:80 - create IPUIPlugin
2024-04-19 14:21:02,321 [INFO] IPUIPlugin:80 - create IPUIPlugin
2024-04-19 14:21:02,321 [INFO] IPUIPlugin:80 - create IPUIPlugin
2024-04-19 14:21:02,322 [INFO] IPUIPlugin:80 - create IPUIPlugin
2024-04-19 14:21:02,322 [INFO] IPUIPlugin:80 - create IPUIPlugin
2024-04-19 14:21:02,322 [INFO] IPUIPlugin:80 - create IPUIPlugin
2024-04-19 14:21:02,322 [INFO] IPUIPlugin:80 - create IPUIPlugin
2024-04-19 14:21:02,322 [INFO] IPUIPlugin:80 - create IPUIPlugin
2024-04-19 14:21:02,322 [INFO] IPUIPlugin:80 - create IPUIPlugin
2024-04-19 14:21:02,323 [INFO] IPUIPlugin:80 - create IPUIPlugin
2024-04-19 14:21:02,323 [INFO] IPUIPlugin:80 - create IPUIPlugin
2024-04-19 14:21:02,323 [INFO] IPUIPlugin:80 - create IPUIPlugin
2024-04-19 14:21:02,323 [INFO] IPUIPlugin:80 - create IPUIPlugin
2024-04-19 14:21:02,324 [INFO] IPUIPlugin:80 - create IPUIPlugin
2024-04-19 14:21:02,324 [INFO] IPUIPlugin:80 - create IPUIPlugin
2024-04-19 14:21:02,324 [INFO] IPUIPlugin:80 - create IPUIPlugin
2024-04-19 14:21:02,324 [INFO] IPUIPlugin:80 - create IPUIPlugin
2024-04-19 14:21:02,324 [INFO] IPUIPlugin:80 - create IPUIPlugin
2024-04-19 14:21:02,325 [INFO] IPUIPlugin:80 - create IPUIPlugin
2024-04-19 14:21:02,325 [INFO] IPUIPlugin:80 - create IPUIPlugin
2024-04-19 14:21:02,325 [INFO] IPUIPlugin:80 - create IPUIPlugin
2024-04-19 14:21:02,325 [INFO] IPUIPlugin:80 - create IPUIPlugin
2024-04-19 14:21:02,325 [INFO] IPUIPlugin:80 - create IPUIPlugin
2024-04-19 14:21:02,326 [INFO] IPUIPlugin:80 - create IPUIPlugin
2024-04-19 14:21:02,326 [INFO] IPUIPlugin:80 - create IPUIPlugin
2024-04-19 14:21:02,326 [INFO] IPUIPlugin:80 - create IPUIPlugin
2024-04-19 14:21:02,326 [INFO] IPUIPlugin:80 - create IPUIPlugin
2024-04-19 14:21:02,327 [INFO] IPUIPlugin:80 - create IPUIPlugin
2024-04-19 14:21:02,327 [INFO] IPUIPlugin:80 - create IPUIPlugin
2024-04-19 14:21:02,327 [INFO] IPUIPlugin:80 - create IPUIPlugin
2024-04-19 14:21:02,327 [INFO] IPUIPlugin:80 - create IPUIPlugin
2024-04-19 14:21:02,327 [INFO] IPUIPlugin:80 - create IPUIPlugin
2024-04-19 14:21:02,328 [INFO] IPUIPlugin:80 - create IPUIPlugin
2024-04-19 14:21:02,328 [INFO] IPUIPlugin:80 - create IPUIPlugin
2024-04-19 14:21:02,328 [INFO] IPUIPlugin:80 - create IPUIPlugin
2024-04-19 14:21:02,328 [INFO] IPUIPlugin:80 - create IPUIPlugin
2024-04-19 14:21:02,329 [INFO] IPUIPlugin:80 - create IPUIPlugin
2024-04-19 14:21:02,329 [INFO] IPUIPlugin:80 - create IPUIPlugin
2024-04-19 14:21:02,330 [INFO] IPUIPlugin:80 - create IPUIPlugin
2024-04-19 14:21:02,330 [INFO] IPUIPlugin:80 - create IPUIPlugin
2024-04-19 14:21:02,330 [INFO] IPUIPlugin:80 - create IPUIPlugin
2024-04-19 14:21:02,330 [INFO] IPUIPlugin:80 - create IPUIPlugin
2024-04-19 14:21:02,331 [INFO] IPUIPlugin:80 - create IPUIPlugin
2024-04-19 14:21:02,331 [INFO] IPUIPlugin:80 - create IPUIPlugin
2024-04-19 14:21:02,331 [INFO] IPUIPlugin:80 - create IPUIPlugin
2024-04-19 14:21:02,332 [INFO] IPUIPlugin:80 - create IPUIPlugin
2024-04-19 14:21:02,332 [INFO] IPUIPlugin:80 - create IPUIPlugin
2024-04-19 14:21:02,332 [INFO] IPUIPlugin:80 - create IPUIPlugin
2024-04-19 14:21:02,333 [INFO] IPUIPlugin:80 - create IPUIPlugin
2024-04-19 14:21:02,333 [INFO] IPUIPlugin:80 - create IPUIPlugin
2024-04-19 14:21:02,333 [INFO] IPUIPlugin:80 - create IPUIPlugin
2024-04-19 14:21:02,334 [INFO] IPUIPlugin:80 - create IPUIPlugin
2024-04-19 14:21:02,334 [INFO] IPUIPlugin:80 - create IPUIPlugin
2024-04-19 14:21:02,334 [INFO] IPUIPlugin:80 - create IPUIPlugin
2024-04-19 14:21:02,335 [INFO] IPUIPlugin:80 - create IPUIPlugin
2024-04-19 14:21:02,335 [INFO] IPUIPlugin:80 - create IPUIPlugin
2024-04-19 14:21:02,335 [INFO] IPUIPlugin:80 - create IPUIPlugin
2024-04-19 14:21:02,336 [INFO] IPUIPlugin:80 - create IPUIPlugin
2024-04-19 14:21:02,336 [INFO] IPUIPlugin:80 - create IPUIPlugin
2024-04-19 14:21:02,336 [INFO] IPUIPlugin:80 - create IPUIPlugin
2024-04-19 14:21:02,596 [INFO] CADModel:165 - CPN selected for project levelSTM32L4R5ZIT6P
2024-04-19 14:21:02,596 [INFO] CADModel:114 - Register for checkConnection events
2024-04-19 14:21:02,651 [INFO] OpenFileManager:343 - Restore cursor
2024-04-19 14:21:17,605 [INFO] Gpio:277 - dependency for GPIO [ADC1, DAC1, LPUART1, SAI1, SPI1, TIM1, TIM4, TIM5]
2024-04-19 17:31:59,184 [INFO] Gpio:277 - dependency for GPIO [ADC1, DAC1, LPUART1, SAI1, SPI1, TIM1, TIM4, TIM5]
2024-04-19 17:31:59,264 [INFO] NvicIntPanel:101 - NVIC parent = com.st.microxplorer.plugins.ip.nvic.MultiNvicIntPanel[,0,0,0x0,invalid,layout=javax.swing.BoxLayout,alignmentX=0.0,alignmentY=0.0,border=,flags=9,maximumSize=,minimumSize=,preferredSize=]
2024-04-19 17:32:11,108 [INFO] Gpio:277 - dependency for GPIO [ADC1, DAC1, LPUART1, RCC, SAI1, SPI1, TIM1, TIM4, TIM5]
2024-04-19 17:32:11,190 [INFO] NvicIntPanel:101 - NVIC parent = com.st.microxplorer.plugins.ip.nvic.MultiNvicIntPanel[,0,0,0x0,invalid,layout=javax.swing.BoxLayout,alignmentX=0.0,alignmentY=0.0,border=,flags=9,maximumSize=,minimumSize=,preferredSize=]
2024-04-19 17:32:25,994 [INFO] Gpio:277 - dependency for GPIO [ADC1, DAC1, LPUART1, SAI1, SPI1, TIM1, TIM4, TIM5]
2024-04-19 17:32:26,071 [INFO] NvicIntPanel:101 - NVIC parent = com.st.microxplorer.plugins.ip.nvic.MultiNvicIntPanel[,0,0,0x0,invalid,layout=javax.swing.BoxLayout,alignmentX=0.0,alignmentY=0.0,border=,flags=9,maximumSize=,minimumSize=,preferredSize=]
2024-04-19 17:32:28,591 [INFO] Gpio:277 - dependency for GPIO [ADC1, DAC1, LPUART1, RCC, SAI1, SPI1, TIM1, TIM4, TIM5]
2024-04-19 17:32:28,661 [INFO] NvicIntPanel:101 - NVIC parent = com.st.microxplorer.plugins.ip.nvic.MultiNvicIntPanel[,0,0,0x0,invalid,layout=javax.swing.BoxLayout,alignmentX=0.0,alignmentY=0.0,border=,flags=9,maximumSize=,minimumSize=,preferredSize=]
2024-04-19 17:32:30,052 [INFO] Gpio:277 - dependency for GPIO [ADC1, DAC1, LPUART1, SAI1, SPI1, TIM1, TIM4, TIM5]
2024-04-19 17:32:30,113 [INFO] NvicIntPanel:101 - NVIC parent = com.st.microxplorer.plugins.ip.nvic.MultiNvicIntPanel[,0,0,0x0,invalid,layout=javax.swing.BoxLayout,alignmentX=0.0,alignmentY=0.0,border=,flags=9,maximumSize=,minimumSize=,preferredSize=]
2024-04-19 17:32:31,083 [INFO] Gpio:277 - dependency for GPIO [ADC1, DAC1, LPUART1, SAI1, SPI1, TIM1, TIM4, TIM5]
2024-04-19 17:32:31,148 [INFO] NvicIntPanel:101 - NVIC parent = com.st.microxplorer.plugins.ip.nvic.MultiNvicIntPanel[,0,0,0x0,invalid,layout=javax.swing.BoxLayout,alignmentX=0.0,alignmentY=0.0,border=,flags=9,maximumSize=,minimumSize=,preferredSize=]
2024-04-19 17:32:38,563 [INFO] Gpio:277 - dependency for GPIO [ADC1, DAC1, LPUART1, SAI1, SPI1, TIM1, TIM4, TIM5]
2024-04-19 17:32:38,649 [INFO] NvicIntPanel:101 - NVIC parent = com.st.microxplorer.plugins.ip.nvic.MultiNvicIntPanel[,0,0,0x0,invalid,layout=javax.swing.BoxLayout,alignmentX=0.0,alignmentY=0.0,border=,flags=9,maximumSize=,minimumSize=,preferredSize=]
2024-04-19 17:32:47,779 [INFO] Gpio:277 - dependency for GPIO [ADC1, DAC1, LPUART1, SAI1, SPI1, TIM1, TIM4, TIM5]
2024-04-19 17:32:47,842 [INFO] NvicIntPanel:101 - NVIC parent = com.st.microxplorer.plugins.ip.nvic.MultiNvicIntPanel[,0,0,0x0,invalid,layout=javax.swing.BoxLayout,alignmentX=0.0,alignmentY=0.0,border=,flags=9,maximumSize=,minimumSize=,preferredSize=]
2024-04-19 17:32:53,295 [INFO] Gpio:277 - dependency for GPIO [ADC1, DAC1, LPUART1, SAI1, SPI1, TIM1, TIM4, TIM5]
2024-04-19 17:32:53,361 [INFO] NvicIntPanel:101 - NVIC parent = com.st.microxplorer.plugins.ip.nvic.MultiNvicIntPanel[,0,0,0x0,invalid,layout=javax.swing.BoxLayout,alignmentX=0.0,alignmentY=0.0,border=,flags=9,maximumSize=,minimumSize=,preferredSize=]
2024-04-19 17:32:56,555 [INFO] Gpio:277 - dependency for GPIO [ADC1, DAC1, LPUART1, SAI1, SPI1, TIM1, TIM4, TIM5]
2024-04-19 17:32:56,615 [INFO] NvicIntPanel:101 - NVIC parent = com.st.microxplorer.plugins.ip.nvic.MultiNvicIntPanel[,0,0,0x0,invalid,layout=javax.swing.BoxLayout,alignmentX=0.0,alignmentY=0.0,border=,flags=9,maximumSize=,minimumSize=,preferredSize=]
2024-04-19 17:32:59,570 [INFO] Gpio:277 - dependency for GPIO [ADC1, DAC1, LPUART1, SAI1, SPI1, TIM1, TIM4, TIM5]
2024-04-19 17:32:59,632 [INFO] NvicIntPanel:101 - NVIC parent = com.st.microxplorer.plugins.ip.nvic.MultiNvicIntPanel[,0,0,0x0,invalid,layout=javax.swing.BoxLayout,alignmentX=0.0,alignmentY=0.0,border=,flags=9,maximumSize=,minimumSize=,preferredSize=]
2024-04-19 17:33:03,413 [INFO] Gpio:277 - dependency for GPIO [ADC1, DAC1, LPUART1, SAI1, SPI1, TIM1, TIM4, TIM5]
2024-04-19 17:33:03,468 [INFO] NvicIntPanel:101 - NVIC parent = com.st.microxplorer.plugins.ip.nvic.MultiNvicIntPanel[,0,0,0x0,invalid,layout=javax.swing.BoxLayout,alignmentX=0.0,alignmentY=0.0,border=,flags=9,maximumSize=,minimumSize=,preferredSize=]
2024-04-19 17:33:03,910 [INFO] Gpio:277 - dependency for GPIO [ADC1, DAC1, LPUART1, SAI1, SPI1, TIM1, TIM4, TIM5]
2024-04-19 17:33:03,964 [INFO] NvicIntPanel:101 - NVIC parent = com.st.microxplorer.plugins.ip.nvic.MultiNvicIntPanel[,0,0,0x0,invalid,layout=javax.swing.BoxLayout,alignmentX=0.0,alignmentY=0.0,border=,flags=9,maximumSize=,minimumSize=,preferredSize=]
2024-04-19 17:33:04,903 [INFO] Gpio:277 - dependency for GPIO [ADC1, DAC1, LPUART1, SAI1, SPI1, TIM1, TIM4, TIM5]
2024-04-19 17:33:04,991 [INFO] NvicIntPanel:101 - NVIC parent = com.st.microxplorer.plugins.ip.nvic.MultiNvicIntPanel[,0,0,0x0,invalid,layout=javax.swing.BoxLayout,alignmentX=0.0,alignmentY=0.0,border=,flags=9,maximumSize=,minimumSize=,preferredSize=]
2024-04-19 17:33:07,066 [INFO] Gpio:277 - dependency for GPIO [ADC1, DAC1, LPUART1, SAI1, SPI1, TIM1, TIM4, TIM5]
2024-04-19 17:33:07,116 [INFO] NvicIntPanel:101 - NVIC parent = com.st.microxplorer.plugins.ip.nvic.MultiNvicIntPanel[,0,0,0x0,invalid,layout=javax.swing.BoxLayout,alignmentX=0.0,alignmentY=0.0,border=,flags=9,maximumSize=,minimumSize=,preferredSize=]
2024-04-19 17:33:08,098 [INFO] Gpio:277 - dependency for GPIO [ADC1, DAC1, LPUART1, SAI1, SPI1, TIM1, TIM4, TIM5]
2024-04-19 17:33:08,151 [INFO] NvicIntPanel:101 - NVIC parent = com.st.microxplorer.plugins.ip.nvic.MultiNvicIntPanel[,0,0,0x0,invalid,layout=javax.swing.BoxLayout,alignmentX=0.0,alignmentY=0.0,border=,flags=9,maximumSize=,minimumSize=,preferredSize=]
2024-04-19 17:33:25,294 [INFO] Gpio:277 - dependency for GPIO [ADC1, DAC1, LPUART1, SAI1, SPI1, TIM1, TIM4, TIM5]
2024-04-19 17:33:25,351 [INFO] NvicIntPanel:101 - NVIC parent = com.st.microxplorer.plugins.ip.nvic.MultiNvicIntPanel[,0,0,0x0,invalid,layout=javax.swing.BoxLayout,alignmentX=0.0,alignmentY=0.0,border=,flags=9,maximumSize=,minimumSize=,preferredSize=]
2024-04-19 17:33:25,922 [INFO] Gpio:277 - dependency for GPIO [ADC1, DAC1, LPUART1, SAI1, SPI1, TIM1, TIM4, TIM5]
2024-04-19 17:33:25,978 [INFO] NvicIntPanel:101 - NVIC parent = com.st.microxplorer.plugins.ip.nvic.MultiNvicIntPanel[,0,0,0x0,invalid,layout=javax.swing.BoxLayout,alignmentX=0.0,alignmentY=0.0,border=,flags=9,maximumSize=,minimumSize=,preferredSize=]
2024-04-19 17:33:32,748 [INFO] Gpio:277 - dependency for GPIO [ADC1, DAC1, LPUART1, SAI1, SPI1, TIM1, TIM4, TIM5]
2024-04-19 17:33:32,835 [INFO] NvicIntPanel:101 - NVIC parent = com.st.microxplorer.plugins.ip.nvic.MultiNvicIntPanel[,0,0,0x0,invalid,layout=javax.swing.BoxLayout,alignmentX=0.0,alignmentY=0.0,border=,flags=9,maximumSize=,minimumSize=,preferredSize=]
2024-04-19 17:33:33,370 [INFO] Gpio:277 - dependency for GPIO [ADC1, DAC1, LPUART1, SAI1, SPI1, TIM1, TIM4, TIM5]
2024-04-19 17:33:33,423 [INFO] NvicIntPanel:101 - NVIC parent = com.st.microxplorer.plugins.ip.nvic.MultiNvicIntPanel[,0,0,0x0,invalid,layout=javax.swing.BoxLayout,alignmentX=0.0,alignmentY=0.0,border=,flags=9,maximumSize=,minimumSize=,preferredSize=]
2024-04-19 17:33:41,553 [INFO] Gpio:277 - dependency for GPIO [ADC1, DAC1, LPUART1, SAI1, SPI1, TIM1, TIM4, TIM5]
2024-04-19 17:33:41,611 [INFO] NvicIntPanel:101 - NVIC parent = com.st.microxplorer.plugins.ip.nvic.MultiNvicIntPanel[,0,0,0x0,invalid,layout=javax.swing.BoxLayout,alignmentX=0.0,alignmentY=0.0,border=,flags=9,maximumSize=,minimumSize=,preferredSize=]
2024-04-19 17:33:42,190 [INFO] Gpio:277 - dependency for GPIO [ADC1, DAC1, LPUART1, SAI1, SPI1, TIM1, TIM4, TIM5]
2024-04-19 17:33:42,249 [INFO] NvicIntPanel:101 - NVIC parent = com.st.microxplorer.plugins.ip.nvic.MultiNvicIntPanel[,0,0,0x0,invalid,layout=javax.swing.BoxLayout,alignmentX=0.0,alignmentY=0.0,border=,flags=9,maximumSize=,minimumSize=,preferredSize=]
2024-04-19 17:33:58,952 [INFO] Gpio:277 - dependency for GPIO [ADC1, DAC1, LPUART1, SAI1, SPI1, TIM1, TIM4, TIM5]
2024-04-19 17:33:59,001 [INFO] NvicIntPanel:101 - NVIC parent = com.st.microxplorer.plugins.ip.nvic.MultiNvicIntPanel[,0,0,0x0,invalid,layout=javax.swing.BoxLayout,alignmentX=0.0,alignmentY=0.0,border=,flags=9,maximumSize=,minimumSize=,preferredSize=]
2024-04-19 17:34:04,878 [INFO] Gpio:277 - dependency for GPIO [ADC1, DAC1, LPUART1, SAI1, SPI1, TIM1, TIM4, TIM5]
2024-04-19 17:34:04,928 [INFO] NvicIntPanel:101 - NVIC parent = com.st.microxplorer.plugins.ip.nvic.MultiNvicIntPanel[,0,0,0x0,invalid,layout=javax.swing.BoxLayout,alignmentX=0.0,alignmentY=0.0,border=,flags=9,maximumSize=,minimumSize=,preferredSize=]
2024-04-19 17:34:09,638 [INFO] Gpio:277 - dependency for GPIO [ADC1, DAC1, LPUART1, SAI1, SPI1, TIM1, TIM4, TIM5]
2024-04-19 17:34:09,689 [INFO] NvicIntPanel:101 - NVIC parent = com.st.microxplorer.plugins.ip.nvic.MultiNvicIntPanel[,0,0,0x0,invalid,layout=javax.swing.BoxLayout,alignmentX=0.0,alignmentY=0.0,border=,flags=9,maximumSize=,minimumSize=,preferredSize=]
2024-04-19 17:34:13,844 [INFO] Gpio:277 - dependency for GPIO [ADC1, DAC1, LPUART1, SAI1, SPI1, TIM1, TIM4, TIM5]
2024-04-19 17:34:13,907 [INFO] NvicIntPanel:101 - NVIC parent = com.st.microxplorer.plugins.ip.nvic.MultiNvicIntPanel[,0,0,0x0,invalid,layout=javax.swing.BoxLayout,alignmentX=0.0,alignmentY=0.0,border=,flags=9,maximumSize=,minimumSize=,preferredSize=]
2024-04-19 17:34:40,859 [INFO] UtilMem:75 - End SaveConfig() Used Memory: 706543168 Bytes (1073741824)
2024-04-19 17:35:11,915 [INFO] NvicIntPanel:101 - NVIC parent = com.st.microxplorer.plugins.ip.nvic.MultiNvicIntPanel[,0,0,0x0,invalid,layout=javax.swing.BoxLayout,alignmentX=0.0,alignmentY=0.0,border=,flags=9,maximumSize=,minimumSize=,preferredSize=]
2024-04-19 17:37:01,023 [INFO] UtilMem:75 - End SaveConfig() Used Memory: 813119680 Bytes (1073741824)
2024-04-19 17:39:48,335 [INFO] DmaTabbedPanel:205 - Cannot restore the selected Tab for DMA
2024-04-19 17:41:39,972 [INFO] UtilMem:75 - End SaveConfig() Used Memory: 724896768 Bytes (1073741824)
2024-04-19 17:41:41,996 [INFO] UtilMem:75 - End SaveConfig() Used Memory: 757926904 Bytes (1073741824)
2024-04-19 17:41:44,943 [INFO] UtilMem:75 - End SaveConfig() Used Memory: 878513144 Bytes (1073741824)
2024-04-19 17:41:45,543 [INFO] BlockDiagram:2759 - set Specific Code input for plugin: SPI
2024-04-19 17:41:45,543 [INFO] BlockDiagram:2759 - set Specific Code input for plugin: DAC
2024-04-19 17:41:45,543 [INFO] BlockDiagram:2759 - set Specific Code input for plugin: TIM1_8L4
2024-04-19 17:41:45,543 [INFO] BlockDiagram:2759 - set Specific Code input for plugin: TIM1_8L4
2024-04-19 17:41:45,543 [INFO] BlockDiagram:2759 - set Specific Code input for plugin: TIM1_8L4
2024-04-19 17:41:45,543 [INFO] BlockDiagram:2759 - set Specific Code input for plugin: STMicroelectronics.X-CUBE-ALGOBUILD.1.3.0
2024-04-19 17:41:45,543 [INFO] BlockDiagram:2759 - set Specific Code input for plugin: SYS
2024-04-19 17:41:45,543 [INFO] BlockDiagram:2759 - set Specific Code input for plugin: ADC
2024-04-19 17:41:45,544 [INFO] BlockDiagram:2759 - set Specific Code input for plugin: RCC
2024-04-19 17:41:45,544 [INFO] BlockDiagram:2759 - set Specific Code input for plugin: LPUART
2024-04-19 17:41:45,544 [INFO] BlockDiagram:2759 - set Specific Code input for plugin: NVIC
2024-04-19 17:41:45,544 [INFO] BlockDiagram:2759 - set Specific Code input for plugin: USART
2024-04-19 17:41:45,544 [INFO] BlockDiagram:2759 - set Specific Code input for plugin: DMA
2024-04-19 17:41:45,545 [INFO] BlockDiagram:2759 - set Specific Code input for plugin: GPIO
2024-04-19 17:41:45,545 [INFO] BlockDiagram:2759 - set Specific Code input for plugin: SAI
2024-04-19 17:41:45,556 [WARN] ThirdPartyIpManager:480 - Condition 'CM3_GCC' not fulfilled in pack 'STMicroelectronics.X-CUBE-ALGOBUILD.1.3.0'
2024-04-19 17:41:45,556 [WARN] ThirdPartyIpManager:480 - Condition 'CM3_IAR' not fulfilled in pack 'STMicroelectronics.X-CUBE-ALGOBUILD.1.3.0'
2024-04-19 17:41:45,556 [WARN] ThirdPartyIpManager:480 - Condition 'CM3_Keil' not fulfilled in pack 'STMicroelectronics.X-CUBE-ALGOBUILD.1.3.0'
2024-04-19 17:41:45,557 [WARN] ThirdPartyIpManager:480 - Condition 'CM4_IAR' not fulfilled in pack 'STMicroelectronics.X-CUBE-ALGOBUILD.1.3.0'
2024-04-19 17:41:45,557 [WARN] ThirdPartyIpManager:480 - Condition 'CM4_Keil' not fulfilled in pack 'STMicroelectronics.X-CUBE-ALGOBUILD.1.3.0'
2024-04-19 17:41:45,558 [INFO] CodeGenerator:807 - code generatio: config db path: C:\ST\STM32CubeIDE_1.14.1\STM32CubeIDE\plugins\com.st.stm32cube.common.mx_6.10.0.202311202037\\db\
2024-04-19 17:41:45,812 [INFO] IP:3348 - RTE Config file name : RTE_Component
2024-04-19 17:41:45,812 [INFO] IP:3366 - RTE template : RTE_Components.ftl
2024-04-19 17:41:45,891 [INFO] CodeEngine:255 - oldGeneratedFile, C:\Users\nates\OneDrive\Documents\EECS373\polyphonic-guitar-tuner\lab7\MXTmpFiles\license.tmp_save
2024-04-19 17:41:46,276 [INFO] CodeEngine:279 - Generated code: C:\Users\nates\OneDrive\Documents\EECS373\polyphonic-guitar-tuner\lab7\MXTmpFiles\license.tmp
2024-04-19 17:41:46,594 [INFO] CodeEngine:255 - oldGeneratedFile, C:\Users\nates\OneDrive\Documents\EECS373\polyphonic-guitar-tuner\lab7\MXTmpFiles\gpio.tmp_save
2024-04-19 17:41:46,729 [INFO] CodeEngine:279 - Generated code: C:\Users\nates\OneDrive\Documents\EECS373\polyphonic-guitar-tuner\lab7\MXTmpFiles\gpio.tmp
2024-04-19 17:41:48,988 [INFO] Middleware:1439 - No code input for Bsp Dependency
2024-04-19 17:41:49,085 [INFO] CodeEngine:255 - oldGeneratedFile, C:\Users\nates\OneDrive\Documents\EECS373\polyphonic-guitar-tuner\lab7\MXTmpFiles\dma.tmp_save
2024-04-19 17:41:49,188 [INFO] CodeEngine:279 - Generated code: C:\Users\nates\OneDrive\Documents\EECS373\polyphonic-guitar-tuner\lab7\MXTmpFiles\dma.tmp
2024-04-19 17:41:49,198 [INFO] CodeEngine:255 - oldGeneratedFile, C:\Users\nates\OneDrive\Documents\EECS373\polyphonic-guitar-tuner\lab7\MXTmpFiles\dma_GV.tmp_save
2024-04-19 17:41:49,277 [INFO] CodeEngine:279 - Generated code: C:\Users\nates\OneDrive\Documents\EECS373\polyphonic-guitar-tuner\lab7\MXTmpFiles\dma_GV.tmp
2024-04-19 17:41:49,306 [INFO] CodeEngine:255 - oldGeneratedFile, C:\Users\nates\OneDrive\Documents\EECS373\polyphonic-guitar-tuner\lab7\MXTmpFiles\sai_init.tmp_save
2024-04-19 17:41:49,449 [INFO] CodeEngine:279 - Generated code: C:\Users\nates\OneDrive\Documents\EECS373\polyphonic-guitar-tuner\lab7\MXTmpFiles\sai_init.tmp
2024-04-19 17:41:49,463 [INFO] CodeEngine:255 - oldGeneratedFile, C:\Users\nates\OneDrive\Documents\EECS373\polyphonic-guitar-tuner\lab7\MXTmpFiles\sai_GV.tmp_save
2024-04-19 17:41:49,537 [INFO] CodeEngine:279 - Generated code: C:\Users\nates\OneDrive\Documents\EECS373\polyphonic-guitar-tuner\lab7\MXTmpFiles\sai_GV.tmp
2024-04-19 17:41:49,552 [INFO] CodeEngine:255 - oldGeneratedFile, C:\Users\nates\OneDrive\Documents\EECS373\polyphonic-guitar-tuner\lab7\MXTmpFiles\sai_msp.tmp_save
2024-04-19 17:41:49,641 [INFO] CodeEngine:279 - Generated code: C:\Users\nates\OneDrive\Documents\EECS373\polyphonic-guitar-tuner\lab7\MXTmpFiles\sai_msp.tmp
2024-04-19 17:41:49,646 [INFO] Middleware:1439 - No code input for Bsp Dependency
2024-04-19 17:41:49,674 [INFO] CodeEngine:255 - oldGeneratedFile, C:\Users\nates\OneDrive\Documents\EECS373\polyphonic-guitar-tuner\lab7\Core\Src\stm32l4xx_it.c_save
2024-04-19 17:41:49,801 [INFO] CodeEngine:279 - Generated code: C:\Users\nates\OneDrive\Documents\EECS373\polyphonic-guitar-tuner\lab7\Core\Src\stm32l4xx_it.c
2024-04-19 17:41:49,820 [INFO] CodeEngine:255 - oldGeneratedFile, C:\Users\nates\OneDrive\Documents\EECS373\polyphonic-guitar-tuner\lab7\Core\Inc\stm32l4xx_it.h_save
2024-04-19 17:41:49,892 [INFO] CodeEngine:279 - Generated code: C:\Users\nates\OneDrive\Documents\EECS373\polyphonic-guitar-tuner\lab7\Core\Inc\stm32l4xx_it.h
2024-04-19 17:41:49,913 [INFO] CodeEngine:255 - oldGeneratedFile, C:\Users\nates\OneDrive\Documents\EECS373\polyphonic-guitar-tuner\lab7\MXTmpFiles\sai_init.tmp_save
2024-04-19 17:41:49,970 [INFO] CodeEngine:279 - Generated code: C:\Users\nates\OneDrive\Documents\EECS373\polyphonic-guitar-tuner\lab7\MXTmpFiles\sai_init.tmp
2024-04-19 17:41:49,976 [INFO] CodeEngine:255 - oldGeneratedFile, C:\Users\nates\OneDrive\Documents\EECS373\polyphonic-guitar-tuner\lab7\MXTmpFiles\sai_GV.tmp_save
2024-04-19 17:41:50,022 [INFO] CodeEngine:279 - Generated code: C:\Users\nates\OneDrive\Documents\EECS373\polyphonic-guitar-tuner\lab7\MXTmpFiles\sai_GV.tmp
2024-04-19 17:41:50,033 [INFO] CodeEngine:255 - oldGeneratedFile, C:\Users\nates\OneDrive\Documents\EECS373\polyphonic-guitar-tuner\lab7\MXTmpFiles\sai_msp.tmp_save
2024-04-19 17:41:50,088 [INFO] CodeEngine:279 - Generated code: C:\Users\nates\OneDrive\Documents\EECS373\polyphonic-guitar-tuner\lab7\MXTmpFiles\sai_msp.tmp
2024-04-19 17:41:50,118 [INFO] CodeEngine:255 - oldGeneratedFile, C:\Users\nates\OneDrive\Documents\EECS373\polyphonic-guitar-tuner\lab7\Core\Src\stm32l4xx_hal_msp.c_save
2024-04-19 17:41:50,275 [INFO] CodeEngine:279 - Generated code: C:\Users\nates\OneDrive\Documents\EECS373\polyphonic-guitar-tuner\lab7\Core\Src\stm32l4xx_hal_msp.c
2024-04-19 17:41:50,291 [INFO] CodeEngine:255 - oldGeneratedFile, C:\Users\nates\OneDrive\Documents\EECS373\polyphonic-guitar-tuner\lab7\MXTmpFiles\system.tmp_save
2024-04-19 17:41:50,349 [INFO] CodeEngine:279 - Generated code: C:\Users\nates\OneDrive\Documents\EECS373\polyphonic-guitar-tuner\lab7\MXTmpFiles\system.tmp
2024-04-19 17:41:50,374 [INFO] CodeEngine:311 - oldGeneratedFile, C:\Users\nates\OneDrive\Documents\EECS373\polyphonic-guitar-tuner\lab7\Core\Inc\stm32l4xx_hal_conf.h_save
2024-04-19 17:41:50,461 [INFO] CodeEngine:335 - Generated code: C:\Users\nates\OneDrive\Documents\EECS373\polyphonic-guitar-tuner\lab7\Core\Inc\stm32l4xx_hal_conf.h
2024-04-19 17:41:50,502 [WARN] IPConfigManager:3440 - IP not found : TIM
2024-04-19 17:41:50,504 [WARN] CodeGenerator:3939 - IP not found : null
2024-04-19 17:41:50,527 [INFO] CodeEngine:255 - oldGeneratedFile, C:\Users\nates\OneDrive\Documents\EECS373\polyphonic-guitar-tuner\lab7\Core\Inc\main.h_save
2024-04-19 17:41:50,614 [INFO] CodeEngine:279 - Generated code: C:\Users\nates\OneDrive\Documents\EECS373\polyphonic-guitar-tuner\lab7\Core\Inc\main.h
2024-04-19 17:41:50,638 [INFO] CodeEngine:255 - oldGeneratedFile, C:\Users\nates\OneDrive\Documents\EECS373\polyphonic-guitar-tuner\lab7\Core\Src\main.c_save
2024-04-19 17:41:50,871 [INFO] CodeEngine:279 - Generated code: C:\Users\nates\OneDrive\Documents\EECS373\polyphonic-guitar-tuner\lab7\Core\Src\main.c
2024-04-19 17:41:51,549 [INFO] ProjectBuilder:3076 - Time for Copy HAL[1] : 280mS.
2024-04-19 17:41:51,550 [WARN] ThirdPartyIpManager:480 - Condition 'CM3_GCC' not fulfilled in pack 'STMicroelectronics.X-CUBE-ALGOBUILD.1.3.0'
2024-04-19 17:41:51,550 [WARN] ThirdPartyIpManager:480 - Condition 'CM3_IAR' not fulfilled in pack 'STMicroelectronics.X-CUBE-ALGOBUILD.1.3.0'
2024-04-19 17:41:51,550 [WARN] ThirdPartyIpManager:480 - Condition 'CM3_Keil' not fulfilled in pack 'STMicroelectronics.X-CUBE-ALGOBUILD.1.3.0'
2024-04-19 17:41:51,551 [WARN] ThirdPartyIpManager:480 - Condition 'CM4_IAR' not fulfilled in pack 'STMicroelectronics.X-CUBE-ALGOBUILD.1.3.0'
2024-04-19 17:41:51,551 [WARN] ThirdPartyIpManager:480 - Condition 'CM4_Keil' not fulfilled in pack 'STMicroelectronics.X-CUBE-ALGOBUILD.1.3.0'
2024-04-19 17:41:51,579 [INFO] ProjectBuilder:8685 - Time for Copy ThirdParty[1] : 27mS.
2024-04-19 17:41:51,587 [INFO] ProjectBuilder:4485 - Project Generator version: 4.2.0-B44
2024-04-19 17:41:51,869 [INFO] ConfigFileManager:1495 - The Die is : DIE470
2024-04-19 17:41:51,884 [INFO] ApiDbMcu:508 - Load IP Config File for FATFS
2024-04-19 17:41:51,902 [INFO] ApiDbMcu:508 - Load IP Config File for FREERTOS
2024-04-19 17:41:51,920 [INFO] ApiDbMcu:508 - Load IP Config File for TOUCHSENSING
2024-04-19 17:41:51,932 [INFO] ApiDbMcu:508 - Load IP Config File for USB_DEVICE
2024-04-19 17:41:51,944 [INFO] ApiDbMcu:508 - Load IP Config File for USB_HOST
2024-04-19 17:41:53,326 [INFO] LogOutputStream:77 - [STDOUT_REDIRECT] 
2024-04-19 17:41:54,945 [INFO] ProjectBuilder:4747 - Time for Generating toolchain IDE Files: 3357mS.
2024-04-19 17:41:54,946 [INFO] ProjectBuilder:2947 - Time for Copy CMSIS : 0mS.
2024-04-19 17:41:54,951 [INFO] ProjectBuilder:2947 - Time for Copy CMSIS : 0mS.
2024-04-19 18:30:40,439 [ERROR] LogOutputStream:75 - [STDERR_REDIRECT] 
